[0.000000] (-) TimerEvent: {}
[0.000188] (empty_package) JobQueued: {'identifier': 'empty_package', 'dependencies': OrderedDict()}
[0.000413] (filtered_pointcloud_pkg) JobQueued: {'identifier': 'filtered_pointcloud_pkg', 'dependencies': OrderedDict()}
[0.000504] (filterwheel) JobQueued: {'identifier': 'filterwheel', 'dependencies': OrderedDict()}
[0.000739] (liquidlens) JobQueued: {'identifier': 'liquidlens', 'dependencies': OrderedDict()}
[0.000772] (package_launcher) JobQueued: {'identifier': 'package_launcher', 'dependencies': OrderedDict()}
[0.000789] (velodyne_laserscan) JobQueued: {'identifier': 'velodyne_laserscan', 'dependencies': OrderedDict()}
[0.000804] (velodyne_msgs) JobQueued: {'identifier': 'velodyne_msgs', 'dependencies': OrderedDict()}
[0.000865] (velodyne_driver) JobQueued: {'identifier': 'velodyne_driver', 'dependencies': OrderedDict({'velodyne_msgs': '/home/dexter/ROS2/FilterCam/install/velodyne_msgs'})}
[0.000887] (velodyne_pointcloud) JobQueued: {'identifier': 'velodyne_pointcloud', 'dependencies': OrderedDict({'velodyne_msgs': '/home/dexter/ROS2/FilterCam/install/velodyne_msgs'})}
[0.000937] (velodyne) JobQueued: {'identifier': 'velodyne', 'dependencies': OrderedDict({'velodyne_laserscan': '/home/dexter/ROS2/FilterCam/install/velodyne_laserscan', 'velodyne_msgs': '/home/dexter/ROS2/FilterCam/install/velodyne_msgs', 'velodyne_driver': '/home/dexter/ROS2/FilterCam/install/velodyne_driver', 'velodyne_pointcloud': '/home/dexter/ROS2/FilterCam/install/velodyne_pointcloud'})}
[0.001020] (velodyne_msgs) JobStarted: {'identifier': 'velodyne_msgs'}
[0.005868] (velodyne_laserscan) JobStarted: {'identifier': 'velodyne_laserscan'}
[0.009276] (empty_package) JobStarted: {'identifier': 'empty_package'}
[0.013937] (filtered_pointcloud_pkg) JobStarted: {'identifier': 'filtered_pointcloud_pkg'}
[0.020061] (filterwheel) JobStarted: {'identifier': 'filterwheel'}
[0.024813] (liquidlens) JobStarted: {'identifier': 'liquidlens'}
[0.028921] (package_launcher) JobStarted: {'identifier': 'package_launcher'}
[0.034247] (velodyne_msgs) JobProgress: {'identifier': 'velodyne_msgs', 'progress': 'cmake'}
[0.034689] (velodyne_msgs) JobProgress: {'identifier': 'velodyne_msgs', 'progress': 'build'}
[0.035168] (velodyne_msgs) Command: {'cmd': ['/usr/bin/cmake', '--build', '/home/dexter/ROS2/FilterCam/build/velodyne_msgs', '--', '-j16', '-l16'], 'cwd': '/home/dexter/ROS2/FilterCam/build/velodyne_msgs', 'env': OrderedDict({'GJS_DEBUG_TOPICS': 'JS ERROR;JS LOG', 'LESSOPEN': '| /usr/bin/lesspipe %s', 'VSCODE_CWD': '/home/dexter', 'VSCODE_ESM_ENTRYPOINT': 'vs/workbench/api/node/extensionHostProcess', 'PLATFORMIO_CALLER': 'vscode', 'USER': 'dexter', 'SNAP_COMMON': '/var/snap/code/common', 'VSCODE_NLS_CONFIG': '{"userLocale":"en-us","osLocale":"en-us","resolvedLanguage":"en","defaultMessagesFile":"/snap/code/202/usr/share/code/resources/app/out/nls.messages.json","locale":"en-us","availableLanguages":{}}', 'FONTCONFIG_PATH': '/etc/fonts', 'GIO_MODULE_DIR': '/home/dexter/snap/code/common/.cache/gio-modules', 'VSCODE_HANDLES_UNCAUGHT_ERRORS': 'true', 'XDG_SESSION_TYPE': 'x11', 'GIT_ASKPASS': '/snap/code/202/usr/share/code/resources/app/extensions/git/dist/askpass.sh', 'GTK_EXE_PREFIX_VSCODE_SNAP_ORIG': '', 'GDK_BACKEND_VSCODE_SNAP_ORIG': '', 'SNAP_UID': '1000', 'CLUTTER_DISABLE_MIPMAPPED_TEXT': '1', 'SHLVL': '0', 'LD_LIBRARY_PATH': '/home/dexter/ROS2/FilterCam/install/velodyne_msgs/lib:/opt/ros/jazzy/opt/rviz_ogre_vendor/lib:/opt/ros/jazzy/lib/x86_64-linux-gnu:/opt/ros/jazzy/opt/gz_math_vendor/lib:/opt/ros/jazzy/opt/gz_utils_vendor/lib:/opt/ros/jazzy/opt/gz_cmake_vendor/lib:/opt/ros/jazzy/lib', 'HOME': '/home/dexter', 'CHROME_DESKTOP': 'code.desktop', 'SNAP_LIBRARY_PATH': '/var/lib/snapd/lib/gl:/var/lib/snapd/lib/gl32:/var/lib/snapd/void', 'LOCPATH_VSCODE_SNAP_ORIG': '', 'TERM_PROGRAM_VERSION': '1.102.3', 'DESKTOP_SESSION': 'ubuntu', 'SNAP_USER_DATA': '/home/dexter/snap/code/202', 'GTK_PATH': '/snap/code/202/usr/lib/x86_64-linux-gnu/gtk-3.0', 'NO_PROXY': '127.0.0.1', 'VSCODE_IPC_HOOK': '/run/user/1000/vscode-7cf15dc3-1.10-main.sock', 'XDG_DATA_HOME_VSCODE_SNAP_ORIG': '', 'GTK_IM_MODULE_FILE': '/home/dexter/snap/code/common/.cache/immodules/immodules.cache', 'GIO_LAUNCHED_DESKTOP_FILE': '/var/lib/snapd/desktop/applications/code_code.desktop', 'APPLICATION_INSIGHTS_NO_DIAGNOSTIC_CHANNEL': '1', 'ROS_PYTHON_VERSION': '3', 'GNOME_SHELL_SESSION_MODE': 'ubuntu', 'GTK_MODULES': 'gail:atk-bridge', 'GSETTINGS_SCHEMA_DIR_VSCODE_SNAP_ORIG': '', 'VSCODE_GIT_ASKPASS_MAIN': '/snap/code/202/usr/share/code/resources/app/extensions/git/dist/askpass-main.js', 'VSCODE_GIT_ASKPASS_NODE': '/snap/code/202/usr/share/code/code', 'PLATFORMIO_IDE': '3.3.4', 'MANAGERPID': '2696', 'PYDEVD_DISABLE_FILE_VALIDATION': '1', 'SYSTEMD_EXEC_PID': '3075', 'BUNDLED_DEBUGPY_PATH': '/home/dexter/.vscode/extensions/ms-python.debugpy-2025.10.0-linux-x64/bundled/libs/debugpy', 'GSM_SKIP_SSH_AGENT_WORKAROUND': 'true', 'DBUS_SESSION_BUS_ADDRESS': 'unix:path=/run/user/1000/bus', 'SNAP_REVISION': '202', 'COLORTERM': 'truecolor', 'GIO_LAUNCHED_DESKTOP_FILE_PID': '55129', 'VSCODE_CRASH_REPORTER_PROCESS_TYPE': 'extensionHost', 'DEBUGINFOD_URLS': 'https://debuginfod.ubuntu.com', 'VSCODE_L10N_BUNDLE_LOCATION': '', 'COLCON_PREFIX_PATH': '/home/dexter/ROS2/FilterCam/install', 'ROS_DISTRO': 'jazzy', 'LOGNAME': 'dexter', '_': '/usr/bin/colcon', 'SNAP_CONTEXT': 'XdP8oN_ehD1rouqLMtxIYSbH3yjS06B3kD9wxdCMlZkkw9yn038g', 'JOURNAL_STREAM': '9:20379', 'ROS_VERSION': '2', 'XDG_CONFIG_DIRS_VSCODE_SNAP_ORIG': '/etc/xdg/xdg-ubuntu:/etc/xdg', 'MEMORY_PRESSURE_WATCH': '/sys/fs/cgroup/user.slice/user-1000.slice/user@1000.service/session.slice/org.gnome.Shell@x11.service/memory.pressure', 'XDG_SESSION_CLASS': 'user', 'SNAP_VERSION': '488a1f23', 'APPLICATIONINSIGHTS_CONFIGURATION_CONTENT': '{}', 'XDG_DATA_DIRS_VSCODE_SNAP_ORIG': '/usr/share/ubuntu:/usr/share/gnome:/usr/local/share/:/usr/share/:/var/lib/snapd/desktop', 'USERNAME': 'dexter', 'TERM': 'xterm-256color', 'GNOME_DESKTOP_SESSION_ID': 'this-is-deprecated', 'SNAP_INSTANCE_NAME': 'code', 'WINDOWPATH': '2', 'PATH': '/opt/ros/jazzy/bin:/usr/local/sbin:/usr/local/bin:/usr/sbin:/usr/bin:/sbin:/bin:/usr/games:/usr/local/games:/snap/bin:/snap/bin:/home/dexter/.vscode/extensions/ms-python.debugpy-2025.10.0-linux-x64/bundled/scripts/noConfigScripts', 'SESSION_MANAGER': 'local/dexter-linux:@/tmp/.ICE-unix/3032,unix/dexter-linux:/tmp/.ICE-unix/3032', 'GTK_EXE_PREFIX': '/snap/code/202/usr', 'INVOCATION_ID': '3ca42a9ea7c44a66b229a92ad4b29da4', 'XDG_MENU_PREFIX': 'gnome-', 'BAMF_DESKTOP_FILE_HINT': '/var/lib/snapd/desktop/applications/code_code.desktop', 'SNAP_DATA': '/var/snap/code/202', 'XDG_RUNTIME_DIR': '/run/user/1000', 'GDK_BACKEND': 'x11', 'DISPLAY': ':1', 'LOCPATH': '/snap/code/202/usr/lib/locale', 'PLATFORMIO_PATH': '/home/dexter/.platformio/python3/bin:/usr/local/sbin:/usr/local/bin:/usr/sbin:/usr/bin:/sbin:/bin:/usr/games:/usr/local/games:/snap/bin:/snap/bin', 'VSCODE_DEBUGPY_ADAPTER_ENDPOINTS': '/home/dexter/.vscode/extensions/ms-python.debugpy-2025.10.0-linux-x64/.noConfigDebugAdapterEndpoints/endpoint-32e1a8706864c63c.txt', 'LANG': 'en_US.UTF-8', 'XDG_CURRENT_DESKTOP': 'Unity', 'GIO_MODULE_DIR_VSCODE_SNAP_ORIG': '', 'XDG_DATA_HOME': '/home/dexter/snap/code/202/.local/share', 'XMODIFIERS': '@im=ibus', 'XDG_SESSION_DESKTOP': 'ubuntu', 'XAUTHORITY': '/run/user/1000/gdm/Xauthority', 'LS_COLORS': '', 'VSCODE_GIT_IPC_HANDLE': '/run/user/1000/vscode-git-4c91d66d6d.sock', 'TERM_PROGRAM': 'vscode', 'SNAP_USER_COMMON': '/home/dexter/snap/code/common', 'SSH_AUTH_SOCK': '/run/user/1000/keyring/ssh', 'GSETTINGS_SCHEMA_DIR': '/home/dexter/snap/code/202/.local/share/glib-2.0/schemas', 'IDS_GENICAM_TL_64_HELPER_SOURCED': '1', 'SNAP_ARCH': 'amd64', 'AMENT_PREFIX_PATH': '/home/dexter/ROS2/FilterCam/install/velodyne_msgs:/home/dexter/ROS2/FilterCam/install/package_launcher:/home/dexter/ROS2/FilterCam/install/liquidlens:/home/dexter/ROS2/FilterCam/install/filterwheel:/home/dexter/ROS2/FilterCam/install/filtered_pointcloud_pkg:/home/dexter/ROS2/FilterCam/install/empty_package:/opt/ros/jazzy', 'SNAP_COOKIE': 'XdP8oN_ehD1rouqLMtxIYSbH3yjS06B3kD9wxdCMlZkkw9yn038g', 'ORIGINAL_XDG_CURRENT_DESKTOP': 'ubuntu:GNOME', 'SHELL': '/bin/bash', 'GDK_PIXBUF_MODULEDIR': '/snap/code/202/usr/lib/x86_64-linux-gnu/gdk-pixbuf-2.0/2.10.0/loaders', 'QT_ACCESSIBILITY': '1', 'ELECTRON_RUN_AS_NODE': '1', 'GDMSESSION': 'ubuntu', 'LESSCLOSE': '/usr/bin/lesspipe %s %s', 'GTK_PATH_VSCODE_SNAP_ORIG': '', 'SNAP_NAME': 'code', 'FONTCONFIG_FILE': '/etc/fonts/fonts.conf', 'GTK_IM_MODULE_FILE_VSCODE_SNAP_ORIG': '', 'GDK_PIXBUF_MODULE_FILE': '/home/dexter/snap/code/common/.cache/gdk-pixbuf-loaders.cache', 'GPG_AGENT_INFO': '/run/user/1000/gnupg/S.gpg-agent:0:1', 'GJS_DEBUG_OUTPUT': 'stderr', 'ROS_AUTOMATIC_DISCOVERY_RANGE': 'SUBNET', 'SNAP_LAUNCHER_ARCH_TRIPLET': 'x86_64-linux-gnu', 'VSCODE_GIT_ASKPASS_EXTRA_ARGS': '', 'QT_IM_MODULE': 'ibus', 'PWD': '/home/dexter/ROS2/FilterCam/build/velodyne_msgs', 'VSCODE_CLI': '1', 'LC_ALL': 'en_US.UTF-8', 'XDG_CONFIG_DIRS': '/etc/xdg/xdg-ubuntu:/etc/xdg', 'SNAP_REAL_HOME': '/home/dexter', 'VSCODE_CODE_CACHE_PATH': '/home/dexter/.config/Code/CachedData/488a1f239235055e34e673291fb8d8c810886f81', 'XDG_DATA_DIRS': '/home/dexter/snap/code/202/.local/share:/home/dexter/snap/code/202:/snap/code/202/usr/share:/usr/share/ubuntu:/usr/share/gnome:/usr/local/share/:/usr/share/:/var/lib/snapd/desktop', 'SNAP_EUID': '1000', 'PYTHONPATH': '/home/dexter/ROS2/FilterCam/install/velodyne_msgs/lib/python3.12/site-packages:/home/dexter/ROS2/FilterCam/build/package_launcher:/home/dexter/ROS2/FilterCam/install/package_launcher/lib/python3.12/site-packages:/home/dexter/ROS2/FilterCam/build/liquidlens:/home/dexter/ROS2/FilterCam/install/liquidlens/lib/python3.12/site-packages:/home/dexter/ROS2/FilterCam/build/filterwheel:/home/dexter/ROS2/FilterCam/install/filterwheel/lib/python3.12/site-packages:/home/dexter/ROS2/FilterCam/build/filtered_pointcloud_pkg:/home/dexter/ROS2/FilterCam/install/filtered_pointcloud_pkg/lib/python3.12/site-packages:/home/dexter/ROS2/FilterCam/build/empty_package:/home/dexter/ROS2/FilterCam/install/empty_package/lib/python3.12/site-packages:/opt/ros/jazzy/lib/python3.12/site-packages', 'SNAP': '/snap/code/202', 'COLCON': '1', 'MEMORY_PRESSURE_WRITE': 'c29tZSAyMDAwMDAgMjAwMDAwMAA=', 'GENICAM_GENTL64_PATH': '/usr/lib/ids/cti', 'ELECTRON_NO_ATTACH_CONSOLE': '1', 'CMAKE_PREFIX_PATH': '/home/dexter/ROS2/FilterCam/install/velodyne_msgs:/opt/ros/jazzy/opt/gz_math_vendor:/opt/ros/jazzy/opt/gz_utils_vendor:/opt/ros/jazzy/opt/gz_cmake_vendor:/home/dexter/ROS2/FilterCam/install/package_launcher:/home/dexter/ROS2/FilterCam/install/liquidlens:/home/dexter/ROS2/FilterCam/install/filterwheel:/home/dexter/ROS2/FilterCam/install/filtered_pointcloud_pkg:/home/dexter/ROS2/FilterCam/install/empty_package:/opt/ros/jazzy', 'VSCODE_PID': '55182'}), 'shell': False}
[0.037348] (velodyne_laserscan) JobProgress: {'identifier': 'velodyne_laserscan', 'progress': 'cmake'}
[0.037817] (velodyne_laserscan) JobProgress: {'identifier': 'velodyne_laserscan', 'progress': 'build'}
[0.038252] (velodyne_laserscan) Command: {'cmd': ['/usr/bin/cmake', '--build', '/home/dexter/ROS2/FilterCam/build/velodyne_laserscan', '--', '-j16', '-l16'], 'cwd': '/home/dexter/ROS2/FilterCam/build/velodyne_laserscan', 'env': OrderedDict({'GJS_DEBUG_TOPICS': 'JS ERROR;JS LOG', 'LESSOPEN': '| /usr/bin/lesspipe %s', 'VSCODE_CWD': '/home/dexter', 'VSCODE_ESM_ENTRYPOINT': 'vs/workbench/api/node/extensionHostProcess', 'PLATFORMIO_CALLER': 'vscode', 'USER': 'dexter', 'SNAP_COMMON': '/var/snap/code/common', 'VSCODE_NLS_CONFIG': '{"userLocale":"en-us","osLocale":"en-us","resolvedLanguage":"en","defaultMessagesFile":"/snap/code/202/usr/share/code/resources/app/out/nls.messages.json","locale":"en-us","availableLanguages":{}}', 'FONTCONFIG_PATH': '/etc/fonts', 'GIO_MODULE_DIR': '/home/dexter/snap/code/common/.cache/gio-modules', 'VSCODE_HANDLES_UNCAUGHT_ERRORS': 'true', 'XDG_SESSION_TYPE': 'x11', 'GIT_ASKPASS': '/snap/code/202/usr/share/code/resources/app/extensions/git/dist/askpass.sh', 'GTK_EXE_PREFIX_VSCODE_SNAP_ORIG': '', 'GDK_BACKEND_VSCODE_SNAP_ORIG': '', 'SNAP_UID': '1000', 'CLUTTER_DISABLE_MIPMAPPED_TEXT': '1', 'SHLVL': '0', 'LD_LIBRARY_PATH': '/home/dexter/ROS2/FilterCam/install/velodyne_msgs/lib:/opt/ros/jazzy/opt/rviz_ogre_vendor/lib:/opt/ros/jazzy/lib/x86_64-linux-gnu:/opt/ros/jazzy/opt/gz_math_vendor/lib:/opt/ros/jazzy/opt/gz_utils_vendor/lib:/opt/ros/jazzy/opt/gz_cmake_vendor/lib:/opt/ros/jazzy/lib', 'HOME': '/home/dexter', 'CHROME_DESKTOP': 'code.desktop', 'SNAP_LIBRARY_PATH': '/var/lib/snapd/lib/gl:/var/lib/snapd/lib/gl32:/var/lib/snapd/void', 'LOCPATH_VSCODE_SNAP_ORIG': '', 'TERM_PROGRAM_VERSION': '1.102.3', 'DESKTOP_SESSION': 'ubuntu', 'SNAP_USER_DATA': '/home/dexter/snap/code/202', 'GTK_PATH': '/snap/code/202/usr/lib/x86_64-linux-gnu/gtk-3.0', 'NO_PROXY': '127.0.0.1', 'VSCODE_IPC_HOOK': '/run/user/1000/vscode-7cf15dc3-1.10-main.sock', 'XDG_DATA_HOME_VSCODE_SNAP_ORIG': '', 'GTK_IM_MODULE_FILE': '/home/dexter/snap/code/common/.cache/immodules/immodules.cache', 'GIO_LAUNCHED_DESKTOP_FILE': '/var/lib/snapd/desktop/applications/code_code.desktop', 'APPLICATION_INSIGHTS_NO_DIAGNOSTIC_CHANNEL': '1', 'ROS_PYTHON_VERSION': '3', 'GNOME_SHELL_SESSION_MODE': 'ubuntu', 'GTK_MODULES': 'gail:atk-bridge', 'GSETTINGS_SCHEMA_DIR_VSCODE_SNAP_ORIG': '', 'VSCODE_GIT_ASKPASS_MAIN': '/snap/code/202/usr/share/code/resources/app/extensions/git/dist/askpass-main.js', 'VSCODE_GIT_ASKPASS_NODE': '/snap/code/202/usr/share/code/code', 'PLATFORMIO_IDE': '3.3.4', 'MANAGERPID': '2696', 'PYDEVD_DISABLE_FILE_VALIDATION': '1', 'SYSTEMD_EXEC_PID': '3075', 'BUNDLED_DEBUGPY_PATH': '/home/dexter/.vscode/extensions/ms-python.debugpy-2025.10.0-linux-x64/bundled/libs/debugpy', 'GSM_SKIP_SSH_AGENT_WORKAROUND': 'true', 'DBUS_SESSION_BUS_ADDRESS': 'unix:path=/run/user/1000/bus', 'SNAP_REVISION': '202', 'COLORTERM': 'truecolor', 'GIO_LAUNCHED_DESKTOP_FILE_PID': '55129', 'VSCODE_CRASH_REPORTER_PROCESS_TYPE': 'extensionHost', 'DEBUGINFOD_URLS': 'https://debuginfod.ubuntu.com', 'VSCODE_L10N_BUNDLE_LOCATION': '', 'COLCON_PREFIX_PATH': '/home/dexter/ROS2/FilterCam/install', 'ROS_DISTRO': 'jazzy', 'LOGNAME': 'dexter', '_': '/usr/bin/colcon', 'SNAP_CONTEXT': 'XdP8oN_ehD1rouqLMtxIYSbH3yjS06B3kD9wxdCMlZkkw9yn038g', 'JOURNAL_STREAM': '9:20379', 'ROS_VERSION': '2', 'XDG_CONFIG_DIRS_VSCODE_SNAP_ORIG': '/etc/xdg/xdg-ubuntu:/etc/xdg', 'MEMORY_PRESSURE_WATCH': '/sys/fs/cgroup/user.slice/user-1000.slice/user@1000.service/session.slice/org.gnome.Shell@x11.service/memory.pressure', 'XDG_SESSION_CLASS': 'user', 'SNAP_VERSION': '488a1f23', 'APPLICATIONINSIGHTS_CONFIGURATION_CONTENT': '{}', 'XDG_DATA_DIRS_VSCODE_SNAP_ORIG': '/usr/share/ubuntu:/usr/share/gnome:/usr/local/share/:/usr/share/:/var/lib/snapd/desktop', 'USERNAME': 'dexter', 'TERM': 'xterm-256color', 'GNOME_DESKTOP_SESSION_ID': 'this-is-deprecated', 'SNAP_INSTANCE_NAME': 'code', 'WINDOWPATH': '2', 'PATH': '/opt/ros/jazzy/bin:/usr/local/sbin:/usr/local/bin:/usr/sbin:/usr/bin:/sbin:/bin:/usr/games:/usr/local/games:/snap/bin:/snap/bin:/home/dexter/.vscode/extensions/ms-python.debugpy-2025.10.0-linux-x64/bundled/scripts/noConfigScripts', 'SESSION_MANAGER': 'local/dexter-linux:@/tmp/.ICE-unix/3032,unix/dexter-linux:/tmp/.ICE-unix/3032', 'GTK_EXE_PREFIX': '/snap/code/202/usr', 'INVOCATION_ID': '3ca42a9ea7c44a66b229a92ad4b29da4', 'XDG_MENU_PREFIX': 'gnome-', 'BAMF_DESKTOP_FILE_HINT': '/var/lib/snapd/desktop/applications/code_code.desktop', 'SNAP_DATA': '/var/snap/code/202', 'XDG_RUNTIME_DIR': '/run/user/1000', 'GDK_BACKEND': 'x11', 'DISPLAY': ':1', 'LOCPATH': '/snap/code/202/usr/lib/locale', 'PLATFORMIO_PATH': '/home/dexter/.platformio/python3/bin:/usr/local/sbin:/usr/local/bin:/usr/sbin:/usr/bin:/sbin:/bin:/usr/games:/usr/local/games:/snap/bin:/snap/bin', 'VSCODE_DEBUGPY_ADAPTER_ENDPOINTS': '/home/dexter/.vscode/extensions/ms-python.debugpy-2025.10.0-linux-x64/.noConfigDebugAdapterEndpoints/endpoint-32e1a8706864c63c.txt', 'LANG': 'en_US.UTF-8', 'XDG_CURRENT_DESKTOP': 'Unity', 'GIO_MODULE_DIR_VSCODE_SNAP_ORIG': '', 'XDG_DATA_HOME': '/home/dexter/snap/code/202/.local/share', 'XMODIFIERS': '@im=ibus', 'XDG_SESSION_DESKTOP': 'ubuntu', 'XAUTHORITY': '/run/user/1000/gdm/Xauthority', 'LS_COLORS': '', 'VSCODE_GIT_IPC_HANDLE': '/run/user/1000/vscode-git-4c91d66d6d.sock', 'TERM_PROGRAM': 'vscode', 'SNAP_USER_COMMON': '/home/dexter/snap/code/common', 'SSH_AUTH_SOCK': '/run/user/1000/keyring/ssh', 'GSETTINGS_SCHEMA_DIR': '/home/dexter/snap/code/202/.local/share/glib-2.0/schemas', 'IDS_GENICAM_TL_64_HELPER_SOURCED': '1', 'SNAP_ARCH': 'amd64', 'AMENT_PREFIX_PATH': '/home/dexter/ROS2/FilterCam/install/velodyne_msgs:/home/dexter/ROS2/FilterCam/install/package_launcher:/home/dexter/ROS2/FilterCam/install/liquidlens:/home/dexter/ROS2/FilterCam/install/filterwheel:/home/dexter/ROS2/FilterCam/install/filtered_pointcloud_pkg:/home/dexter/ROS2/FilterCam/install/empty_package:/opt/ros/jazzy', 'SNAP_COOKIE': 'XdP8oN_ehD1rouqLMtxIYSbH3yjS06B3kD9wxdCMlZkkw9yn038g', 'ORIGINAL_XDG_CURRENT_DESKTOP': 'ubuntu:GNOME', 'SHELL': '/bin/bash', 'GDK_PIXBUF_MODULEDIR': '/snap/code/202/usr/lib/x86_64-linux-gnu/gdk-pixbuf-2.0/2.10.0/loaders', 'QT_ACCESSIBILITY': '1', 'ELECTRON_RUN_AS_NODE': '1', 'GDMSESSION': 'ubuntu', 'LESSCLOSE': '/usr/bin/lesspipe %s %s', 'GTK_PATH_VSCODE_SNAP_ORIG': '', 'SNAP_NAME': 'code', 'FONTCONFIG_FILE': '/etc/fonts/fonts.conf', 'GTK_IM_MODULE_FILE_VSCODE_SNAP_ORIG': '', 'GDK_PIXBUF_MODULE_FILE': '/home/dexter/snap/code/common/.cache/gdk-pixbuf-loaders.cache', 'GPG_AGENT_INFO': '/run/user/1000/gnupg/S.gpg-agent:0:1', 'GJS_DEBUG_OUTPUT': 'stderr', 'ROS_AUTOMATIC_DISCOVERY_RANGE': 'SUBNET', 'SNAP_LAUNCHER_ARCH_TRIPLET': 'x86_64-linux-gnu', 'VSCODE_GIT_ASKPASS_EXTRA_ARGS': '', 'QT_IM_MODULE': 'ibus', 'PWD': '/home/dexter/ROS2/FilterCam/build/velodyne_laserscan', 'VSCODE_CLI': '1', 'LC_ALL': 'en_US.UTF-8', 'XDG_CONFIG_DIRS': '/etc/xdg/xdg-ubuntu:/etc/xdg', 'SNAP_REAL_HOME': '/home/dexter', 'VSCODE_CODE_CACHE_PATH': '/home/dexter/.config/Code/CachedData/488a1f239235055e34e673291fb8d8c810886f81', 'XDG_DATA_DIRS': '/home/dexter/snap/code/202/.local/share:/home/dexter/snap/code/202:/snap/code/202/usr/share:/usr/share/ubuntu:/usr/share/gnome:/usr/local/share/:/usr/share/:/var/lib/snapd/desktop', 'SNAP_EUID': '1000', 'PYTHONPATH': '/home/dexter/ROS2/FilterCam/install/velodyne_msgs/lib/python3.12/site-packages:/home/dexter/ROS2/FilterCam/build/package_launcher:/home/dexter/ROS2/FilterCam/install/package_launcher/lib/python3.12/site-packages:/home/dexter/ROS2/FilterCam/build/liquidlens:/home/dexter/ROS2/FilterCam/install/liquidlens/lib/python3.12/site-packages:/home/dexter/ROS2/FilterCam/build/filterwheel:/home/dexter/ROS2/FilterCam/install/filterwheel/lib/python3.12/site-packages:/home/dexter/ROS2/FilterCam/build/filtered_pointcloud_pkg:/home/dexter/ROS2/FilterCam/install/filtered_pointcloud_pkg/lib/python3.12/site-packages:/home/dexter/ROS2/FilterCam/build/empty_package:/home/dexter/ROS2/FilterCam/install/empty_package/lib/python3.12/site-packages:/opt/ros/jazzy/lib/python3.12/site-packages', 'SNAP': '/snap/code/202', 'COLCON': '1', 'MEMORY_PRESSURE_WRITE': 'c29tZSAyMDAwMDAgMjAwMDAwMAA=', 'GENICAM_GENTL64_PATH': '/usr/lib/ids/cti', 'ELECTRON_NO_ATTACH_CONSOLE': '1', 'CMAKE_PREFIX_PATH': '/home/dexter/ROS2/FilterCam/install/velodyne_msgs:/opt/ros/jazzy/opt/gz_math_vendor:/opt/ros/jazzy/opt/gz_utils_vendor:/opt/ros/jazzy/opt/gz_cmake_vendor:/home/dexter/ROS2/FilterCam/install/package_launcher:/home/dexter/ROS2/FilterCam/install/liquidlens:/home/dexter/ROS2/FilterCam/install/filterwheel:/home/dexter/ROS2/FilterCam/install/filtered_pointcloud_pkg:/home/dexter/ROS2/FilterCam/install/empty_package:/opt/ros/jazzy', 'VSCODE_PID': '55182'}), 'shell': False}
[0.099859] (-) TimerEvent: {}
[0.200111] (-) TimerEvent: {}
[0.300367] (-) TimerEvent: {}
[0.400612] (-) TimerEvent: {}
[0.500832] (-) TimerEvent: {}
[0.601051] (-) TimerEvent: {}
[0.701276] (-) TimerEvent: {}
[0.788224] (velodyne_msgs) StdoutLine: {'line': b'[  2%] Built target velodyne_msgs__rosidl_generator_type_description\n'}
[0.788759] (velodyne_msgs) StdoutLine: {'line': b'[  2%] Built target ament_cmake_python_symlink_velodyne_msgs\n'}
[0.788865] (velodyne_msgs) StdoutLine: {'line': b'[  4%] Built target velodyne_msgs__cpp\n'}
[0.788957] (velodyne_msgs) StdoutLine: {'line': b'[ 22%] Built target velodyne_msgs__rosidl_generator_c\n'}
[0.789043] (velodyne_msgs) StdoutLine: {'line': b'[ 31%] Built target velodyne_msgs__rosidl_typesupport_introspection_c\n'}
[0.789419] (velodyne_msgs) StdoutLine: {'line': b'[ 40%] Built target velodyne_msgs__rosidl_typesupport_cpp\n'}
[0.790018] (velodyne_msgs) StdoutLine: {'line': b'[ 50%] Built target velodyne_msgs__rosidl_typesupport_c\n'}
[0.790159] (velodyne_msgs) StdoutLine: {'line': b'[ 59%] Built target velodyne_msgs__rosidl_typesupport_introspection_cpp\n'}
[0.790308] (velodyne_msgs) StdoutLine: {'line': b'[ 68%] Built target velodyne_msgs__rosidl_typesupport_fastrtps_c\n'}
[0.790474] (velodyne_msgs) StdoutLine: {'line': b'[ 77%] Built target velodyne_msgs__rosidl_typesupport_fastrtps_cpp\n'}
[0.790747] (velodyne_msgs) StdoutLine: {'line': b'[ 77%] Built target velodyne_msgs\n'}
[0.790900] (velodyne_msgs) StdoutLine: {'line': b'[ 79%] Built target velodyne_msgs__py\n'}
[0.790994] (velodyne_msgs) StdoutLine: {'line': b'[ 86%] Built target velodyne_msgs__rosidl_generator_py\n'}
[0.791074] (velodyne_msgs) StdoutLine: {'line': b'[ 90%] Built target velodyne_msgs_s__rosidl_typesupport_c\n'}
[0.791164] (velodyne_msgs) StdoutLine: {'line': b'[ 95%] Built target velodyne_msgs_s__rosidl_typesupport_introspection_c\n'}
[0.791244] (velodyne_msgs) StdoutLine: {'line': b'[100%] Built target velodyne_msgs_s__rosidl_typesupport_fastrtps_c\n'}
[0.791321] (velodyne_msgs) StdoutLine: {'line': b'running egg_info\n'}
[0.791395] (velodyne_msgs) StdoutLine: {'line': b'writing velodyne_msgs.egg-info/PKG-INFO\n'}
[0.791469] (velodyne_msgs) StdoutLine: {'line': b'writing dependency_links to velodyne_msgs.egg-info/dependency_links.txt\n'}
[0.791540] (velodyne_msgs) StdoutLine: {'line': b'writing top-level names to velodyne_msgs.egg-info/top_level.txt\n'}
[0.791610] (velodyne_msgs) StdoutLine: {'line': b"reading manifest file 'velodyne_msgs.egg-info/SOURCES.txt'\n"}
[0.791682] (velodyne_msgs) StdoutLine: {'line': b"writing manifest file 'velodyne_msgs.egg-info/SOURCES.txt'\n"}
[0.791749] (velodyne_msgs) StdoutLine: {'line': b'[100%] Built target ament_cmake_python_build_velodyne_msgs_egg\n'}
[0.791819] (velodyne_laserscan) StdoutLine: {'line': b'[ 50%] Built target velodyne_laserscan\n'}
[0.791913] (velodyne_laserscan) StdoutLine: {'line': b'[100%] Built target velodyne_laserscan_node\n'}
[0.791991] (velodyne_msgs) CommandEnded: {'returncode': 0}
[0.792303] (velodyne_msgs) JobProgress: {'identifier': 'velodyne_msgs', 'progress': 'install'}
[0.798958] (velodyne_msgs) Command: {'cmd': ['/usr/bin/cmake', '--install', '/home/dexter/ROS2/FilterCam/build/velodyne_msgs'], 'cwd': '/home/dexter/ROS2/FilterCam/build/velodyne_msgs', 'env': OrderedDict({'GJS_DEBUG_TOPICS': 'JS ERROR;JS LOG', 'LESSOPEN': '| /usr/bin/lesspipe %s', 'VSCODE_CWD': '/home/dexter', 'VSCODE_ESM_ENTRYPOINT': 'vs/workbench/api/node/extensionHostProcess', 'PLATFORMIO_CALLER': 'vscode', 'USER': 'dexter', 'SNAP_COMMON': '/var/snap/code/common', 'VSCODE_NLS_CONFIG': '{"userLocale":"en-us","osLocale":"en-us","resolvedLanguage":"en","defaultMessagesFile":"/snap/code/202/usr/share/code/resources/app/out/nls.messages.json","locale":"en-us","availableLanguages":{}}', 'FONTCONFIG_PATH': '/etc/fonts', 'GIO_MODULE_DIR': '/home/dexter/snap/code/common/.cache/gio-modules', 'VSCODE_HANDLES_UNCAUGHT_ERRORS': 'true', 'XDG_SESSION_TYPE': 'x11', 'GIT_ASKPASS': '/snap/code/202/usr/share/code/resources/app/extensions/git/dist/askpass.sh', 'GTK_EXE_PREFIX_VSCODE_SNAP_ORIG': '', 'GDK_BACKEND_VSCODE_SNAP_ORIG': '', 'SNAP_UID': '1000', 'CLUTTER_DISABLE_MIPMAPPED_TEXT': '1', 'SHLVL': '0', 'LD_LIBRARY_PATH': '/home/dexter/ROS2/FilterCam/install/velodyne_msgs/lib:/opt/ros/jazzy/opt/rviz_ogre_vendor/lib:/opt/ros/jazzy/lib/x86_64-linux-gnu:/opt/ros/jazzy/opt/gz_math_vendor/lib:/opt/ros/jazzy/opt/gz_utils_vendor/lib:/opt/ros/jazzy/opt/gz_cmake_vendor/lib:/opt/ros/jazzy/lib', 'HOME': '/home/dexter', 'CHROME_DESKTOP': 'code.desktop', 'SNAP_LIBRARY_PATH': '/var/lib/snapd/lib/gl:/var/lib/snapd/lib/gl32:/var/lib/snapd/void', 'LOCPATH_VSCODE_SNAP_ORIG': '', 'TERM_PROGRAM_VERSION': '1.102.3', 'DESKTOP_SESSION': 'ubuntu', 'SNAP_USER_DATA': '/home/dexter/snap/code/202', 'GTK_PATH': '/snap/code/202/usr/lib/x86_64-linux-gnu/gtk-3.0', 'NO_PROXY': '127.0.0.1', 'VSCODE_IPC_HOOK': '/run/user/1000/vscode-7cf15dc3-1.10-main.sock', 'XDG_DATA_HOME_VSCODE_SNAP_ORIG': '', 'GTK_IM_MODULE_FILE': '/home/dexter/snap/code/common/.cache/immodules/immodules.cache', 'GIO_LAUNCHED_DESKTOP_FILE': '/var/lib/snapd/desktop/applications/code_code.desktop', 'APPLICATION_INSIGHTS_NO_DIAGNOSTIC_CHANNEL': '1', 'ROS_PYTHON_VERSION': '3', 'GNOME_SHELL_SESSION_MODE': 'ubuntu', 'GTK_MODULES': 'gail:atk-bridge', 'GSETTINGS_SCHEMA_DIR_VSCODE_SNAP_ORIG': '', 'VSCODE_GIT_ASKPASS_MAIN': '/snap/code/202/usr/share/code/resources/app/extensions/git/dist/askpass-main.js', 'VSCODE_GIT_ASKPASS_NODE': '/snap/code/202/usr/share/code/code', 'PLATFORMIO_IDE': '3.3.4', 'MANAGERPID': '2696', 'PYDEVD_DISABLE_FILE_VALIDATION': '1', 'SYSTEMD_EXEC_PID': '3075', 'BUNDLED_DEBUGPY_PATH': '/home/dexter/.vscode/extensions/ms-python.debugpy-2025.10.0-linux-x64/bundled/libs/debugpy', 'GSM_SKIP_SSH_AGENT_WORKAROUND': 'true', 'DBUS_SESSION_BUS_ADDRESS': 'unix:path=/run/user/1000/bus', 'SNAP_REVISION': '202', 'COLORTERM': 'truecolor', 'GIO_LAUNCHED_DESKTOP_FILE_PID': '55129', 'VSCODE_CRASH_REPORTER_PROCESS_TYPE': 'extensionHost', 'DEBUGINFOD_URLS': 'https://debuginfod.ubuntu.com', 'VSCODE_L10N_BUNDLE_LOCATION': '', 'COLCON_PREFIX_PATH': '/home/dexter/ROS2/FilterCam/install', 'ROS_DISTRO': 'jazzy', 'LOGNAME': 'dexter', '_': '/usr/bin/colcon', 'SNAP_CONTEXT': 'XdP8oN_ehD1rouqLMtxIYSbH3yjS06B3kD9wxdCMlZkkw9yn038g', 'JOURNAL_STREAM': '9:20379', 'ROS_VERSION': '2', 'XDG_CONFIG_DIRS_VSCODE_SNAP_ORIG': '/etc/xdg/xdg-ubuntu:/etc/xdg', 'MEMORY_PRESSURE_WATCH': '/sys/fs/cgroup/user.slice/user-1000.slice/user@1000.service/session.slice/org.gnome.Shell@x11.service/memory.pressure', 'XDG_SESSION_CLASS': 'user', 'SNAP_VERSION': '488a1f23', 'APPLICATIONINSIGHTS_CONFIGURATION_CONTENT': '{}', 'XDG_DATA_DIRS_VSCODE_SNAP_ORIG': '/usr/share/ubuntu:/usr/share/gnome:/usr/local/share/:/usr/share/:/var/lib/snapd/desktop', 'USERNAME': 'dexter', 'TERM': 'xterm-256color', 'GNOME_DESKTOP_SESSION_ID': 'this-is-deprecated', 'SNAP_INSTANCE_NAME': 'code', 'WINDOWPATH': '2', 'PATH': '/opt/ros/jazzy/bin:/usr/local/sbin:/usr/local/bin:/usr/sbin:/usr/bin:/sbin:/bin:/usr/games:/usr/local/games:/snap/bin:/snap/bin:/home/dexter/.vscode/extensions/ms-python.debugpy-2025.10.0-linux-x64/bundled/scripts/noConfigScripts', 'SESSION_MANAGER': 'local/dexter-linux:@/tmp/.ICE-unix/3032,unix/dexter-linux:/tmp/.ICE-unix/3032', 'GTK_EXE_PREFIX': '/snap/code/202/usr', 'INVOCATION_ID': '3ca42a9ea7c44a66b229a92ad4b29da4', 'XDG_MENU_PREFIX': 'gnome-', 'BAMF_DESKTOP_FILE_HINT': '/var/lib/snapd/desktop/applications/code_code.desktop', 'SNAP_DATA': '/var/snap/code/202', 'XDG_RUNTIME_DIR': '/run/user/1000', 'GDK_BACKEND': 'x11', 'DISPLAY': ':1', 'LOCPATH': '/snap/code/202/usr/lib/locale', 'PLATFORMIO_PATH': '/home/dexter/.platformio/python3/bin:/usr/local/sbin:/usr/local/bin:/usr/sbin:/usr/bin:/sbin:/bin:/usr/games:/usr/local/games:/snap/bin:/snap/bin', 'VSCODE_DEBUGPY_ADAPTER_ENDPOINTS': '/home/dexter/.vscode/extensions/ms-python.debugpy-2025.10.0-linux-x64/.noConfigDebugAdapterEndpoints/endpoint-32e1a8706864c63c.txt', 'LANG': 'en_US.UTF-8', 'XDG_CURRENT_DESKTOP': 'Unity', 'GIO_MODULE_DIR_VSCODE_SNAP_ORIG': '', 'XDG_DATA_HOME': '/home/dexter/snap/code/202/.local/share', 'XMODIFIERS': '@im=ibus', 'XDG_SESSION_DESKTOP': 'ubuntu', 'XAUTHORITY': '/run/user/1000/gdm/Xauthority', 'LS_COLORS': '', 'VSCODE_GIT_IPC_HANDLE': '/run/user/1000/vscode-git-4c91d66d6d.sock', 'TERM_PROGRAM': 'vscode', 'SNAP_USER_COMMON': '/home/dexter/snap/code/common', 'SSH_AUTH_SOCK': '/run/user/1000/keyring/ssh', 'GSETTINGS_SCHEMA_DIR': '/home/dexter/snap/code/202/.local/share/glib-2.0/schemas', 'IDS_GENICAM_TL_64_HELPER_SOURCED': '1', 'SNAP_ARCH': 'amd64', 'AMENT_PREFIX_PATH': '/home/dexter/ROS2/FilterCam/install/velodyne_msgs:/home/dexter/ROS2/FilterCam/install/package_launcher:/home/dexter/ROS2/FilterCam/install/liquidlens:/home/dexter/ROS2/FilterCam/install/filterwheel:/home/dexter/ROS2/FilterCam/install/filtered_pointcloud_pkg:/home/dexter/ROS2/FilterCam/install/empty_package:/opt/ros/jazzy', 'SNAP_COOKIE': 'XdP8oN_ehD1rouqLMtxIYSbH3yjS06B3kD9wxdCMlZkkw9yn038g', 'ORIGINAL_XDG_CURRENT_DESKTOP': 'ubuntu:GNOME', 'SHELL': '/bin/bash', 'GDK_PIXBUF_MODULEDIR': '/snap/code/202/usr/lib/x86_64-linux-gnu/gdk-pixbuf-2.0/2.10.0/loaders', 'QT_ACCESSIBILITY': '1', 'ELECTRON_RUN_AS_NODE': '1', 'GDMSESSION': 'ubuntu', 'LESSCLOSE': '/usr/bin/lesspipe %s %s', 'GTK_PATH_VSCODE_SNAP_ORIG': '', 'SNAP_NAME': 'code', 'FONTCONFIG_FILE': '/etc/fonts/fonts.conf', 'GTK_IM_MODULE_FILE_VSCODE_SNAP_ORIG': '', 'GDK_PIXBUF_MODULE_FILE': '/home/dexter/snap/code/common/.cache/gdk-pixbuf-loaders.cache', 'GPG_AGENT_INFO': '/run/user/1000/gnupg/S.gpg-agent:0:1', 'GJS_DEBUG_OUTPUT': 'stderr', 'ROS_AUTOMATIC_DISCOVERY_RANGE': 'SUBNET', 'SNAP_LAUNCHER_ARCH_TRIPLET': 'x86_64-linux-gnu', 'VSCODE_GIT_ASKPASS_EXTRA_ARGS': '', 'QT_IM_MODULE': 'ibus', 'PWD': '/home/dexter/ROS2/FilterCam/build/velodyne_msgs', 'VSCODE_CLI': '1', 'LC_ALL': 'en_US.UTF-8', 'XDG_CONFIG_DIRS': '/etc/xdg/xdg-ubuntu:/etc/xdg', 'SNAP_REAL_HOME': '/home/dexter', 'VSCODE_CODE_CACHE_PATH': '/home/dexter/.config/Code/CachedData/488a1f239235055e34e673291fb8d8c810886f81', 'XDG_DATA_DIRS': '/home/dexter/snap/code/202/.local/share:/home/dexter/snap/code/202:/snap/code/202/usr/share:/usr/share/ubuntu:/usr/share/gnome:/usr/local/share/:/usr/share/:/var/lib/snapd/desktop', 'SNAP_EUID': '1000', 'PYTHONPATH': '/home/dexter/ROS2/FilterCam/install/velodyne_msgs/lib/python3.12/site-packages:/home/dexter/ROS2/FilterCam/build/package_launcher:/home/dexter/ROS2/FilterCam/install/package_launcher/lib/python3.12/site-packages:/home/dexter/ROS2/FilterCam/build/liquidlens:/home/dexter/ROS2/FilterCam/install/liquidlens/lib/python3.12/site-packages:/home/dexter/ROS2/FilterCam/build/filterwheel:/home/dexter/ROS2/FilterCam/install/filterwheel/lib/python3.12/site-packages:/home/dexter/ROS2/FilterCam/build/filtered_pointcloud_pkg:/home/dexter/ROS2/FilterCam/install/filtered_pointcloud_pkg/lib/python3.12/site-packages:/home/dexter/ROS2/FilterCam/build/empty_package:/home/dexter/ROS2/FilterCam/install/empty_package/lib/python3.12/site-packages:/opt/ros/jazzy/lib/python3.12/site-packages', 'SNAP': '/snap/code/202', 'COLCON': '1', 'MEMORY_PRESSURE_WRITE': 'c29tZSAyMDAwMDAgMjAwMDAwMAA=', 'GENICAM_GENTL64_PATH': '/usr/lib/ids/cti', 'ELECTRON_NO_ATTACH_CONSOLE': '1', 'CMAKE_PREFIX_PATH': '/home/dexter/ROS2/FilterCam/install/velodyne_msgs:/opt/ros/jazzy/opt/gz_math_vendor:/opt/ros/jazzy/opt/gz_utils_vendor:/opt/ros/jazzy/opt/gz_cmake_vendor:/home/dexter/ROS2/FilterCam/install/package_launcher:/home/dexter/ROS2/FilterCam/install/liquidlens:/home/dexter/ROS2/FilterCam/install/filterwheel:/home/dexter/ROS2/FilterCam/install/filtered_pointcloud_pkg:/home/dexter/ROS2/FilterCam/install/empty_package:/opt/ros/jazzy', 'VSCODE_PID': '55182'}), 'shell': False}
[0.799859] (velodyne_laserscan) CommandEnded: {'returncode': 0}
[0.800376] (velodyne_laserscan) JobProgress: {'identifier': 'velodyne_laserscan', 'progress': 'install'}
[0.800536] (velodyne_laserscan) Command: {'cmd': ['/usr/bin/cmake', '--install', '/home/dexter/ROS2/FilterCam/build/velodyne_laserscan'], 'cwd': '/home/dexter/ROS2/FilterCam/build/velodyne_laserscan', 'env': OrderedDict({'GJS_DEBUG_TOPICS': 'JS ERROR;JS LOG', 'LESSOPEN': '| /usr/bin/lesspipe %s', 'VSCODE_CWD': '/home/dexter', 'VSCODE_ESM_ENTRYPOINT': 'vs/workbench/api/node/extensionHostProcess', 'PLATFORMIO_CALLER': 'vscode', 'USER': 'dexter', 'SNAP_COMMON': '/var/snap/code/common', 'VSCODE_NLS_CONFIG': '{"userLocale":"en-us","osLocale":"en-us","resolvedLanguage":"en","defaultMessagesFile":"/snap/code/202/usr/share/code/resources/app/out/nls.messages.json","locale":"en-us","availableLanguages":{}}', 'FONTCONFIG_PATH': '/etc/fonts', 'GIO_MODULE_DIR': '/home/dexter/snap/code/common/.cache/gio-modules', 'VSCODE_HANDLES_UNCAUGHT_ERRORS': 'true', 'XDG_SESSION_TYPE': 'x11', 'GIT_ASKPASS': '/snap/code/202/usr/share/code/resources/app/extensions/git/dist/askpass.sh', 'GTK_EXE_PREFIX_VSCODE_SNAP_ORIG': '', 'GDK_BACKEND_VSCODE_SNAP_ORIG': '', 'SNAP_UID': '1000', 'CLUTTER_DISABLE_MIPMAPPED_TEXT': '1', 'SHLVL': '0', 'LD_LIBRARY_PATH': '/home/dexter/ROS2/FilterCam/install/velodyne_msgs/lib:/opt/ros/jazzy/opt/rviz_ogre_vendor/lib:/opt/ros/jazzy/lib/x86_64-linux-gnu:/opt/ros/jazzy/opt/gz_math_vendor/lib:/opt/ros/jazzy/opt/gz_utils_vendor/lib:/opt/ros/jazzy/opt/gz_cmake_vendor/lib:/opt/ros/jazzy/lib', 'HOME': '/home/dexter', 'CHROME_DESKTOP': 'code.desktop', 'SNAP_LIBRARY_PATH': '/var/lib/snapd/lib/gl:/var/lib/snapd/lib/gl32:/var/lib/snapd/void', 'LOCPATH_VSCODE_SNAP_ORIG': '', 'TERM_PROGRAM_VERSION': '1.102.3', 'DESKTOP_SESSION': 'ubuntu', 'SNAP_USER_DATA': '/home/dexter/snap/code/202', 'GTK_PATH': '/snap/code/202/usr/lib/x86_64-linux-gnu/gtk-3.0', 'NO_PROXY': '127.0.0.1', 'VSCODE_IPC_HOOK': '/run/user/1000/vscode-7cf15dc3-1.10-main.sock', 'XDG_DATA_HOME_VSCODE_SNAP_ORIG': '', 'GTK_IM_MODULE_FILE': '/home/dexter/snap/code/common/.cache/immodules/immodules.cache', 'GIO_LAUNCHED_DESKTOP_FILE': '/var/lib/snapd/desktop/applications/code_code.desktop', 'APPLICATION_INSIGHTS_NO_DIAGNOSTIC_CHANNEL': '1', 'ROS_PYTHON_VERSION': '3', 'GNOME_SHELL_SESSION_MODE': 'ubuntu', 'GTK_MODULES': 'gail:atk-bridge', 'GSETTINGS_SCHEMA_DIR_VSCODE_SNAP_ORIG': '', 'VSCODE_GIT_ASKPASS_MAIN': '/snap/code/202/usr/share/code/resources/app/extensions/git/dist/askpass-main.js', 'VSCODE_GIT_ASKPASS_NODE': '/snap/code/202/usr/share/code/code', 'PLATFORMIO_IDE': '3.3.4', 'MANAGERPID': '2696', 'PYDEVD_DISABLE_FILE_VALIDATION': '1', 'SYSTEMD_EXEC_PID': '3075', 'BUNDLED_DEBUGPY_PATH': '/home/dexter/.vscode/extensions/ms-python.debugpy-2025.10.0-linux-x64/bundled/libs/debugpy', 'GSM_SKIP_SSH_AGENT_WORKAROUND': 'true', 'DBUS_SESSION_BUS_ADDRESS': 'unix:path=/run/user/1000/bus', 'SNAP_REVISION': '202', 'COLORTERM': 'truecolor', 'GIO_LAUNCHED_DESKTOP_FILE_PID': '55129', 'VSCODE_CRASH_REPORTER_PROCESS_TYPE': 'extensionHost', 'DEBUGINFOD_URLS': 'https://debuginfod.ubuntu.com', 'VSCODE_L10N_BUNDLE_LOCATION': '', 'COLCON_PREFIX_PATH': '/home/dexter/ROS2/FilterCam/install', 'ROS_DISTRO': 'jazzy', 'LOGNAME': 'dexter', '_': '/usr/bin/colcon', 'SNAP_CONTEXT': 'XdP8oN_ehD1rouqLMtxIYSbH3yjS06B3kD9wxdCMlZkkw9yn038g', 'JOURNAL_STREAM': '9:20379', 'ROS_VERSION': '2', 'XDG_CONFIG_DIRS_VSCODE_SNAP_ORIG': '/etc/xdg/xdg-ubuntu:/etc/xdg', 'MEMORY_PRESSURE_WATCH': '/sys/fs/cgroup/user.slice/user-1000.slice/user@1000.service/session.slice/org.gnome.Shell@x11.service/memory.pressure', 'XDG_SESSION_CLASS': 'user', 'SNAP_VERSION': '488a1f23', 'APPLICATIONINSIGHTS_CONFIGURATION_CONTENT': '{}', 'XDG_DATA_DIRS_VSCODE_SNAP_ORIG': '/usr/share/ubuntu:/usr/share/gnome:/usr/local/share/:/usr/share/:/var/lib/snapd/desktop', 'USERNAME': 'dexter', 'TERM': 'xterm-256color', 'GNOME_DESKTOP_SESSION_ID': 'this-is-deprecated', 'SNAP_INSTANCE_NAME': 'code', 'WINDOWPATH': '2', 'PATH': '/opt/ros/jazzy/bin:/usr/local/sbin:/usr/local/bin:/usr/sbin:/usr/bin:/sbin:/bin:/usr/games:/usr/local/games:/snap/bin:/snap/bin:/home/dexter/.vscode/extensions/ms-python.debugpy-2025.10.0-linux-x64/bundled/scripts/noConfigScripts', 'SESSION_MANAGER': 'local/dexter-linux:@/tmp/.ICE-unix/3032,unix/dexter-linux:/tmp/.ICE-unix/3032', 'GTK_EXE_PREFIX': '/snap/code/202/usr', 'INVOCATION_ID': '3ca42a9ea7c44a66b229a92ad4b29da4', 'XDG_MENU_PREFIX': 'gnome-', 'BAMF_DESKTOP_FILE_HINT': '/var/lib/snapd/desktop/applications/code_code.desktop', 'SNAP_DATA': '/var/snap/code/202', 'XDG_RUNTIME_DIR': '/run/user/1000', 'GDK_BACKEND': 'x11', 'DISPLAY': ':1', 'LOCPATH': '/snap/code/202/usr/lib/locale', 'PLATFORMIO_PATH': '/home/dexter/.platformio/python3/bin:/usr/local/sbin:/usr/local/bin:/usr/sbin:/usr/bin:/sbin:/bin:/usr/games:/usr/local/games:/snap/bin:/snap/bin', 'VSCODE_DEBUGPY_ADAPTER_ENDPOINTS': '/home/dexter/.vscode/extensions/ms-python.debugpy-2025.10.0-linux-x64/.noConfigDebugAdapterEndpoints/endpoint-32e1a8706864c63c.txt', 'LANG': 'en_US.UTF-8', 'XDG_CURRENT_DESKTOP': 'Unity', 'GIO_MODULE_DIR_VSCODE_SNAP_ORIG': '', 'XDG_DATA_HOME': '/home/dexter/snap/code/202/.local/share', 'XMODIFIERS': '@im=ibus', 'XDG_SESSION_DESKTOP': 'ubuntu', 'XAUTHORITY': '/run/user/1000/gdm/Xauthority', 'LS_COLORS': '', 'VSCODE_GIT_IPC_HANDLE': '/run/user/1000/vscode-git-4c91d66d6d.sock', 'TERM_PROGRAM': 'vscode', 'SNAP_USER_COMMON': '/home/dexter/snap/code/common', 'SSH_AUTH_SOCK': '/run/user/1000/keyring/ssh', 'GSETTINGS_SCHEMA_DIR': '/home/dexter/snap/code/202/.local/share/glib-2.0/schemas', 'IDS_GENICAM_TL_64_HELPER_SOURCED': '1', 'SNAP_ARCH': 'amd64', 'AMENT_PREFIX_PATH': '/home/dexter/ROS2/FilterCam/install/velodyne_msgs:/home/dexter/ROS2/FilterCam/install/package_launcher:/home/dexter/ROS2/FilterCam/install/liquidlens:/home/dexter/ROS2/FilterCam/install/filterwheel:/home/dexter/ROS2/FilterCam/install/filtered_pointcloud_pkg:/home/dexter/ROS2/FilterCam/install/empty_package:/opt/ros/jazzy', 'SNAP_COOKIE': 'XdP8oN_ehD1rouqLMtxIYSbH3yjS06B3kD9wxdCMlZkkw9yn038g', 'ORIGINAL_XDG_CURRENT_DESKTOP': 'ubuntu:GNOME', 'SHELL': '/bin/bash', 'GDK_PIXBUF_MODULEDIR': '/snap/code/202/usr/lib/x86_64-linux-gnu/gdk-pixbuf-2.0/2.10.0/loaders', 'QT_ACCESSIBILITY': '1', 'ELECTRON_RUN_AS_NODE': '1', 'GDMSESSION': 'ubuntu', 'LESSCLOSE': '/usr/bin/lesspipe %s %s', 'GTK_PATH_VSCODE_SNAP_ORIG': '', 'SNAP_NAME': 'code', 'FONTCONFIG_FILE': '/etc/fonts/fonts.conf', 'GTK_IM_MODULE_FILE_VSCODE_SNAP_ORIG': '', 'GDK_PIXBUF_MODULE_FILE': '/home/dexter/snap/code/common/.cache/gdk-pixbuf-loaders.cache', 'GPG_AGENT_INFO': '/run/user/1000/gnupg/S.gpg-agent:0:1', 'GJS_DEBUG_OUTPUT': 'stderr', 'ROS_AUTOMATIC_DISCOVERY_RANGE': 'SUBNET', 'SNAP_LAUNCHER_ARCH_TRIPLET': 'x86_64-linux-gnu', 'VSCODE_GIT_ASKPASS_EXTRA_ARGS': '', 'QT_IM_MODULE': 'ibus', 'PWD': '/home/dexter/ROS2/FilterCam/build/velodyne_laserscan', 'VSCODE_CLI': '1', 'LC_ALL': 'en_US.UTF-8', 'XDG_CONFIG_DIRS': '/etc/xdg/xdg-ubuntu:/etc/xdg', 'SNAP_REAL_HOME': '/home/dexter', 'VSCODE_CODE_CACHE_PATH': '/home/dexter/.config/Code/CachedData/488a1f239235055e34e673291fb8d8c810886f81', 'XDG_DATA_DIRS': '/home/dexter/snap/code/202/.local/share:/home/dexter/snap/code/202:/snap/code/202/usr/share:/usr/share/ubuntu:/usr/share/gnome:/usr/local/share/:/usr/share/:/var/lib/snapd/desktop', 'SNAP_EUID': '1000', 'PYTHONPATH': '/home/dexter/ROS2/FilterCam/install/velodyne_msgs/lib/python3.12/site-packages:/home/dexter/ROS2/FilterCam/build/package_launcher:/home/dexter/ROS2/FilterCam/install/package_launcher/lib/python3.12/site-packages:/home/dexter/ROS2/FilterCam/build/liquidlens:/home/dexter/ROS2/FilterCam/install/liquidlens/lib/python3.12/site-packages:/home/dexter/ROS2/FilterCam/build/filterwheel:/home/dexter/ROS2/FilterCam/install/filterwheel/lib/python3.12/site-packages:/home/dexter/ROS2/FilterCam/build/filtered_pointcloud_pkg:/home/dexter/ROS2/FilterCam/install/filtered_pointcloud_pkg/lib/python3.12/site-packages:/home/dexter/ROS2/FilterCam/build/empty_package:/home/dexter/ROS2/FilterCam/install/empty_package/lib/python3.12/site-packages:/opt/ros/jazzy/lib/python3.12/site-packages', 'SNAP': '/snap/code/202', 'COLCON': '1', 'MEMORY_PRESSURE_WRITE': 'c29tZSAyMDAwMDAgMjAwMDAwMAA=', 'GENICAM_GENTL64_PATH': '/usr/lib/ids/cti', 'ELECTRON_NO_ATTACH_CONSOLE': '1', 'CMAKE_PREFIX_PATH': '/home/dexter/ROS2/FilterCam/install/velodyne_msgs:/opt/ros/jazzy/opt/gz_math_vendor:/opt/ros/jazzy/opt/gz_utils_vendor:/opt/ros/jazzy/opt/gz_cmake_vendor:/home/dexter/ROS2/FilterCam/install/package_launcher:/home/dexter/ROS2/FilterCam/install/liquidlens:/home/dexter/ROS2/FilterCam/install/filterwheel:/home/dexter/ROS2/FilterCam/install/filtered_pointcloud_pkg:/home/dexter/ROS2/FilterCam/install/empty_package:/opt/ros/jazzy', 'VSCODE_PID': '55182'}), 'shell': False}
[0.801304] (-) TimerEvent: {}
[0.901498] (-) TimerEvent: {}
[0.995683] (velodyne_laserscan) StdoutLine: {'line': b'-- Install configuration: "Debug"\n'}
[0.996315] (velodyne_laserscan) StdoutLine: {'line': b'-- Execute custom install script\n'}
[0.996411] (velodyne_laserscan) StdoutLine: {'line': b'-- Symlinking: /home/dexter/ROS2/FilterCam/install/velodyne_laserscan/lib/velodyne_laserscan/velodyne_laserscan_node\n'}
[0.996586] (velodyne_laserscan) StdoutLine: {'line': b'-- Symlinking: /home/dexter/ROS2/FilterCam/install/velodyne_laserscan/include/velodyne_laserscan/velodyne_laserscan.hpp\n'}
[0.997106] (velodyne_laserscan) StdoutLine: {'line': b'-- Symlinking: /home/dexter/ROS2/FilterCam/install/velodyne_laserscan/share/velodyne_laserscan/config/default-velodyne_laserscan_node-params.yaml\n'}
[0.997199] (velodyne_laserscan) StdoutLine: {'line': b'-- Symlinking: /home/dexter/ROS2/FilterCam/install/velodyne_laserscan/share/velodyne_laserscan/launch/velodyne_laserscan_node-composed-launch.py\n'}
[0.997310] (velodyne_laserscan) StdoutLine: {'line': b'-- Symlinking: /home/dexter/ROS2/FilterCam/install/velodyne_laserscan/share/velodyne_laserscan/launch/velodyne_laserscan_node-launch.py\n'}
[0.997531] (velodyne_laserscan) StdoutLine: {'line': b'-- Symlinking: /home/dexter/ROS2/FilterCam/install/velodyne_laserscan/share/ament_index/resource_index/package_run_dependencies/velodyne_laserscan\n'}
[0.997702] (velodyne_laserscan) StdoutLine: {'line': b'-- Symlinking: /home/dexter/ROS2/FilterCam/install/velodyne_laserscan/share/ament_index/resource_index/parent_prefix_path/velodyne_laserscan\n'}
[0.997815] (velodyne_laserscan) StdoutLine: {'line': b'-- Symlinking: /home/dexter/ROS2/FilterCam/install/velodyne_laserscan/share/velodyne_laserscan/environment/ament_prefix_path.sh\n'}
[0.998374] (velodyne_laserscan) StdoutLine: {'line': b'-- Symlinking: /home/dexter/ROS2/FilterCam/install/velodyne_laserscan/share/velodyne_laserscan/environment/ament_prefix_path.dsv\n'}
[0.998463] (velodyne_laserscan) StdoutLine: {'line': b'-- Symlinking: /home/dexter/ROS2/FilterCam/install/velodyne_laserscan/share/velodyne_laserscan/environment/path.sh\n'}
[0.998534] (velodyne_laserscan) StdoutLine: {'line': b'-- Symlinking: /home/dexter/ROS2/FilterCam/install/velodyne_laserscan/share/velodyne_laserscan/environment/path.dsv\n'}
[0.998598] (velodyne_laserscan) StdoutLine: {'line': b'-- Symlinking: /home/dexter/ROS2/FilterCam/install/velodyne_laserscan/share/velodyne_laserscan/local_setup.bash\n'}
[0.998665] (velodyne_laserscan) StdoutLine: {'line': b'-- Symlinking: /home/dexter/ROS2/FilterCam/install/velodyne_laserscan/share/velodyne_laserscan/local_setup.sh\n'}
[0.998732] (velodyne_laserscan) StdoutLine: {'line': b'-- Symlinking: /home/dexter/ROS2/FilterCam/install/velodyne_laserscan/share/velodyne_laserscan/local_setup.zsh\n'}
[0.998798] (velodyne_laserscan) StdoutLine: {'line': b'-- Symlinking: /home/dexter/ROS2/FilterCam/install/velodyne_laserscan/share/velodyne_laserscan/local_setup.dsv\n'}
[0.998858] (velodyne_laserscan) StdoutLine: {'line': b'-- Symlinking: /home/dexter/ROS2/FilterCam/install/velodyne_laserscan/share/velodyne_laserscan/package.dsv\n'}
[0.998921] (velodyne_laserscan) StdoutLine: {'line': b'-- Symlinking: /home/dexter/ROS2/FilterCam/install/velodyne_laserscan/share/ament_index/resource_index/packages/velodyne_laserscan\n'}
[0.998983] (velodyne_laserscan) StdoutLine: {'line': b'-- Symlinking: /home/dexter/ROS2/FilterCam/install/velodyne_laserscan/share/ament_index/resource_index/rclcpp_components/velodyne_laserscan\n'}
[0.999054] (velodyne_laserscan) StdoutLine: {'line': b'-- Symlinking: /home/dexter/ROS2/FilterCam/install/velodyne_laserscan/share/velodyne_laserscan/cmake/ament_cmake_export_include_directories-extras.cmake\n'}
[0.999122] (velodyne_laserscan) StdoutLine: {'line': b'-- Symlinking: /home/dexter/ROS2/FilterCam/install/velodyne_laserscan/share/velodyne_laserscan/cmake/ament_cmake_export_targets-extras.cmake\n'}
[0.999201] (velodyne_laserscan) StdoutLine: {'line': b'-- Symlinking: /home/dexter/ROS2/FilterCam/install/velodyne_laserscan/share/velodyne_laserscan/cmake/ament_cmake_export_dependencies-extras.cmake\n'}
[0.999268] (velodyne_laserscan) StdoutLine: {'line': b'-- Symlinking: /home/dexter/ROS2/FilterCam/install/velodyne_laserscan/share/velodyne_laserscan/cmake/velodyne_laserscanConfig.cmake\n'}
[0.999331] (velodyne_laserscan) StdoutLine: {'line': b'-- Symlinking: /home/dexter/ROS2/FilterCam/install/velodyne_laserscan/share/velodyne_laserscan/cmake/velodyne_laserscanConfig-version.cmake\n'}
[0.999395] (velodyne_laserscan) StdoutLine: {'line': b'-- Symlinking: /home/dexter/ROS2/FilterCam/install/velodyne_laserscan/share/velodyne_laserscan/package.xml\n'}
[0.999460] (velodyne_laserscan) StdoutLine: {'line': b'-- Installing: /home/dexter/ROS2/FilterCam/install/velodyne_laserscan/lib/libvelodyne_laserscan.so\n'}
[0.999524] (velodyne_msgs) StdoutLine: {'line': b'-- Install configuration: "Debug"\n'}
[0.999592] (velodyne_msgs) StdoutLine: {'line': b'-- Execute custom install script\n'}
[0.999648] (velodyne_msgs) StdoutLine: {'line': b'-- Up-to-date symlink: /home/dexter/ROS2/FilterCam/install/velodyne_msgs/share/ament_index/resource_index/rosidl_interfaces/velodyne_msgs\n'}
[0.999712] (velodyne_msgs) StdoutLine: {'line': b'-- Up-to-date symlink: /home/dexter/ROS2/FilterCam/install/velodyne_msgs/share/velodyne_msgs/msg/VelodynePacket.json\n'}
[0.999769] (velodyne_msgs) StdoutLine: {'line': b'-- Up-to-date symlink: /home/dexter/ROS2/FilterCam/install/velodyne_msgs/share/velodyne_msgs/msg/VelodyneScan.json\n'}
[0.999826] (velodyne_msgs) StdoutLine: {'line': b'-- Up-to-date symlink: /home/dexter/ROS2/FilterCam/install/velodyne_msgs/include/velodyne_msgs/velodyne_msgs/msg/detail/velodyne_packet__functions.h\n'}
[0.999882] (velodyne_msgs) StdoutLine: {'line': b'-- Up-to-date symlink: /home/dexter/ROS2/FilterCam/install/velodyne_msgs/include/velodyne_msgs/velodyne_msgs/msg/detail/velodyne_packet__struct.h\n'}
[0.999946] (velodyne_msgs) StdoutLine: {'line': b'-- Up-to-date symlink: /home/dexter/ROS2/FilterCam/install/velodyne_msgs/include/velodyne_msgs/velodyne_msgs/msg/detail/velodyne_packet__type_support.h\n'}
[1.000004] (velodyne_msgs) StdoutLine: {'line': b'-- Up-to-date symlink: /home/dexter/ROS2/FilterCam/install/velodyne_msgs/include/velodyne_msgs/velodyne_msgs/msg/detail/velodyne_scan__functions.h\n'}
[1.000097] (velodyne_msgs) StdoutLine: {'line': b'-- Up-to-date symlink: /home/dexter/ROS2/FilterCam/install/velodyne_msgs/include/velodyne_msgs/velodyne_msgs/msg/detail/velodyne_scan__struct.h\n'}
[1.000182] (velodyne_msgs) StdoutLine: {'line': b'-- Up-to-date symlink: /home/dexter/ROS2/FilterCam/install/velodyne_msgs/include/velodyne_msgs/velodyne_msgs/msg/detail/velodyne_scan__type_support.h\n'}
[1.000243] (velodyne_msgs) StdoutLine: {'line': b'-- Up-to-date symlink: /home/dexter/ROS2/FilterCam/install/velodyne_msgs/include/velodyne_msgs/velodyne_msgs/msg/rosidl_generator_c__visibility_control.h\n'}
[1.000300] (velodyne_msgs) StdoutLine: {'line': b'-- Up-to-date symlink: /home/dexter/ROS2/FilterCam/install/velodyne_msgs/include/velodyne_msgs/velodyne_msgs/msg/velodyne_packet.h\n'}
[1.000355] (velodyne_msgs) StdoutLine: {'line': b'-- Up-to-date symlink: /home/dexter/ROS2/FilterCam/install/velodyne_msgs/include/velodyne_msgs/velodyne_msgs/msg/velodyne_scan.h\n'}
[1.000419] (velodyne_msgs) StdoutLine: {'line': b'-- Up-to-date symlink: /home/dexter/ROS2/FilterCam/install/velodyne_msgs/share/velodyne_msgs/environment/library_path.sh\n'}
[1.000475] (velodyne_msgs) StdoutLine: {'line': b'-- Up-to-date symlink: /home/dexter/ROS2/FilterCam/install/velodyne_msgs/share/velodyne_msgs/environment/library_path.dsv\n'}
[1.000530] (velodyne_msgs) StdoutLine: {'line': b'-- Up-to-date symlink: /home/dexter/ROS2/FilterCam/install/velodyne_msgs/include/velodyne_msgs/velodyne_msgs/msg/detail/velodyne_packet__rosidl_typesupport_fastrtps_c.h\n'}
[1.000585] (velodyne_msgs) StdoutLine: {'line': b'-- Up-to-date symlink: /home/dexter/ROS2/FilterCam/install/velodyne_msgs/include/velodyne_msgs/velodyne_msgs/msg/detail/velodyne_scan__rosidl_typesupport_fastrtps_c.h\n'}
[1.000648] (velodyne_msgs) StdoutLine: {'line': b'-- Up-to-date symlink: /home/dexter/ROS2/FilterCam/install/velodyne_msgs/include/velodyne_msgs/velodyne_msgs/msg/rosidl_typesupport_fastrtps_c__visibility_control.h\n'}
[1.000705] (velodyne_msgs) StdoutLine: {'line': b'-- Up-to-date symlink: /home/dexter/ROS2/FilterCam/install/velodyne_msgs/include/velodyne_msgs/velodyne_msgs/msg/detail/velodyne_packet__builder.hpp\n'}
[1.000766] (velodyne_msgs) StdoutLine: {'line': b'-- Up-to-date symlink: /home/dexter/ROS2/FilterCam/install/velodyne_msgs/include/velodyne_msgs/velodyne_msgs/msg/detail/velodyne_packet__struct.hpp\n'}
[1.000833] (velodyne_msgs) StdoutLine: {'line': b'-- Up-to-date symlink: /home/dexter/ROS2/FilterCam/install/velodyne_msgs/include/velodyne_msgs/velodyne_msgs/msg/detail/velodyne_packet__traits.hpp\n'}
[1.001179] (velodyne_msgs) StdoutLine: {'line': b'-- Up-to-date symlink: /home/dexter/ROS2/FilterCam/install/velodyne_msgs/include/velodyne_msgs/velodyne_msgs/msg/detail/velodyne_packet__type_support.hpp\n'}
[1.001251] (velodyne_msgs) StdoutLine: {'line': b'-- Up-to-date symlink: /home/dexter/ROS2/FilterCam/install/velodyne_msgs/include/velodyne_msgs/velodyne_msgs/msg/detail/velodyne_scan__builder.hpp\n'}
[1.001313] (velodyne_msgs) StdoutLine: {'line': b'-- Up-to-date symlink: /home/dexter/ROS2/FilterCam/install/velodyne_msgs/include/velodyne_msgs/velodyne_msgs/msg/detail/velodyne_scan__struct.hpp\n'}
[1.001377] (velodyne_msgs) StdoutLine: {'line': b'-- Up-to-date symlink: /home/dexter/ROS2/FilterCam/install/velodyne_msgs/include/velodyne_msgs/velodyne_msgs/msg/detail/velodyne_scan__traits.hpp\n'}
[1.001441] (velodyne_msgs) StdoutLine: {'line': b'-- Up-to-date symlink: /home/dexter/ROS2/FilterCam/install/velodyne_msgs/include/velodyne_msgs/velodyne_msgs/msg/detail/velodyne_scan__type_support.hpp\n'}
[1.001499] (-) TimerEvent: {}
[1.001580] (velodyne_msgs) StdoutLine: {'line': b'-- Up-to-date symlink: /home/dexter/ROS2/FilterCam/install/velodyne_msgs/include/velodyne_msgs/velodyne_msgs/msg/rosidl_generator_cpp__visibility_control.hpp\n'}
[1.001761] (velodyne_msgs) StdoutLine: {'line': b'-- Up-to-date symlink: /home/dexter/ROS2/FilterCam/install/velodyne_msgs/include/velodyne_msgs/velodyne_msgs/msg/velodyne_packet.hpp\n'}
[1.001832] (velodyne_msgs) StdoutLine: {'line': b'-- Up-to-date symlink: /home/dexter/ROS2/FilterCam/install/velodyne_msgs/include/velodyne_msgs/velodyne_msgs/msg/velodyne_scan.hpp\n'}
[1.001897] (velodyne_msgs) StdoutLine: {'line': b'-- Up-to-date symlink: /home/dexter/ROS2/FilterCam/install/velodyne_msgs/include/velodyne_msgs/velodyne_msgs/msg/detail/velodyne_packet__rosidl_typesupport_fastrtps_cpp.hpp\n'}
[1.001957] (velodyne_msgs) StdoutLine: {'line': b'-- Up-to-date symlink: /home/dexter/ROS2/FilterCam/install/velodyne_msgs/include/velodyne_msgs/velodyne_msgs/msg/detail/velodyne_scan__rosidl_typesupport_fastrtps_cpp.hpp\n'}
[1.002015] (velodyne_msgs) StdoutLine: {'line': b'-- Up-to-date symlink: /home/dexter/ROS2/FilterCam/install/velodyne_msgs/include/velodyne_msgs/velodyne_msgs/msg/rosidl_typesupport_fastrtps_cpp__visibility_control.h\n'}
[1.002230] (velodyne_msgs) StdoutLine: {'line': b'-- Up-to-date symlink: /home/dexter/ROS2/FilterCam/install/velodyne_msgs/include/velodyne_msgs/velodyne_msgs/msg/detail/velodyne_packet__rosidl_typesupport_introspection_c.h\n'}
[1.002293] (velodyne_msgs) StdoutLine: {'line': b'-- Up-to-date symlink: /home/dexter/ROS2/FilterCam/install/velodyne_msgs/include/velodyne_msgs/velodyne_msgs/msg/detail/velodyne_scan__rosidl_typesupport_introspection_c.h\n'}
[1.002388] (velodyne_msgs) StdoutLine: {'line': b'-- Up-to-date symlink: /home/dexter/ROS2/FilterCam/install/velodyne_msgs/include/velodyne_msgs/velodyne_msgs/msg/rosidl_typesupport_introspection_c__visibility_control.h\n'}
[1.002460] (velodyne_msgs) StdoutLine: {'line': b'-- Up-to-date symlink: /home/dexter/ROS2/FilterCam/install/velodyne_msgs/include/velodyne_msgs/velodyne_msgs/msg/detail/velodyne_packet__rosidl_typesupport_introspection_cpp.hpp\n'}
[1.002519] (velodyne_msgs) StdoutLine: {'line': b'-- Up-to-date symlink: /home/dexter/ROS2/FilterCam/install/velodyne_msgs/include/velodyne_msgs/velodyne_msgs/msg/detail/velodyne_scan__rosidl_typesupport_introspection_cpp.hpp\n'}
[1.002576] (velodyne_msgs) StdoutLine: {'line': b'-- Up-to-date symlink: /home/dexter/ROS2/FilterCam/install/velodyne_msgs/share/velodyne_msgs/environment/pythonpath.sh\n'}
[1.002640] (velodyne_msgs) StdoutLine: {'line': b'-- Up-to-date symlink: /home/dexter/ROS2/FilterCam/install/velodyne_msgs/share/velodyne_msgs/environment/pythonpath.dsv\n'}
[1.002697] (velodyne_msgs) StdoutLine: {'line': b'-- Up-to-date symlink: /home/dexter/ROS2/FilterCam/install/velodyne_msgs/lib/python3.12/site-packages/velodyne_msgs-2.5.1-py3.12.egg-info/PKG-INFO\n'}
[1.003129] (velodyne_msgs) StdoutLine: {'line': b'-- Up-to-date symlink: /home/dexter/ROS2/FilterCam/install/velodyne_msgs/lib/python3.12/site-packages/velodyne_msgs-2.5.1-py3.12.egg-info/SOURCES.txt\n'}
[1.003498] (velodyne_msgs) StdoutLine: {'line': b'-- Up-to-date symlink: /home/dexter/ROS2/FilterCam/install/velodyne_msgs/lib/python3.12/site-packages/velodyne_msgs-2.5.1-py3.12.egg-info/dependency_links.txt\n'}
[1.003838] (velodyne_msgs) StdoutLine: {'line': b'-- Up-to-date symlink: /home/dexter/ROS2/FilterCam/install/velodyne_msgs/lib/python3.12/site-packages/velodyne_msgs-2.5.1-py3.12.egg-info/top_level.txt\n'}
[1.004226] (velodyne_msgs) StdoutLine: {'line': b'-- Up-to-date symlink: /home/dexter/ROS2/FilterCam/install/velodyne_msgs/lib/python3.12/site-packages/velodyne_msgs/__init__.py\n'}
[1.004617] (velodyne_msgs) StdoutLine: {'line': b'-- Up-to-date symlink: /home/dexter/ROS2/FilterCam/install/velodyne_msgs/lib/python3.12/site-packages/velodyne_msgs/_velodyne_msgs_s.ep.rosidl_typesupport_c.c\n'}
[1.004909] (velodyne_msgs) StdoutLine: {'line': b'-- Up-to-date symlink: /home/dexter/ROS2/FilterCam/install/velodyne_msgs/lib/python3.12/site-packages/velodyne_msgs/_velodyne_msgs_s.ep.rosidl_typesupport_fastrtps_c.c\n'}
[1.005123] (velodyne_msgs) StdoutLine: {'line': b'-- Up-to-date symlink: /home/dexter/ROS2/FilterCam/install/velodyne_msgs/lib/python3.12/site-packages/velodyne_msgs/_velodyne_msgs_s.ep.rosidl_typesupport_introspection_c.c\n'}
[1.005550] (velodyne_msgs) StdoutLine: {'line': b'-- Up-to-date symlink: /home/dexter/ROS2/FilterCam/install/velodyne_msgs/lib/python3.12/site-packages/velodyne_msgs/msg/__init__.py\n'}
[1.005686] (velodyne_msgs) StdoutLine: {'line': b'-- Up-to-date symlink: /home/dexter/ROS2/FilterCam/install/velodyne_msgs/lib/python3.12/site-packages/velodyne_msgs/msg/_velodyne_packet.py\n'}
[1.006180] (velodyne_msgs) StdoutLine: {'line': b'-- Up-to-date symlink: /home/dexter/ROS2/FilterCam/install/velodyne_msgs/lib/python3.12/site-packages/velodyne_msgs/msg/_velodyne_packet_s.c\n'}
[1.006444] (velodyne_msgs) StdoutLine: {'line': b'-- Up-to-date symlink: /home/dexter/ROS2/FilterCam/install/velodyne_msgs/lib/python3.12/site-packages/velodyne_msgs/msg/_velodyne_scan.py\n'}
[1.007757] (velodyne_msgs) StdoutLine: {'line': b'-- Up-to-date symlink: /home/dexter/ROS2/FilterCam/install/velodyne_msgs/lib/python3.12/site-packages/velodyne_msgs/msg/_velodyne_scan_s.c\n'}
[1.007969] (velodyne_msgs) StdoutLine: {'line': b'-- Up-to-date symlink: /home/dexter/ROS2/FilterCam/install/velodyne_msgs/lib/python3.12/site-packages/velodyne_msgs/velodyne_msgs_s__rosidl_typesupport_c.so\n'}
[1.008327] (velodyne_msgs) StdoutLine: {'line': b'-- Up-to-date symlink: /home/dexter/ROS2/FilterCam/install/velodyne_msgs/lib/python3.12/site-packages/velodyne_msgs/velodyne_msgs_s__rosidl_typesupport_fastrtps_c.so\n'}
[1.008611] (velodyne_msgs) StdoutLine: {'line': b'-- Up-to-date symlink: /home/dexter/ROS2/FilterCam/install/velodyne_msgs/lib/python3.12/site-packages/velodyne_msgs/velodyne_msgs_s__rosidl_typesupport_introspection_c.so\n'}
[1.008915] (velodyne_msgs) StdoutLine: {'line': b'-- Up-to-date symlink: /home/dexter/ROS2/FilterCam/install/velodyne_msgs/lib/python3.12/site-packages/velodyne_msgs/velodyne_msgs_s__rosidl_typesupport_fastrtps_c.so\n'}
[1.009257] (velodyne_msgs) StdoutLine: {'line': b'-- Up-to-date symlink: /home/dexter/ROS2/FilterCam/install/velodyne_msgs/lib/python3.12/site-packages/velodyne_msgs/velodyne_msgs_s__rosidl_typesupport_introspection_c.so\n'}
[1.009631] (velodyne_msgs) StdoutLine: {'line': b'-- Up-to-date symlink: /home/dexter/ROS2/FilterCam/install/velodyne_msgs/lib/python3.12/site-packages/velodyne_msgs/velodyne_msgs_s__rosidl_typesupport_c.so\n'}
[1.009932] (velodyne_msgs) StdoutLine: {'line': b'-- Up-to-date symlink: /home/dexter/ROS2/FilterCam/install/velodyne_msgs/share/velodyne_msgs/msg/VelodynePacket.idl\n'}
[1.010131] (velodyne_msgs) StdoutLine: {'line': b'-- Up-to-date symlink: /home/dexter/ROS2/FilterCam/install/velodyne_msgs/share/velodyne_msgs/msg/VelodyneScan.idl\n'}
[1.010297] (velodyne_msgs) StdoutLine: {'line': b'-- Up-to-date symlink: /home/dexter/ROS2/FilterCam/install/velodyne_msgs/share/velodyne_msgs/msg/VelodynePacket.msg\n'}
[1.010370] (velodyne_msgs) StdoutLine: {'line': b'-- Up-to-date symlink: /home/dexter/ROS2/FilterCam/install/velodyne_msgs/share/velodyne_msgs/msg/VelodyneScan.msg\n'}
[1.010437] (velodyne_msgs) StdoutLine: {'line': b'-- Up-to-date symlink: /home/dexter/ROS2/FilterCam/install/velodyne_msgs/share/ament_index/resource_index/package_run_dependencies/velodyne_msgs\n'}
[1.010503] (velodyne_msgs) StdoutLine: {'line': b'-- Up-to-date symlink: /home/dexter/ROS2/FilterCam/install/velodyne_msgs/share/ament_index/resource_index/parent_prefix_path/velodyne_msgs\n'}
[1.010568] (velodyne_msgs) StdoutLine: {'line': b'-- Up-to-date symlink: /home/dexter/ROS2/FilterCam/install/velodyne_msgs/share/velodyne_msgs/environment/ament_prefix_path.sh\n'}
[1.010631] (velodyne_msgs) StdoutLine: {'line': b'-- Up-to-date symlink: /home/dexter/ROS2/FilterCam/install/velodyne_msgs/share/velodyne_msgs/environment/ament_prefix_path.dsv\n'}
[1.010696] (velodyne_msgs) StdoutLine: {'line': b'-- Up-to-date symlink: /home/dexter/ROS2/FilterCam/install/velodyne_msgs/share/velodyne_msgs/environment/path.sh\n'}
[1.010758] (velodyne_msgs) StdoutLine: {'line': b'-- Up-to-date symlink: /home/dexter/ROS2/FilterCam/install/velodyne_msgs/share/velodyne_msgs/environment/path.dsv\n'}
[1.010820] (velodyne_msgs) StdoutLine: {'line': b'-- Up-to-date symlink: /home/dexter/ROS2/FilterCam/install/velodyne_msgs/share/velodyne_msgs/local_setup.bash\n'}
[1.010885] (velodyne_msgs) StdoutLine: {'line': b'-- Up-to-date symlink: /home/dexter/ROS2/FilterCam/install/velodyne_msgs/share/velodyne_msgs/local_setup.sh\n'}
[1.010948] (velodyne_msgs) StdoutLine: {'line': b'-- Up-to-date symlink: /home/dexter/ROS2/FilterCam/install/velodyne_msgs/share/velodyne_msgs/local_setup.zsh\n'}
[1.011010] (velodyne_msgs) StdoutLine: {'line': b'-- Up-to-date symlink: /home/dexter/ROS2/FilterCam/install/velodyne_msgs/share/velodyne_msgs/local_setup.dsv\n'}
[1.011075] (velodyne_msgs) StdoutLine: {'line': b'-- Symlinking: /home/dexter/ROS2/FilterCam/install/velodyne_msgs/share/velodyne_msgs/package.dsv\n'}
[1.011136] (velodyne_msgs) StdoutLine: {'line': b'-- Up-to-date symlink: /home/dexter/ROS2/FilterCam/install/velodyne_msgs/share/ament_index/resource_index/packages/velodyne_msgs\n'}
[1.011216] (velodyne_msgs) StdoutLine: {'line': b'-- Up-to-date symlink: /home/dexter/ROS2/FilterCam/install/velodyne_msgs/share/velodyne_msgs/cmake/rosidl_cmake-extras.cmake\n'}
[1.011282] (velodyne_msgs) StdoutLine: {'line': b'-- Up-to-date symlink: /home/dexter/ROS2/FilterCam/install/velodyne_msgs/share/velodyne_msgs/cmake/ament_cmake_export_dependencies-extras.cmake\n'}
[1.011344] (velodyne_msgs) StdoutLine: {'line': b'-- Up-to-date symlink: /home/dexter/ROS2/FilterCam/install/velodyne_msgs/share/velodyne_msgs/cmake/ament_cmake_export_include_directories-extras.cmake\n'}
[1.011408] (velodyne_msgs) StdoutLine: {'line': b'-- Up-to-date symlink: /home/dexter/ROS2/FilterCam/install/velodyne_msgs/share/velodyne_msgs/cmake/ament_cmake_export_libraries-extras.cmake\n'}
[1.011641] (velodyne_msgs) StdoutLine: {'line': b'-- Up-to-date symlink: /home/dexter/ROS2/FilterCam/install/velodyne_msgs/share/velodyne_msgs/cmake/ament_cmake_export_targets-extras.cmake\n'}
[1.011710] (velodyne_msgs) StdoutLine: {'line': b'-- Up-to-date symlink: /home/dexter/ROS2/FilterCam/install/velodyne_msgs/share/velodyne_msgs/cmake/rosidl_cmake_export_typesupport_targets-extras.cmake\n'}
[1.011776] (velodyne_msgs) StdoutLine: {'line': b'-- Up-to-date symlink: /home/dexter/ROS2/FilterCam/install/velodyne_msgs/share/velodyne_msgs/cmake/rosidl_cmake_export_typesupport_libraries-extras.cmake\n'}
[1.011839] (velodyne_msgs) StdoutLine: {'line': b'-- Up-to-date symlink: /home/dexter/ROS2/FilterCam/install/velodyne_msgs/share/velodyne_msgs/cmake/velodyne_msgsConfig.cmake\n'}
[1.011929] (velodyne_msgs) StdoutLine: {'line': b'-- Up-to-date symlink: /home/dexter/ROS2/FilterCam/install/velodyne_msgs/share/velodyne_msgs/cmake/velodyne_msgsConfig-version.cmake\n'}
[1.011993] (velodyne_msgs) StdoutLine: {'line': b'-- Up-to-date symlink: /home/dexter/ROS2/FilterCam/install/velodyne_msgs/share/velodyne_msgs/package.xml\n'}
[1.012054] (velodyne_msgs) StdoutLine: {'line': b'-- Up-to-date: /home/dexter/ROS2/FilterCam/install/velodyne_msgs/lib/libvelodyne_msgs__rosidl_generator_c.so\n'}
[1.012116] (velodyne_msgs) StdoutLine: {'line': b'-- Up-to-date: /home/dexter/ROS2/FilterCam/install/velodyne_msgs/lib/libvelodyne_msgs__rosidl_typesupport_fastrtps_c.so\n'}
[1.012228] (velodyne_msgs) StdoutLine: {'line': b'-- Up-to-date: /home/dexter/ROS2/FilterCam/install/velodyne_msgs/lib/libvelodyne_msgs__rosidl_typesupport_fastrtps_cpp.so\n'}
[1.012290] (velodyne_msgs) StdoutLine: {'line': b'-- Up-to-date: /home/dexter/ROS2/FilterCam/install/velodyne_msgs/lib/libvelodyne_msgs__rosidl_typesupport_introspection_c.so\n'}
[1.012354] (velodyne_msgs) StdoutLine: {'line': b'-- Up-to-date: /home/dexter/ROS2/FilterCam/install/velodyne_msgs/lib/libvelodyne_msgs__rosidl_typesupport_c.so\n'}
[1.012440] (velodyne_msgs) StdoutLine: {'line': b'-- Up-to-date: /home/dexter/ROS2/FilterCam/install/velodyne_msgs/lib/libvelodyne_msgs__rosidl_typesupport_introspection_cpp.so\n'}
[1.012569] (velodyne_msgs) StdoutLine: {'line': b'-- Up-to-date: /home/dexter/ROS2/FilterCam/install/velodyne_msgs/lib/libvelodyne_msgs__rosidl_typesupport_cpp.so\n'}
[1.012641] (velodyne_msgs) StdoutLine: {'line': b"Listing '/home/dexter/ROS2/FilterCam/install/velodyne_msgs/lib/python3.12/site-packages/velodyne_msgs'...\n"}
[1.012702] (velodyne_msgs) StdoutLine: {'line': b"Listing '/home/dexter/ROS2/FilterCam/install/velodyne_msgs/lib/python3.12/site-packages/velodyne_msgs/msg'...\n"}
[1.012766] (velodyne_msgs) StdoutLine: {'line': b'-- Up-to-date: /home/dexter/ROS2/FilterCam/install/velodyne_msgs/lib/libvelodyne_msgs__rosidl_generator_py.so\n'}
[1.012828] (velodyne_msgs) StdoutLine: {'line': b'-- Up-to-date: /home/dexter/ROS2/FilterCam/install/velodyne_msgs/share/velodyne_msgs/cmake/export_velodyne_msgs__rosidl_generator_cExport.cmake\n'}
[1.012889] (velodyne_msgs) StdoutLine: {'line': b'-- Up-to-date: /home/dexter/ROS2/FilterCam/install/velodyne_msgs/share/velodyne_msgs/cmake/export_velodyne_msgs__rosidl_generator_cExport-debug.cmake\n'}
[1.012953] (velodyne_msgs) StdoutLine: {'line': b'-- Up-to-date: /home/dexter/ROS2/FilterCam/install/velodyne_msgs/share/velodyne_msgs/cmake/export_velodyne_msgs__rosidl_typesupport_fastrtps_cExport.cmake\n'}
[1.013012] (velodyne_msgs) StdoutLine: {'line': b'-- Up-to-date: /home/dexter/ROS2/FilterCam/install/velodyne_msgs/share/velodyne_msgs/cmake/export_velodyne_msgs__rosidl_typesupport_fastrtps_cExport-debug.cmake\n'}
[1.013074] (velodyne_msgs) StdoutLine: {'line': b'-- Up-to-date: /home/dexter/ROS2/FilterCam/install/velodyne_msgs/share/velodyne_msgs/cmake/export_velodyne_msgs__rosidl_generator_cppExport.cmake\n'}
[1.013135] (velodyne_msgs) StdoutLine: {'line': b'-- Up-to-date: /home/dexter/ROS2/FilterCam/install/velodyne_msgs/share/velodyne_msgs/cmake/export_velodyne_msgs__rosidl_typesupport_fastrtps_cppExport.cmake\n'}
[1.013214] (velodyne_msgs) StdoutLine: {'line': b'-- Up-to-date: /home/dexter/ROS2/FilterCam/install/velodyne_msgs/share/velodyne_msgs/cmake/export_velodyne_msgs__rosidl_typesupport_fastrtps_cppExport-debug.cmake\n'}
[1.013296] (velodyne_msgs) StdoutLine: {'line': b'-- Up-to-date: /home/dexter/ROS2/FilterCam/install/velodyne_msgs/share/velodyne_msgs/cmake/velodyne_msgs__rosidl_typesupport_introspection_cExport.cmake\n'}
[1.013473] (velodyne_msgs) StdoutLine: {'line': b'-- Up-to-date: /home/dexter/ROS2/FilterCam/install/velodyne_msgs/share/velodyne_msgs/cmake/velodyne_msgs__rosidl_typesupport_introspection_cExport-debug.cmake\n'}
[1.013537] (velodyne_msgs) StdoutLine: {'line': b'-- Up-to-date: /home/dexter/ROS2/FilterCam/install/velodyne_msgs/share/velodyne_msgs/cmake/velodyne_msgs__rosidl_typesupport_cExport.cmake\n'}
[1.013605] (velodyne_msgs) StdoutLine: {'line': b'-- Up-to-date: /home/dexter/ROS2/FilterCam/install/velodyne_msgs/share/velodyne_msgs/cmake/velodyne_msgs__rosidl_typesupport_cExport-debug.cmake\n'}
[1.013665] (velodyne_msgs) StdoutLine: {'line': b'-- Up-to-date: /home/dexter/ROS2/FilterCam/install/velodyne_msgs/share/velodyne_msgs/cmake/velodyne_msgs__rosidl_typesupport_introspection_cppExport.cmake\n'}
[1.013728] (velodyne_msgs) StdoutLine: {'line': b'-- Up-to-date: /home/dexter/ROS2/FilterCam/install/velodyne_msgs/share/velodyne_msgs/cmake/velodyne_msgs__rosidl_typesupport_introspection_cppExport-debug.cmake\n'}
[1.013790] (velodyne_msgs) StdoutLine: {'line': b'-- Up-to-date: /home/dexter/ROS2/FilterCam/install/velodyne_msgs/share/velodyne_msgs/cmake/velodyne_msgs__rosidl_typesupport_cppExport.cmake\n'}
[1.013859] (velodyne_msgs) StdoutLine: {'line': b'-- Up-to-date: /home/dexter/ROS2/FilterCam/install/velodyne_msgs/share/velodyne_msgs/cmake/velodyne_msgs__rosidl_typesupport_cppExport-debug.cmake\n'}
[1.013921] (velodyne_msgs) StdoutLine: {'line': b'-- Up-to-date: /home/dexter/ROS2/FilterCam/install/velodyne_msgs/share/velodyne_msgs/cmake/export_velodyne_msgs__rosidl_generator_pyExport.cmake\n'}
[1.013981] (velodyne_msgs) StdoutLine: {'line': b'-- Up-to-date: /home/dexter/ROS2/FilterCam/install/velodyne_msgs/share/velodyne_msgs/cmake/export_velodyne_msgs__rosidl_generator_pyExport-debug.cmake\n'}
[1.014040] (velodyne_laserscan) StdoutLine: {'line': b'-- Set non-toolchain portion of runtime path of "/home/dexter/ROS2/FilterCam/install/velodyne_laserscan/lib/libvelodyne_laserscan.so" to ""\n'}
[1.014106] (velodyne_laserscan) StdoutLine: {'line': b'-- Installing: /home/dexter/ROS2/FilterCam/install/velodyne_laserscan/share/velodyne_laserscan/cmake/velodyne_laserscanExport.cmake\n'}
[1.014279] (velodyne_laserscan) StdoutLine: {'line': b'-- Installing: /home/dexter/ROS2/FilterCam/install/velodyne_laserscan/share/velodyne_laserscan/cmake/velodyne_laserscanExport-debug.cmake\n'}
[1.014353] (velodyne_msgs) CommandEnded: {'returncode': 0}
[1.032716] (velodyne_msgs) JobEnded: {'identifier': 'velodyne_msgs', 'rc': 0}
[1.033367] (velodyne_laserscan) CommandEnded: {'returncode': 0}
[1.045998] (velodyne_laserscan) JobEnded: {'identifier': 'velodyne_laserscan', 'rc': 0}
[1.046809] (velodyne_driver) JobStarted: {'identifier': 'velodyne_driver'}
[1.049942] (velodyne_pointcloud) JobStarted: {'identifier': 'velodyne_pointcloud'}
[1.055113] (velodyne_driver) JobProgress: {'identifier': 'velodyne_driver', 'progress': 'cmake'}
[1.056091] (velodyne_driver) Command: {'cmd': ['/usr/bin/cmake', '/home/dexter/ROS2/FilterCam/src/velodyne/velodyne_driver', '-DCMAKE_BUILD_TYPE=Debug', '-DAMENT_CMAKE_SYMLINK_INSTALL=1', '-DCMAKE_INSTALL_PREFIX=/home/dexter/ROS2/FilterCam/install/velodyne_driver'], 'cwd': '/home/dexter/ROS2/FilterCam/build/velodyne_driver', 'env': OrderedDict({'GJS_DEBUG_TOPICS': 'JS ERROR;JS LOG', 'LESSOPEN': '| /usr/bin/lesspipe %s', 'VSCODE_CWD': '/home/dexter', 'VSCODE_ESM_ENTRYPOINT': 'vs/workbench/api/node/extensionHostProcess', 'PLATFORMIO_CALLER': 'vscode', 'USER': 'dexter', 'SNAP_COMMON': '/var/snap/code/common', 'VSCODE_NLS_CONFIG': '{"userLocale":"en-us","osLocale":"en-us","resolvedLanguage":"en","defaultMessagesFile":"/snap/code/202/usr/share/code/resources/app/out/nls.messages.json","locale":"en-us","availableLanguages":{}}', 'FONTCONFIG_PATH': '/etc/fonts', 'GIO_MODULE_DIR': '/home/dexter/snap/code/common/.cache/gio-modules', 'VSCODE_HANDLES_UNCAUGHT_ERRORS': 'true', 'XDG_SESSION_TYPE': 'x11', 'GIT_ASKPASS': '/snap/code/202/usr/share/code/resources/app/extensions/git/dist/askpass.sh', 'GTK_EXE_PREFIX_VSCODE_SNAP_ORIG': '', 'GDK_BACKEND_VSCODE_SNAP_ORIG': '', 'SNAP_UID': '1000', 'CLUTTER_DISABLE_MIPMAPPED_TEXT': '1', 'SHLVL': '0', 'LD_LIBRARY_PATH': '/home/dexter/ROS2/FilterCam/install/velodyne_msgs/lib:/opt/ros/jazzy/opt/rviz_ogre_vendor/lib:/opt/ros/jazzy/lib/x86_64-linux-gnu:/opt/ros/jazzy/opt/gz_math_vendor/lib:/opt/ros/jazzy/opt/gz_utils_vendor/lib:/opt/ros/jazzy/opt/gz_cmake_vendor/lib:/opt/ros/jazzy/lib', 'HOME': '/home/dexter', 'CHROME_DESKTOP': 'code.desktop', 'SNAP_LIBRARY_PATH': '/var/lib/snapd/lib/gl:/var/lib/snapd/lib/gl32:/var/lib/snapd/void', 'LOCPATH_VSCODE_SNAP_ORIG': '', 'TERM_PROGRAM_VERSION': '1.102.3', 'DESKTOP_SESSION': 'ubuntu', 'SNAP_USER_DATA': '/home/dexter/snap/code/202', 'GTK_PATH': '/snap/code/202/usr/lib/x86_64-linux-gnu/gtk-3.0', 'NO_PROXY': '127.0.0.1', 'VSCODE_IPC_HOOK': '/run/user/1000/vscode-7cf15dc3-1.10-main.sock', 'XDG_DATA_HOME_VSCODE_SNAP_ORIG': '', 'GTK_IM_MODULE_FILE': '/home/dexter/snap/code/common/.cache/immodules/immodules.cache', 'GIO_LAUNCHED_DESKTOP_FILE': '/var/lib/snapd/desktop/applications/code_code.desktop', 'APPLICATION_INSIGHTS_NO_DIAGNOSTIC_CHANNEL': '1', 'ROS_PYTHON_VERSION': '3', 'GNOME_SHELL_SESSION_MODE': 'ubuntu', 'GTK_MODULES': 'gail:atk-bridge', 'GSETTINGS_SCHEMA_DIR_VSCODE_SNAP_ORIG': '', 'VSCODE_GIT_ASKPASS_MAIN': '/snap/code/202/usr/share/code/resources/app/extensions/git/dist/askpass-main.js', 'VSCODE_GIT_ASKPASS_NODE': '/snap/code/202/usr/share/code/code', 'PLATFORMIO_IDE': '3.3.4', 'MANAGERPID': '2696', 'PYDEVD_DISABLE_FILE_VALIDATION': '1', 'SYSTEMD_EXEC_PID': '3075', 'BUNDLED_DEBUGPY_PATH': '/home/dexter/.vscode/extensions/ms-python.debugpy-2025.10.0-linux-x64/bundled/libs/debugpy', 'GSM_SKIP_SSH_AGENT_WORKAROUND': 'true', 'DBUS_SESSION_BUS_ADDRESS': 'unix:path=/run/user/1000/bus', 'SNAP_REVISION': '202', 'COLORTERM': 'truecolor', 'GIO_LAUNCHED_DESKTOP_FILE_PID': '55129', 'VSCODE_CRASH_REPORTER_PROCESS_TYPE': 'extensionHost', 'DEBUGINFOD_URLS': 'https://debuginfod.ubuntu.com', 'VSCODE_L10N_BUNDLE_LOCATION': '', 'COLCON_PREFIX_PATH': '/home/dexter/ROS2/FilterCam/install', 'ROS_DISTRO': 'jazzy', 'LOGNAME': 'dexter', '_': '/usr/bin/colcon', 'SNAP_CONTEXT': 'XdP8oN_ehD1rouqLMtxIYSbH3yjS06B3kD9wxdCMlZkkw9yn038g', 'JOURNAL_STREAM': '9:20379', 'ROS_VERSION': '2', 'XDG_CONFIG_DIRS_VSCODE_SNAP_ORIG': '/etc/xdg/xdg-ubuntu:/etc/xdg', 'MEMORY_PRESSURE_WATCH': '/sys/fs/cgroup/user.slice/user-1000.slice/user@1000.service/session.slice/org.gnome.Shell@x11.service/memory.pressure', 'XDG_SESSION_CLASS': 'user', 'SNAP_VERSION': '488a1f23', 'APPLICATIONINSIGHTS_CONFIGURATION_CONTENT': '{}', 'XDG_DATA_DIRS_VSCODE_SNAP_ORIG': '/usr/share/ubuntu:/usr/share/gnome:/usr/local/share/:/usr/share/:/var/lib/snapd/desktop', 'USERNAME': 'dexter', 'TERM': 'xterm-256color', 'GNOME_DESKTOP_SESSION_ID': 'this-is-deprecated', 'SNAP_INSTANCE_NAME': 'code', 'WINDOWPATH': '2', 'PATH': '/opt/ros/jazzy/bin:/usr/local/sbin:/usr/local/bin:/usr/sbin:/usr/bin:/sbin:/bin:/usr/games:/usr/local/games:/snap/bin:/snap/bin:/home/dexter/.vscode/extensions/ms-python.debugpy-2025.10.0-linux-x64/bundled/scripts/noConfigScripts', 'SESSION_MANAGER': 'local/dexter-linux:@/tmp/.ICE-unix/3032,unix/dexter-linux:/tmp/.ICE-unix/3032', 'GTK_EXE_PREFIX': '/snap/code/202/usr', 'INVOCATION_ID': '3ca42a9ea7c44a66b229a92ad4b29da4', 'XDG_MENU_PREFIX': 'gnome-', 'BAMF_DESKTOP_FILE_HINT': '/var/lib/snapd/desktop/applications/code_code.desktop', 'SNAP_DATA': '/var/snap/code/202', 'XDG_RUNTIME_DIR': '/run/user/1000', 'GDK_BACKEND': 'x11', 'DISPLAY': ':1', 'LOCPATH': '/snap/code/202/usr/lib/locale', 'PLATFORMIO_PATH': '/home/dexter/.platformio/python3/bin:/usr/local/sbin:/usr/local/bin:/usr/sbin:/usr/bin:/sbin:/bin:/usr/games:/usr/local/games:/snap/bin:/snap/bin', 'VSCODE_DEBUGPY_ADAPTER_ENDPOINTS': '/home/dexter/.vscode/extensions/ms-python.debugpy-2025.10.0-linux-x64/.noConfigDebugAdapterEndpoints/endpoint-32e1a8706864c63c.txt', 'LANG': 'en_US.UTF-8', 'XDG_CURRENT_DESKTOP': 'Unity', 'GIO_MODULE_DIR_VSCODE_SNAP_ORIG': '', 'XDG_DATA_HOME': '/home/dexter/snap/code/202/.local/share', 'XMODIFIERS': '@im=ibus', 'XDG_SESSION_DESKTOP': 'ubuntu', 'XAUTHORITY': '/run/user/1000/gdm/Xauthority', 'LS_COLORS': '', 'VSCODE_GIT_IPC_HANDLE': '/run/user/1000/vscode-git-4c91d66d6d.sock', 'TERM_PROGRAM': 'vscode', 'SNAP_USER_COMMON': '/home/dexter/snap/code/common', 'SSH_AUTH_SOCK': '/run/user/1000/keyring/ssh', 'GSETTINGS_SCHEMA_DIR': '/home/dexter/snap/code/202/.local/share/glib-2.0/schemas', 'IDS_GENICAM_TL_64_HELPER_SOURCED': '1', 'SNAP_ARCH': 'amd64', 'AMENT_PREFIX_PATH': '/home/dexter/ROS2/FilterCam/install/velodyne_msgs:/home/dexter/ROS2/FilterCam/install/package_launcher:/home/dexter/ROS2/FilterCam/install/liquidlens:/home/dexter/ROS2/FilterCam/install/filterwheel:/home/dexter/ROS2/FilterCam/install/filtered_pointcloud_pkg:/home/dexter/ROS2/FilterCam/install/empty_package:/opt/ros/jazzy', 'SNAP_COOKIE': 'XdP8oN_ehD1rouqLMtxIYSbH3yjS06B3kD9wxdCMlZkkw9yn038g', 'ORIGINAL_XDG_CURRENT_DESKTOP': 'ubuntu:GNOME', 'SHELL': '/bin/bash', 'GDK_PIXBUF_MODULEDIR': '/snap/code/202/usr/lib/x86_64-linux-gnu/gdk-pixbuf-2.0/2.10.0/loaders', 'QT_ACCESSIBILITY': '1', 'ELECTRON_RUN_AS_NODE': '1', 'GDMSESSION': 'ubuntu', 'LESSCLOSE': '/usr/bin/lesspipe %s %s', 'GTK_PATH_VSCODE_SNAP_ORIG': '', 'SNAP_NAME': 'code', 'FONTCONFIG_FILE': '/etc/fonts/fonts.conf', 'GTK_IM_MODULE_FILE_VSCODE_SNAP_ORIG': '', 'GDK_PIXBUF_MODULE_FILE': '/home/dexter/snap/code/common/.cache/gdk-pixbuf-loaders.cache', 'GPG_AGENT_INFO': '/run/user/1000/gnupg/S.gpg-agent:0:1', 'GJS_DEBUG_OUTPUT': 'stderr', 'ROS_AUTOMATIC_DISCOVERY_RANGE': 'SUBNET', 'SNAP_LAUNCHER_ARCH_TRIPLET': 'x86_64-linux-gnu', 'VSCODE_GIT_ASKPASS_EXTRA_ARGS': '', 'QT_IM_MODULE': 'ibus', 'PWD': '/home/dexter/ROS2/FilterCam/build/velodyne_driver', 'VSCODE_CLI': '1', 'LC_ALL': 'en_US.UTF-8', 'XDG_CONFIG_DIRS': '/etc/xdg/xdg-ubuntu:/etc/xdg', 'SNAP_REAL_HOME': '/home/dexter', 'VSCODE_CODE_CACHE_PATH': '/home/dexter/.config/Code/CachedData/488a1f239235055e34e673291fb8d8c810886f81', 'XDG_DATA_DIRS': '/home/dexter/snap/code/202/.local/share:/home/dexter/snap/code/202:/snap/code/202/usr/share:/usr/share/ubuntu:/usr/share/gnome:/usr/local/share/:/usr/share/:/var/lib/snapd/desktop', 'SNAP_EUID': '1000', 'PYTHONPATH': '/home/dexter/ROS2/FilterCam/install/velodyne_msgs/lib/python3.12/site-packages:/home/dexter/ROS2/FilterCam/build/package_launcher:/home/dexter/ROS2/FilterCam/install/package_launcher/lib/python3.12/site-packages:/home/dexter/ROS2/FilterCam/build/liquidlens:/home/dexter/ROS2/FilterCam/install/liquidlens/lib/python3.12/site-packages:/home/dexter/ROS2/FilterCam/build/filterwheel:/home/dexter/ROS2/FilterCam/install/filterwheel/lib/python3.12/site-packages:/home/dexter/ROS2/FilterCam/build/filtered_pointcloud_pkg:/home/dexter/ROS2/FilterCam/install/filtered_pointcloud_pkg/lib/python3.12/site-packages:/home/dexter/ROS2/FilterCam/build/empty_package:/home/dexter/ROS2/FilterCam/install/empty_package/lib/python3.12/site-packages:/opt/ros/jazzy/lib/python3.12/site-packages', 'SNAP': '/snap/code/202', 'COLCON': '1', 'MEMORY_PRESSURE_WRITE': 'c29tZSAyMDAwMDAgMjAwMDAwMAA=', 'GENICAM_GENTL64_PATH': '/usr/lib/ids/cti', 'ELECTRON_NO_ATTACH_CONSOLE': '1', 'CMAKE_PREFIX_PATH': '/home/dexter/ROS2/FilterCam/install/velodyne_msgs:/opt/ros/jazzy/opt/gz_math_vendor:/opt/ros/jazzy/opt/gz_utils_vendor:/opt/ros/jazzy/opt/gz_cmake_vendor:/home/dexter/ROS2/FilterCam/install/package_launcher:/home/dexter/ROS2/FilterCam/install/liquidlens:/home/dexter/ROS2/FilterCam/install/filterwheel:/home/dexter/ROS2/FilterCam/install/filtered_pointcloud_pkg:/home/dexter/ROS2/FilterCam/install/empty_package:/opt/ros/jazzy', 'VSCODE_PID': '55182'}), 'shell': False}
[1.058297] (velodyne_pointcloud) JobProgress: {'identifier': 'velodyne_pointcloud', 'progress': 'cmake'}
[1.058740] (velodyne_pointcloud) Command: {'cmd': ['/usr/bin/cmake', '/home/dexter/ROS2/FilterCam/src/velodyne/velodyne_pointcloud', '-DCMAKE_BUILD_TYPE=Debug', '-DAMENT_CMAKE_SYMLINK_INSTALL=1', '-DCMAKE_INSTALL_PREFIX=/home/dexter/ROS2/FilterCam/install/velodyne_pointcloud'], 'cwd': '/home/dexter/ROS2/FilterCam/build/velodyne_pointcloud', 'env': OrderedDict({'GJS_DEBUG_TOPICS': 'JS ERROR;JS LOG', 'LESSOPEN': '| /usr/bin/lesspipe %s', 'VSCODE_CWD': '/home/dexter', 'VSCODE_ESM_ENTRYPOINT': 'vs/workbench/api/node/extensionHostProcess', 'PLATFORMIO_CALLER': 'vscode', 'USER': 'dexter', 'SNAP_COMMON': '/var/snap/code/common', 'VSCODE_NLS_CONFIG': '{"userLocale":"en-us","osLocale":"en-us","resolvedLanguage":"en","defaultMessagesFile":"/snap/code/202/usr/share/code/resources/app/out/nls.messages.json","locale":"en-us","availableLanguages":{}}', 'FONTCONFIG_PATH': '/etc/fonts', 'GIO_MODULE_DIR': '/home/dexter/snap/code/common/.cache/gio-modules', 'VSCODE_HANDLES_UNCAUGHT_ERRORS': 'true', 'XDG_SESSION_TYPE': 'x11', 'GIT_ASKPASS': '/snap/code/202/usr/share/code/resources/app/extensions/git/dist/askpass.sh', 'GTK_EXE_PREFIX_VSCODE_SNAP_ORIG': '', 'GDK_BACKEND_VSCODE_SNAP_ORIG': '', 'SNAP_UID': '1000', 'CLUTTER_DISABLE_MIPMAPPED_TEXT': '1', 'SHLVL': '0', 'LD_LIBRARY_PATH': '/home/dexter/ROS2/FilterCam/install/velodyne_msgs/lib:/opt/ros/jazzy/opt/rviz_ogre_vendor/lib:/opt/ros/jazzy/lib/x86_64-linux-gnu:/opt/ros/jazzy/opt/gz_math_vendor/lib:/opt/ros/jazzy/opt/gz_utils_vendor/lib:/opt/ros/jazzy/opt/gz_cmake_vendor/lib:/opt/ros/jazzy/lib', 'HOME': '/home/dexter', 'CHROME_DESKTOP': 'code.desktop', 'SNAP_LIBRARY_PATH': '/var/lib/snapd/lib/gl:/var/lib/snapd/lib/gl32:/var/lib/snapd/void', 'LOCPATH_VSCODE_SNAP_ORIG': '', 'TERM_PROGRAM_VERSION': '1.102.3', 'DESKTOP_SESSION': 'ubuntu', 'SNAP_USER_DATA': '/home/dexter/snap/code/202', 'GTK_PATH': '/snap/code/202/usr/lib/x86_64-linux-gnu/gtk-3.0', 'NO_PROXY': '127.0.0.1', 'VSCODE_IPC_HOOK': '/run/user/1000/vscode-7cf15dc3-1.10-main.sock', 'XDG_DATA_HOME_VSCODE_SNAP_ORIG': '', 'GTK_IM_MODULE_FILE': '/home/dexter/snap/code/common/.cache/immodules/immodules.cache', 'GIO_LAUNCHED_DESKTOP_FILE': '/var/lib/snapd/desktop/applications/code_code.desktop', 'APPLICATION_INSIGHTS_NO_DIAGNOSTIC_CHANNEL': '1', 'ROS_PYTHON_VERSION': '3', 'GNOME_SHELL_SESSION_MODE': 'ubuntu', 'GTK_MODULES': 'gail:atk-bridge', 'GSETTINGS_SCHEMA_DIR_VSCODE_SNAP_ORIG': '', 'VSCODE_GIT_ASKPASS_MAIN': '/snap/code/202/usr/share/code/resources/app/extensions/git/dist/askpass-main.js', 'VSCODE_GIT_ASKPASS_NODE': '/snap/code/202/usr/share/code/code', 'PLATFORMIO_IDE': '3.3.4', 'MANAGERPID': '2696', 'PYDEVD_DISABLE_FILE_VALIDATION': '1', 'SYSTEMD_EXEC_PID': '3075', 'BUNDLED_DEBUGPY_PATH': '/home/dexter/.vscode/extensions/ms-python.debugpy-2025.10.0-linux-x64/bundled/libs/debugpy', 'GSM_SKIP_SSH_AGENT_WORKAROUND': 'true', 'DBUS_SESSION_BUS_ADDRESS': 'unix:path=/run/user/1000/bus', 'SNAP_REVISION': '202', 'COLORTERM': 'truecolor', 'GIO_LAUNCHED_DESKTOP_FILE_PID': '55129', 'VSCODE_CRASH_REPORTER_PROCESS_TYPE': 'extensionHost', 'DEBUGINFOD_URLS': 'https://debuginfod.ubuntu.com', 'VSCODE_L10N_BUNDLE_LOCATION': '', 'COLCON_PREFIX_PATH': '/home/dexter/ROS2/FilterCam/install', 'ROS_DISTRO': 'jazzy', 'LOGNAME': 'dexter', '_': '/usr/bin/colcon', 'SNAP_CONTEXT': 'XdP8oN_ehD1rouqLMtxIYSbH3yjS06B3kD9wxdCMlZkkw9yn038g', 'JOURNAL_STREAM': '9:20379', 'ROS_VERSION': '2', 'XDG_CONFIG_DIRS_VSCODE_SNAP_ORIG': '/etc/xdg/xdg-ubuntu:/etc/xdg', 'MEMORY_PRESSURE_WATCH': '/sys/fs/cgroup/user.slice/user-1000.slice/user@1000.service/session.slice/org.gnome.Shell@x11.service/memory.pressure', 'XDG_SESSION_CLASS': 'user', 'SNAP_VERSION': '488a1f23', 'APPLICATIONINSIGHTS_CONFIGURATION_CONTENT': '{}', 'XDG_DATA_DIRS_VSCODE_SNAP_ORIG': '/usr/share/ubuntu:/usr/share/gnome:/usr/local/share/:/usr/share/:/var/lib/snapd/desktop', 'USERNAME': 'dexter', 'TERM': 'xterm-256color', 'GNOME_DESKTOP_SESSION_ID': 'this-is-deprecated', 'SNAP_INSTANCE_NAME': 'code', 'WINDOWPATH': '2', 'PATH': '/opt/ros/jazzy/bin:/usr/local/sbin:/usr/local/bin:/usr/sbin:/usr/bin:/sbin:/bin:/usr/games:/usr/local/games:/snap/bin:/snap/bin:/home/dexter/.vscode/extensions/ms-python.debugpy-2025.10.0-linux-x64/bundled/scripts/noConfigScripts', 'SESSION_MANAGER': 'local/dexter-linux:@/tmp/.ICE-unix/3032,unix/dexter-linux:/tmp/.ICE-unix/3032', 'GTK_EXE_PREFIX': '/snap/code/202/usr', 'INVOCATION_ID': '3ca42a9ea7c44a66b229a92ad4b29da4', 'XDG_MENU_PREFIX': 'gnome-', 'BAMF_DESKTOP_FILE_HINT': '/var/lib/snapd/desktop/applications/code_code.desktop', 'SNAP_DATA': '/var/snap/code/202', 'XDG_RUNTIME_DIR': '/run/user/1000', 'GDK_BACKEND': 'x11', 'DISPLAY': ':1', 'LOCPATH': '/snap/code/202/usr/lib/locale', 'PLATFORMIO_PATH': '/home/dexter/.platformio/python3/bin:/usr/local/sbin:/usr/local/bin:/usr/sbin:/usr/bin:/sbin:/bin:/usr/games:/usr/local/games:/snap/bin:/snap/bin', 'VSCODE_DEBUGPY_ADAPTER_ENDPOINTS': '/home/dexter/.vscode/extensions/ms-python.debugpy-2025.10.0-linux-x64/.noConfigDebugAdapterEndpoints/endpoint-32e1a8706864c63c.txt', 'LANG': 'en_US.UTF-8', 'XDG_CURRENT_DESKTOP': 'Unity', 'GIO_MODULE_DIR_VSCODE_SNAP_ORIG': '', 'XDG_DATA_HOME': '/home/dexter/snap/code/202/.local/share', 'XMODIFIERS': '@im=ibus', 'XDG_SESSION_DESKTOP': 'ubuntu', 'XAUTHORITY': '/run/user/1000/gdm/Xauthority', 'LS_COLORS': '', 'VSCODE_GIT_IPC_HANDLE': '/run/user/1000/vscode-git-4c91d66d6d.sock', 'TERM_PROGRAM': 'vscode', 'SNAP_USER_COMMON': '/home/dexter/snap/code/common', 'SSH_AUTH_SOCK': '/run/user/1000/keyring/ssh', 'GSETTINGS_SCHEMA_DIR': '/home/dexter/snap/code/202/.local/share/glib-2.0/schemas', 'IDS_GENICAM_TL_64_HELPER_SOURCED': '1', 'SNAP_ARCH': 'amd64', 'AMENT_PREFIX_PATH': '/home/dexter/ROS2/FilterCam/install/velodyne_msgs:/home/dexter/ROS2/FilterCam/install/package_launcher:/home/dexter/ROS2/FilterCam/install/liquidlens:/home/dexter/ROS2/FilterCam/install/filterwheel:/home/dexter/ROS2/FilterCam/install/filtered_pointcloud_pkg:/home/dexter/ROS2/FilterCam/install/empty_package:/opt/ros/jazzy', 'SNAP_COOKIE': 'XdP8oN_ehD1rouqLMtxIYSbH3yjS06B3kD9wxdCMlZkkw9yn038g', 'ORIGINAL_XDG_CURRENT_DESKTOP': 'ubuntu:GNOME', 'SHELL': '/bin/bash', 'GDK_PIXBUF_MODULEDIR': '/snap/code/202/usr/lib/x86_64-linux-gnu/gdk-pixbuf-2.0/2.10.0/loaders', 'QT_ACCESSIBILITY': '1', 'ELECTRON_RUN_AS_NODE': '1', 'GDMSESSION': 'ubuntu', 'LESSCLOSE': '/usr/bin/lesspipe %s %s', 'GTK_PATH_VSCODE_SNAP_ORIG': '', 'SNAP_NAME': 'code', 'FONTCONFIG_FILE': '/etc/fonts/fonts.conf', 'GTK_IM_MODULE_FILE_VSCODE_SNAP_ORIG': '', 'GDK_PIXBUF_MODULE_FILE': '/home/dexter/snap/code/common/.cache/gdk-pixbuf-loaders.cache', 'GPG_AGENT_INFO': '/run/user/1000/gnupg/S.gpg-agent:0:1', 'GJS_DEBUG_OUTPUT': 'stderr', 'ROS_AUTOMATIC_DISCOVERY_RANGE': 'SUBNET', 'SNAP_LAUNCHER_ARCH_TRIPLET': 'x86_64-linux-gnu', 'VSCODE_GIT_ASKPASS_EXTRA_ARGS': '', 'QT_IM_MODULE': 'ibus', 'PWD': '/home/dexter/ROS2/FilterCam/build/velodyne_pointcloud', 'VSCODE_CLI': '1', 'LC_ALL': 'en_US.UTF-8', 'XDG_CONFIG_DIRS': '/etc/xdg/xdg-ubuntu:/etc/xdg', 'SNAP_REAL_HOME': '/home/dexter', 'VSCODE_CODE_CACHE_PATH': '/home/dexter/.config/Code/CachedData/488a1f239235055e34e673291fb8d8c810886f81', 'XDG_DATA_DIRS': '/home/dexter/snap/code/202/.local/share:/home/dexter/snap/code/202:/snap/code/202/usr/share:/usr/share/ubuntu:/usr/share/gnome:/usr/local/share/:/usr/share/:/var/lib/snapd/desktop', 'SNAP_EUID': '1000', 'PYTHONPATH': '/home/dexter/ROS2/FilterCam/install/velodyne_msgs/lib/python3.12/site-packages:/home/dexter/ROS2/FilterCam/build/package_launcher:/home/dexter/ROS2/FilterCam/install/package_launcher/lib/python3.12/site-packages:/home/dexter/ROS2/FilterCam/build/liquidlens:/home/dexter/ROS2/FilterCam/install/liquidlens/lib/python3.12/site-packages:/home/dexter/ROS2/FilterCam/build/filterwheel:/home/dexter/ROS2/FilterCam/install/filterwheel/lib/python3.12/site-packages:/home/dexter/ROS2/FilterCam/build/filtered_pointcloud_pkg:/home/dexter/ROS2/FilterCam/install/filtered_pointcloud_pkg/lib/python3.12/site-packages:/home/dexter/ROS2/FilterCam/build/empty_package:/home/dexter/ROS2/FilterCam/install/empty_package/lib/python3.12/site-packages:/opt/ros/jazzy/lib/python3.12/site-packages', 'SNAP': '/snap/code/202', 'COLCON': '1', 'MEMORY_PRESSURE_WRITE': 'c29tZSAyMDAwMDAgMjAwMDAwMAA=', 'GENICAM_GENTL64_PATH': '/usr/lib/ids/cti', 'ELECTRON_NO_ATTACH_CONSOLE': '1', 'CMAKE_PREFIX_PATH': '/home/dexter/ROS2/FilterCam/install/velodyne_msgs:/opt/ros/jazzy/opt/gz_math_vendor:/opt/ros/jazzy/opt/gz_utils_vendor:/opt/ros/jazzy/opt/gz_cmake_vendor:/home/dexter/ROS2/FilterCam/install/package_launcher:/home/dexter/ROS2/FilterCam/install/liquidlens:/home/dexter/ROS2/FilterCam/install/filterwheel:/home/dexter/ROS2/FilterCam/install/filtered_pointcloud_pkg:/home/dexter/ROS2/FilterCam/install/empty_package:/opt/ros/jazzy', 'VSCODE_PID': '55182'}), 'shell': False}
[1.072260] (velodyne_pointcloud) StdoutLine: {'line': b'-- Found ament_cmake: 2.5.4 (/opt/ros/jazzy/share/ament_cmake/cmake)\n'}
[1.072847] (velodyne_driver) StdoutLine: {'line': b'-- Found ament_cmake_ros: 0.12.0 (/opt/ros/jazzy/share/ament_cmake_ros/cmake)\n'}
[1.101594] (-) TimerEvent: {}
[1.201829] (-) TimerEvent: {}
[1.258487] (velodyne_pointcloud) StdoutLine: {'line': b'-- Override CMake install command with custom implementation using symlinks instead of copying resources\n'}
[1.258721] (velodyne_driver) StdoutLine: {'line': b'-- Override CMake install command with custom implementation using symlinks instead of copying resources\n'}
[1.265553] (velodyne_pointcloud) StdoutLine: {'line': b'-- Found angles: 1.16.0 (/opt/ros/jazzy/share/angles/cmake)\n'}
[1.269493] (velodyne_pointcloud) StdoutLine: {'line': b'-- Found diagnostic_updater: 4.2.6 (/opt/ros/jazzy/share/diagnostic_updater/cmake)\n'}
[1.273336] (velodyne_driver) StdoutLine: {'line': b'-- Found diagnostic_updater: 4.2.6 (/opt/ros/jazzy/share/diagnostic_updater/cmake)\n'}
[1.301899] (-) TimerEvent: {}
[1.320549] (velodyne_driver) StdoutLine: {'line': b'-- Found rosidl_generator_c: 4.6.5 (/opt/ros/jazzy/share/rosidl_generator_c/cmake)\n'}
[1.320834] (velodyne_pointcloud) StdoutLine: {'line': b'-- Found rosidl_generator_c: 4.6.5 (/opt/ros/jazzy/share/rosidl_generator_c/cmake)\n'}
[1.334355] (velodyne_driver) StdoutLine: {'line': b'-- Found rosidl_generator_cpp: 4.6.5 (/opt/ros/jazzy/share/rosidl_generator_cpp/cmake)\n'}
[1.334677] (velodyne_pointcloud) StdoutLine: {'line': b'-- Found rosidl_generator_cpp: 4.6.5 (/opt/ros/jazzy/share/rosidl_generator_cpp/cmake)\n'}
[1.350009] (velodyne_driver) StdoutLine: {'line': b'-- Using all available rosidl_typesupport_c: rosidl_typesupport_fastrtps_c;rosidl_typesupport_introspection_c\n'}
[1.350266] (velodyne_pointcloud) StdoutLine: {'line': b'-- Using all available rosidl_typesupport_c: rosidl_typesupport_fastrtps_c;rosidl_typesupport_introspection_c\n'}
[1.367632] (velodyne_driver) StdoutLine: {'line': b'-- Using all available rosidl_typesupport_cpp: rosidl_typesupport_fastrtps_cpp;rosidl_typesupport_introspection_cpp\n'}
[1.367854] (velodyne_pointcloud) StdoutLine: {'line': b'-- Using all available rosidl_typesupport_cpp: rosidl_typesupport_fastrtps_cpp;rosidl_typesupport_introspection_cpp\n'}
[1.401973] (-) TimerEvent: {}
[1.486922] (velodyne_pointcloud) StdoutLine: {'line': b'-- Found rmw_implementation_cmake: 7.3.2 (/opt/ros/jazzy/share/rmw_implementation_cmake/cmake)\n'}
[1.490107] (velodyne_pointcloud) StdoutLine: {'line': b'-- Found rmw_fastrtps_cpp: 8.4.2 (/opt/ros/jazzy/share/rmw_fastrtps_cpp/cmake)\n'}
[1.495647] (velodyne_driver) StdoutLine: {'line': b'-- Found rmw_implementation_cmake: 7.3.2 (/opt/ros/jazzy/share/rmw_implementation_cmake/cmake)\n'}
[1.500058] (velodyne_driver) StdoutLine: {'line': b'-- Found rmw_fastrtps_cpp: 8.4.2 (/opt/ros/jazzy/share/rmw_fastrtps_cpp/cmake)\n'}
[1.502047] (-) TimerEvent: {}
[1.526289] (liquidlens) Command: {'cmd': ['/usr/bin/python3', '-W', 'ignore:setup.py install is deprecated', '-W', 'ignore:easy_install command is deprecated', 'setup.py', 'develop', '--editable', '--build-directory', '/home/dexter/ROS2/FilterCam/build/liquidlens/build', '--no-deps', 'symlink_data'], 'cwd': '/home/dexter/ROS2/FilterCam/build/liquidlens', 'env': {'GJS_DEBUG_TOPICS': 'JS ERROR;JS LOG', 'LESSOPEN': '| /usr/bin/lesspipe %s', 'VSCODE_CWD': '/home/dexter', 'VSCODE_ESM_ENTRYPOINT': 'vs/workbench/api/node/extensionHostProcess', 'PLATFORMIO_CALLER': 'vscode', 'USER': 'dexter', 'SNAP_COMMON': '/var/snap/code/common', 'VSCODE_NLS_CONFIG': '{"userLocale":"en-us","osLocale":"en-us","resolvedLanguage":"en","defaultMessagesFile":"/snap/code/202/usr/share/code/resources/app/out/nls.messages.json","locale":"en-us","availableLanguages":{}}', 'FONTCONFIG_PATH': '/etc/fonts', 'GIO_MODULE_DIR': '/home/dexter/snap/code/common/.cache/gio-modules', 'VSCODE_HANDLES_UNCAUGHT_ERRORS': 'true', 'XDG_SESSION_TYPE': 'x11', 'GIT_ASKPASS': '/snap/code/202/usr/share/code/resources/app/extensions/git/dist/askpass.sh', 'GTK_EXE_PREFIX_VSCODE_SNAP_ORIG': '', 'GDK_BACKEND_VSCODE_SNAP_ORIG': '', 'SNAP_UID': '1000', 'CLUTTER_DISABLE_MIPMAPPED_TEXT': '1', 'SHLVL': '0', 'LD_LIBRARY_PATH': '/home/dexter/ROS2/FilterCam/install/velodyne_msgs/lib:/opt/ros/jazzy/opt/rviz_ogre_vendor/lib:/opt/ros/jazzy/lib/x86_64-linux-gnu:/opt/ros/jazzy/opt/gz_math_vendor/lib:/opt/ros/jazzy/opt/gz_utils_vendor/lib:/opt/ros/jazzy/opt/gz_cmake_vendor/lib:/opt/ros/jazzy/lib', 'HOME': '/home/dexter', 'CHROME_DESKTOP': 'code.desktop', 'SNAP_LIBRARY_PATH': '/var/lib/snapd/lib/gl:/var/lib/snapd/lib/gl32:/var/lib/snapd/void', 'LOCPATH_VSCODE_SNAP_ORIG': '', 'TERM_PROGRAM_VERSION': '1.102.3', 'DESKTOP_SESSION': 'ubuntu', 'SNAP_USER_DATA': '/home/dexter/snap/code/202', 'GTK_PATH': '/snap/code/202/usr/lib/x86_64-linux-gnu/gtk-3.0', 'NO_PROXY': '127.0.0.1', 'VSCODE_IPC_HOOK': '/run/user/1000/vscode-7cf15dc3-1.10-main.sock', 'XDG_DATA_HOME_VSCODE_SNAP_ORIG': '', 'GTK_IM_MODULE_FILE': '/home/dexter/snap/code/common/.cache/immodules/immodules.cache', 'GIO_LAUNCHED_DESKTOP_FILE': '/var/lib/snapd/desktop/applications/code_code.desktop', 'APPLICATION_INSIGHTS_NO_DIAGNOSTIC_CHANNEL': '1', 'ROS_PYTHON_VERSION': '3', 'GNOME_SHELL_SESSION_MODE': 'ubuntu', 'GTK_MODULES': 'gail:atk-bridge', 'GSETTINGS_SCHEMA_DIR_VSCODE_SNAP_ORIG': '', 'VSCODE_GIT_ASKPASS_MAIN': '/snap/code/202/usr/share/code/resources/app/extensions/git/dist/askpass-main.js', 'VSCODE_GIT_ASKPASS_NODE': '/snap/code/202/usr/share/code/code', 'PLATFORMIO_IDE': '3.3.4', 'MANAGERPID': '2696', 'PYDEVD_DISABLE_FILE_VALIDATION': '1', 'SYSTEMD_EXEC_PID': '3075', 'BUNDLED_DEBUGPY_PATH': '/home/dexter/.vscode/extensions/ms-python.debugpy-2025.10.0-linux-x64/bundled/libs/debugpy', 'GSM_SKIP_SSH_AGENT_WORKAROUND': 'true', 'DBUS_SESSION_BUS_ADDRESS': 'unix:path=/run/user/1000/bus', 'SNAP_REVISION': '202', 'COLORTERM': 'truecolor', 'GIO_LAUNCHED_DESKTOP_FILE_PID': '55129', 'VSCODE_CRASH_REPORTER_PROCESS_TYPE': 'extensionHost', 'DEBUGINFOD_URLS': 'https://debuginfod.ubuntu.com', 'VSCODE_L10N_BUNDLE_LOCATION': '', 'COLCON_PREFIX_PATH': '/home/dexter/ROS2/FilterCam/install', 'ROS_DISTRO': 'jazzy', 'LOGNAME': 'dexter', '_': '/usr/bin/colcon', 'SNAP_CONTEXT': 'XdP8oN_ehD1rouqLMtxIYSbH3yjS06B3kD9wxdCMlZkkw9yn038g', 'JOURNAL_STREAM': '9:20379', 'ROS_VERSION': '2', 'XDG_CONFIG_DIRS_VSCODE_SNAP_ORIG': '/etc/xdg/xdg-ubuntu:/etc/xdg', 'MEMORY_PRESSURE_WATCH': '/sys/fs/cgroup/user.slice/user-1000.slice/user@1000.service/session.slice/org.gnome.Shell@x11.service/memory.pressure', 'XDG_SESSION_CLASS': 'user', 'SNAP_VERSION': '488a1f23', 'APPLICATIONINSIGHTS_CONFIGURATION_CONTENT': '{}', 'XDG_DATA_DIRS_VSCODE_SNAP_ORIG': '/usr/share/ubuntu:/usr/share/gnome:/usr/local/share/:/usr/share/:/var/lib/snapd/desktop', 'USERNAME': 'dexter', 'TERM': 'xterm-256color', 'GNOME_DESKTOP_SESSION_ID': 'this-is-deprecated', 'SNAP_INSTANCE_NAME': 'code', 'WINDOWPATH': '2', 'PATH': '/opt/ros/jazzy/bin:/usr/local/sbin:/usr/local/bin:/usr/sbin:/usr/bin:/sbin:/bin:/usr/games:/usr/local/games:/snap/bin:/snap/bin:/home/dexter/.vscode/extensions/ms-python.debugpy-2025.10.0-linux-x64/bundled/scripts/noConfigScripts', 'SESSION_MANAGER': 'local/dexter-linux:@/tmp/.ICE-unix/3032,unix/dexter-linux:/tmp/.ICE-unix/3032', 'GTK_EXE_PREFIX': '/snap/code/202/usr', 'INVOCATION_ID': '3ca42a9ea7c44a66b229a92ad4b29da4', 'XDG_MENU_PREFIX': 'gnome-', 'BAMF_DESKTOP_FILE_HINT': '/var/lib/snapd/desktop/applications/code_code.desktop', 'SNAP_DATA': '/var/snap/code/202', 'XDG_RUNTIME_DIR': '/run/user/1000', 'GDK_BACKEND': 'x11', 'DISPLAY': ':1', 'LOCPATH': '/snap/code/202/usr/lib/locale', 'PLATFORMIO_PATH': '/home/dexter/.platformio/python3/bin:/usr/local/sbin:/usr/local/bin:/usr/sbin:/usr/bin:/sbin:/bin:/usr/games:/usr/local/games:/snap/bin:/snap/bin', 'VSCODE_DEBUGPY_ADAPTER_ENDPOINTS': '/home/dexter/.vscode/extensions/ms-python.debugpy-2025.10.0-linux-x64/.noConfigDebugAdapterEndpoints/endpoint-32e1a8706864c63c.txt', 'LANG': 'en_US.UTF-8', 'XDG_CURRENT_DESKTOP': 'Unity', 'GIO_MODULE_DIR_VSCODE_SNAP_ORIG': '', 'XDG_DATA_HOME': '/home/dexter/snap/code/202/.local/share', 'XMODIFIERS': '@im=ibus', 'XDG_SESSION_DESKTOP': 'ubuntu', 'XAUTHORITY': '/run/user/1000/gdm/Xauthority', 'LS_COLORS': '', 'VSCODE_GIT_IPC_HANDLE': '/run/user/1000/vscode-git-4c91d66d6d.sock', 'TERM_PROGRAM': 'vscode', 'SNAP_USER_COMMON': '/home/dexter/snap/code/common', 'SSH_AUTH_SOCK': '/run/user/1000/keyring/ssh', 'GSETTINGS_SCHEMA_DIR': '/home/dexter/snap/code/202/.local/share/glib-2.0/schemas', 'IDS_GENICAM_TL_64_HELPER_SOURCED': '1', 'SNAP_ARCH': 'amd64', 'AMENT_PREFIX_PATH': '/home/dexter/ROS2/FilterCam/install/velodyne_msgs:/home/dexter/ROS2/FilterCam/install/package_launcher:/home/dexter/ROS2/FilterCam/install/liquidlens:/home/dexter/ROS2/FilterCam/install/filterwheel:/home/dexter/ROS2/FilterCam/install/filtered_pointcloud_pkg:/home/dexter/ROS2/FilterCam/install/empty_package:/opt/ros/jazzy', 'SNAP_COOKIE': 'XdP8oN_ehD1rouqLMtxIYSbH3yjS06B3kD9wxdCMlZkkw9yn038g', 'ORIGINAL_XDG_CURRENT_DESKTOP': 'ubuntu:GNOME', 'SHELL': '/bin/bash', 'GDK_PIXBUF_MODULEDIR': '/snap/code/202/usr/lib/x86_64-linux-gnu/gdk-pixbuf-2.0/2.10.0/loaders', 'QT_ACCESSIBILITY': '1', 'ELECTRON_RUN_AS_NODE': '1', 'GDMSESSION': 'ubuntu', 'LESSCLOSE': '/usr/bin/lesspipe %s %s', 'GTK_PATH_VSCODE_SNAP_ORIG': '', 'SNAP_NAME': 'code', 'FONTCONFIG_FILE': '/etc/fonts/fonts.conf', 'GTK_IM_MODULE_FILE_VSCODE_SNAP_ORIG': '', 'GDK_PIXBUF_MODULE_FILE': '/home/dexter/snap/code/common/.cache/gdk-pixbuf-loaders.cache', 'GPG_AGENT_INFO': '/run/user/1000/gnupg/S.gpg-agent:0:1', 'GJS_DEBUG_OUTPUT': 'stderr', 'ROS_AUTOMATIC_DISCOVERY_RANGE': 'SUBNET', 'SNAP_LAUNCHER_ARCH_TRIPLET': 'x86_64-linux-gnu', 'VSCODE_GIT_ASKPASS_EXTRA_ARGS': '', 'QT_IM_MODULE': 'ibus', 'PWD': '/home/dexter/ROS2/FilterCam/build/liquidlens', 'VSCODE_CLI': '1', 'LC_ALL': 'en_US.UTF-8', 'XDG_CONFIG_DIRS': '/etc/xdg/xdg-ubuntu:/etc/xdg', 'SNAP_REAL_HOME': '/home/dexter', 'VSCODE_CODE_CACHE_PATH': '/home/dexter/.config/Code/CachedData/488a1f239235055e34e673291fb8d8c810886f81', 'XDG_DATA_DIRS': '/home/dexter/snap/code/202/.local/share:/home/dexter/snap/code/202:/snap/code/202/usr/share:/usr/share/ubuntu:/usr/share/gnome:/usr/local/share/:/usr/share/:/var/lib/snapd/desktop', 'SNAP_EUID': '1000', 'PYTHONPATH': '/home/dexter/ROS2/FilterCam/build/liquidlens/prefix_override:/usr/lib/python3/dist-packages/colcon_core/task/python/colcon_distutils_commands:/home/dexter/ROS2/FilterCam/install/liquidlens/lib/python3.12/site-packages:/home/dexter/ROS2/FilterCam/install/velodyne_msgs/lib/python3.12/site-packages:/home/dexter/ROS2/FilterCam/build/package_launcher:/home/dexter/ROS2/FilterCam/install/package_launcher/lib/python3.12/site-packages:/home/dexter/ROS2/FilterCam/build/liquidlens:/home/dexter/ROS2/FilterCam/install/liquidlens/lib/python3.12/site-packages:/home/dexter/ROS2/FilterCam/build/filterwheel:/home/dexter/ROS2/FilterCam/install/filterwheel/lib/python3.12/site-packages:/home/dexter/ROS2/FilterCam/build/filtered_pointcloud_pkg:/home/dexter/ROS2/FilterCam/install/filtered_pointcloud_pkg/lib/python3.12/site-packages:/home/dexter/ROS2/FilterCam/build/empty_package:/home/dexter/ROS2/FilterCam/install/empty_package/lib/python3.12/site-packages:/opt/ros/jazzy/lib/python3.12/site-packages', 'SNAP': '/snap/code/202', 'COLCON': '1', 'MEMORY_PRESSURE_WRITE': 'c29tZSAyMDAwMDAgMjAwMDAwMAA=', 'GENICAM_GENTL64_PATH': '/usr/lib/ids/cti', 'ELECTRON_NO_ATTACH_CONSOLE': '1', 'CMAKE_PREFIX_PATH': '/home/dexter/ROS2/FilterCam/install/velodyne_msgs:/opt/ros/jazzy/opt/gz_math_vendor:/opt/ros/jazzy/opt/gz_utils_vendor:/opt/ros/jazzy/opt/gz_cmake_vendor', 'VSCODE_PID': '55182'}, 'shell': False}
[1.530763] (filtered_pointcloud_pkg) Command: {'cmd': ['/usr/bin/python3', '-W', 'ignore:setup.py install is deprecated', '-W', 'ignore:easy_install command is deprecated', 'setup.py', 'develop', '--editable', '--build-directory', '/home/dexter/ROS2/FilterCam/build/filtered_pointcloud_pkg/build', '--no-deps', 'symlink_data'], 'cwd': '/home/dexter/ROS2/FilterCam/build/filtered_pointcloud_pkg', 'env': {'GJS_DEBUG_TOPICS': 'JS ERROR;JS LOG', 'LESSOPEN': '| /usr/bin/lesspipe %s', 'VSCODE_CWD': '/home/dexter', 'VSCODE_ESM_ENTRYPOINT': 'vs/workbench/api/node/extensionHostProcess', 'PLATFORMIO_CALLER': 'vscode', 'USER': 'dexter', 'SNAP_COMMON': '/var/snap/code/common', 'VSCODE_NLS_CONFIG': '{"userLocale":"en-us","osLocale":"en-us","resolvedLanguage":"en","defaultMessagesFile":"/snap/code/202/usr/share/code/resources/app/out/nls.messages.json","locale":"en-us","availableLanguages":{}}', 'FONTCONFIG_PATH': '/etc/fonts', 'GIO_MODULE_DIR': '/home/dexter/snap/code/common/.cache/gio-modules', 'VSCODE_HANDLES_UNCAUGHT_ERRORS': 'true', 'XDG_SESSION_TYPE': 'x11', 'GIT_ASKPASS': '/snap/code/202/usr/share/code/resources/app/extensions/git/dist/askpass.sh', 'GTK_EXE_PREFIX_VSCODE_SNAP_ORIG': '', 'GDK_BACKEND_VSCODE_SNAP_ORIG': '', 'SNAP_UID': '1000', 'CLUTTER_DISABLE_MIPMAPPED_TEXT': '1', 'SHLVL': '0', 'LD_LIBRARY_PATH': '/home/dexter/ROS2/FilterCam/install/velodyne_msgs/lib:/opt/ros/jazzy/opt/rviz_ogre_vendor/lib:/opt/ros/jazzy/lib/x86_64-linux-gnu:/opt/ros/jazzy/opt/gz_math_vendor/lib:/opt/ros/jazzy/opt/gz_utils_vendor/lib:/opt/ros/jazzy/opt/gz_cmake_vendor/lib:/opt/ros/jazzy/lib', 'HOME': '/home/dexter', 'CHROME_DESKTOP': 'code.desktop', 'SNAP_LIBRARY_PATH': '/var/lib/snapd/lib/gl:/var/lib/snapd/lib/gl32:/var/lib/snapd/void', 'LOCPATH_VSCODE_SNAP_ORIG': '', 'TERM_PROGRAM_VERSION': '1.102.3', 'DESKTOP_SESSION': 'ubuntu', 'SNAP_USER_DATA': '/home/dexter/snap/code/202', 'GTK_PATH': '/snap/code/202/usr/lib/x86_64-linux-gnu/gtk-3.0', 'NO_PROXY': '127.0.0.1', 'VSCODE_IPC_HOOK': '/run/user/1000/vscode-7cf15dc3-1.10-main.sock', 'XDG_DATA_HOME_VSCODE_SNAP_ORIG': '', 'GTK_IM_MODULE_FILE': '/home/dexter/snap/code/common/.cache/immodules/immodules.cache', 'GIO_LAUNCHED_DESKTOP_FILE': '/var/lib/snapd/desktop/applications/code_code.desktop', 'APPLICATION_INSIGHTS_NO_DIAGNOSTIC_CHANNEL': '1', 'ROS_PYTHON_VERSION': '3', 'GNOME_SHELL_SESSION_MODE': 'ubuntu', 'GTK_MODULES': 'gail:atk-bridge', 'GSETTINGS_SCHEMA_DIR_VSCODE_SNAP_ORIG': '', 'VSCODE_GIT_ASKPASS_MAIN': '/snap/code/202/usr/share/code/resources/app/extensions/git/dist/askpass-main.js', 'VSCODE_GIT_ASKPASS_NODE': '/snap/code/202/usr/share/code/code', 'PLATFORMIO_IDE': '3.3.4', 'MANAGERPID': '2696', 'PYDEVD_DISABLE_FILE_VALIDATION': '1', 'SYSTEMD_EXEC_PID': '3075', 'BUNDLED_DEBUGPY_PATH': '/home/dexter/.vscode/extensions/ms-python.debugpy-2025.10.0-linux-x64/bundled/libs/debugpy', 'GSM_SKIP_SSH_AGENT_WORKAROUND': 'true', 'DBUS_SESSION_BUS_ADDRESS': 'unix:path=/run/user/1000/bus', 'SNAP_REVISION': '202', 'COLORTERM': 'truecolor', 'GIO_LAUNCHED_DESKTOP_FILE_PID': '55129', 'VSCODE_CRASH_REPORTER_PROCESS_TYPE': 'extensionHost', 'DEBUGINFOD_URLS': 'https://debuginfod.ubuntu.com', 'VSCODE_L10N_BUNDLE_LOCATION': '', 'COLCON_PREFIX_PATH': '/home/dexter/ROS2/FilterCam/install', 'ROS_DISTRO': 'jazzy', 'LOGNAME': 'dexter', '_': '/usr/bin/colcon', 'SNAP_CONTEXT': 'XdP8oN_ehD1rouqLMtxIYSbH3yjS06B3kD9wxdCMlZkkw9yn038g', 'JOURNAL_STREAM': '9:20379', 'ROS_VERSION': '2', 'XDG_CONFIG_DIRS_VSCODE_SNAP_ORIG': '/etc/xdg/xdg-ubuntu:/etc/xdg', 'MEMORY_PRESSURE_WATCH': '/sys/fs/cgroup/user.slice/user-1000.slice/user@1000.service/session.slice/org.gnome.Shell@x11.service/memory.pressure', 'XDG_SESSION_CLASS': 'user', 'SNAP_VERSION': '488a1f23', 'APPLICATIONINSIGHTS_CONFIGURATION_CONTENT': '{}', 'XDG_DATA_DIRS_VSCODE_SNAP_ORIG': '/usr/share/ubuntu:/usr/share/gnome:/usr/local/share/:/usr/share/:/var/lib/snapd/desktop', 'USERNAME': 'dexter', 'TERM': 'xterm-256color', 'GNOME_DESKTOP_SESSION_ID': 'this-is-deprecated', 'SNAP_INSTANCE_NAME': 'code', 'WINDOWPATH': '2', 'PATH': '/opt/ros/jazzy/bin:/usr/local/sbin:/usr/local/bin:/usr/sbin:/usr/bin:/sbin:/bin:/usr/games:/usr/local/games:/snap/bin:/snap/bin:/home/dexter/.vscode/extensions/ms-python.debugpy-2025.10.0-linux-x64/bundled/scripts/noConfigScripts', 'SESSION_MANAGER': 'local/dexter-linux:@/tmp/.ICE-unix/3032,unix/dexter-linux:/tmp/.ICE-unix/3032', 'GTK_EXE_PREFIX': '/snap/code/202/usr', 'INVOCATION_ID': '3ca42a9ea7c44a66b229a92ad4b29da4', 'XDG_MENU_PREFIX': 'gnome-', 'BAMF_DESKTOP_FILE_HINT': '/var/lib/snapd/desktop/applications/code_code.desktop', 'SNAP_DATA': '/var/snap/code/202', 'XDG_RUNTIME_DIR': '/run/user/1000', 'GDK_BACKEND': 'x11', 'DISPLAY': ':1', 'LOCPATH': '/snap/code/202/usr/lib/locale', 'PLATFORMIO_PATH': '/home/dexter/.platformio/python3/bin:/usr/local/sbin:/usr/local/bin:/usr/sbin:/usr/bin:/sbin:/bin:/usr/games:/usr/local/games:/snap/bin:/snap/bin', 'VSCODE_DEBUGPY_ADAPTER_ENDPOINTS': '/home/dexter/.vscode/extensions/ms-python.debugpy-2025.10.0-linux-x64/.noConfigDebugAdapterEndpoints/endpoint-32e1a8706864c63c.txt', 'LANG': 'en_US.UTF-8', 'XDG_CURRENT_DESKTOP': 'Unity', 'GIO_MODULE_DIR_VSCODE_SNAP_ORIG': '', 'XDG_DATA_HOME': '/home/dexter/snap/code/202/.local/share', 'XMODIFIERS': '@im=ibus', 'XDG_SESSION_DESKTOP': 'ubuntu', 'XAUTHORITY': '/run/user/1000/gdm/Xauthority', 'LS_COLORS': '', 'VSCODE_GIT_IPC_HANDLE': '/run/user/1000/vscode-git-4c91d66d6d.sock', 'TERM_PROGRAM': 'vscode', 'SNAP_USER_COMMON': '/home/dexter/snap/code/common', 'SSH_AUTH_SOCK': '/run/user/1000/keyring/ssh', 'GSETTINGS_SCHEMA_DIR': '/home/dexter/snap/code/202/.local/share/glib-2.0/schemas', 'IDS_GENICAM_TL_64_HELPER_SOURCED': '1', 'SNAP_ARCH': 'amd64', 'AMENT_PREFIX_PATH': '/home/dexter/ROS2/FilterCam/install/velodyne_msgs:/home/dexter/ROS2/FilterCam/install/package_launcher:/home/dexter/ROS2/FilterCam/install/liquidlens:/home/dexter/ROS2/FilterCam/install/filterwheel:/home/dexter/ROS2/FilterCam/install/filtered_pointcloud_pkg:/home/dexter/ROS2/FilterCam/install/empty_package:/opt/ros/jazzy', 'SNAP_COOKIE': 'XdP8oN_ehD1rouqLMtxIYSbH3yjS06B3kD9wxdCMlZkkw9yn038g', 'ORIGINAL_XDG_CURRENT_DESKTOP': 'ubuntu:GNOME', 'SHELL': '/bin/bash', 'GDK_PIXBUF_MODULEDIR': '/snap/code/202/usr/lib/x86_64-linux-gnu/gdk-pixbuf-2.0/2.10.0/loaders', 'QT_ACCESSIBILITY': '1', 'ELECTRON_RUN_AS_NODE': '1', 'GDMSESSION': 'ubuntu', 'LESSCLOSE': '/usr/bin/lesspipe %s %s', 'GTK_PATH_VSCODE_SNAP_ORIG': '', 'SNAP_NAME': 'code', 'FONTCONFIG_FILE': '/etc/fonts/fonts.conf', 'GTK_IM_MODULE_FILE_VSCODE_SNAP_ORIG': '', 'GDK_PIXBUF_MODULE_FILE': '/home/dexter/snap/code/common/.cache/gdk-pixbuf-loaders.cache', 'GPG_AGENT_INFO': '/run/user/1000/gnupg/S.gpg-agent:0:1', 'GJS_DEBUG_OUTPUT': 'stderr', 'ROS_AUTOMATIC_DISCOVERY_RANGE': 'SUBNET', 'SNAP_LAUNCHER_ARCH_TRIPLET': 'x86_64-linux-gnu', 'VSCODE_GIT_ASKPASS_EXTRA_ARGS': '', 'QT_IM_MODULE': 'ibus', 'PWD': '/home/dexter/ROS2/FilterCam/build/filtered_pointcloud_pkg', 'VSCODE_CLI': '1', 'LC_ALL': 'en_US.UTF-8', 'XDG_CONFIG_DIRS': '/etc/xdg/xdg-ubuntu:/etc/xdg', 'SNAP_REAL_HOME': '/home/dexter', 'VSCODE_CODE_CACHE_PATH': '/home/dexter/.config/Code/CachedData/488a1f239235055e34e673291fb8d8c810886f81', 'XDG_DATA_DIRS': '/home/dexter/snap/code/202/.local/share:/home/dexter/snap/code/202:/snap/code/202/usr/share:/usr/share/ubuntu:/usr/share/gnome:/usr/local/share/:/usr/share/:/var/lib/snapd/desktop', 'SNAP_EUID': '1000', 'PYTHONPATH': '/home/dexter/ROS2/FilterCam/build/filtered_pointcloud_pkg/prefix_override:/usr/lib/python3/dist-packages/colcon_core/task/python/colcon_distutils_commands:/home/dexter/ROS2/FilterCam/install/filtered_pointcloud_pkg/lib/python3.12/site-packages:/home/dexter/ROS2/FilterCam/install/velodyne_msgs/lib/python3.12/site-packages:/home/dexter/ROS2/FilterCam/build/package_launcher:/home/dexter/ROS2/FilterCam/install/package_launcher/lib/python3.12/site-packages:/home/dexter/ROS2/FilterCam/build/liquidlens:/home/dexter/ROS2/FilterCam/install/liquidlens/lib/python3.12/site-packages:/home/dexter/ROS2/FilterCam/build/filterwheel:/home/dexter/ROS2/FilterCam/install/filterwheel/lib/python3.12/site-packages:/home/dexter/ROS2/FilterCam/build/filtered_pointcloud_pkg:/home/dexter/ROS2/FilterCam/install/filtered_pointcloud_pkg/lib/python3.12/site-packages:/home/dexter/ROS2/FilterCam/build/empty_package:/home/dexter/ROS2/FilterCam/install/empty_package/lib/python3.12/site-packages:/opt/ros/jazzy/lib/python3.12/site-packages', 'SNAP': '/snap/code/202', 'COLCON': '1', 'MEMORY_PRESSURE_WRITE': 'c29tZSAyMDAwMDAgMjAwMDAwMAA=', 'GENICAM_GENTL64_PATH': '/usr/lib/ids/cti', 'ELECTRON_NO_ATTACH_CONSOLE': '1', 'CMAKE_PREFIX_PATH': '/home/dexter/ROS2/FilterCam/install/velodyne_msgs:/opt/ros/jazzy/opt/gz_math_vendor:/opt/ros/jazzy/opt/gz_utils_vendor:/opt/ros/jazzy/opt/gz_cmake_vendor', 'VSCODE_PID': '55182'}, 'shell': False}
[1.550774] (package_launcher) Command: {'cmd': ['/usr/bin/python3', '-W', 'ignore:setup.py install is deprecated', '-W', 'ignore:easy_install command is deprecated', 'setup.py', 'develop', '--editable', '--build-directory', '/home/dexter/ROS2/FilterCam/build/package_launcher/build', '--no-deps', 'symlink_data'], 'cwd': '/home/dexter/ROS2/FilterCam/build/package_launcher', 'env': {'GJS_DEBUG_TOPICS': 'JS ERROR;JS LOG', 'LESSOPEN': '| /usr/bin/lesspipe %s', 'VSCODE_CWD': '/home/dexter', 'VSCODE_ESM_ENTRYPOINT': 'vs/workbench/api/node/extensionHostProcess', 'PLATFORMIO_CALLER': 'vscode', 'USER': 'dexter', 'SNAP_COMMON': '/var/snap/code/common', 'VSCODE_NLS_CONFIG': '{"userLocale":"en-us","osLocale":"en-us","resolvedLanguage":"en","defaultMessagesFile":"/snap/code/202/usr/share/code/resources/app/out/nls.messages.json","locale":"en-us","availableLanguages":{}}', 'FONTCONFIG_PATH': '/etc/fonts', 'GIO_MODULE_DIR': '/home/dexter/snap/code/common/.cache/gio-modules', 'VSCODE_HANDLES_UNCAUGHT_ERRORS': 'true', 'XDG_SESSION_TYPE': 'x11', 'GIT_ASKPASS': '/snap/code/202/usr/share/code/resources/app/extensions/git/dist/askpass.sh', 'GTK_EXE_PREFIX_VSCODE_SNAP_ORIG': '', 'GDK_BACKEND_VSCODE_SNAP_ORIG': '', 'SNAP_UID': '1000', 'CLUTTER_DISABLE_MIPMAPPED_TEXT': '1', 'SHLVL': '0', 'LD_LIBRARY_PATH': '/home/dexter/ROS2/FilterCam/install/velodyne_msgs/lib:/opt/ros/jazzy/opt/rviz_ogre_vendor/lib:/opt/ros/jazzy/lib/x86_64-linux-gnu:/opt/ros/jazzy/opt/gz_math_vendor/lib:/opt/ros/jazzy/opt/gz_utils_vendor/lib:/opt/ros/jazzy/opt/gz_cmake_vendor/lib:/opt/ros/jazzy/lib', 'HOME': '/home/dexter', 'CHROME_DESKTOP': 'code.desktop', 'SNAP_LIBRARY_PATH': '/var/lib/snapd/lib/gl:/var/lib/snapd/lib/gl32:/var/lib/snapd/void', 'LOCPATH_VSCODE_SNAP_ORIG': '', 'TERM_PROGRAM_VERSION': '1.102.3', 'DESKTOP_SESSION': 'ubuntu', 'SNAP_USER_DATA': '/home/dexter/snap/code/202', 'GTK_PATH': '/snap/code/202/usr/lib/x86_64-linux-gnu/gtk-3.0', 'NO_PROXY': '127.0.0.1', 'VSCODE_IPC_HOOK': '/run/user/1000/vscode-7cf15dc3-1.10-main.sock', 'XDG_DATA_HOME_VSCODE_SNAP_ORIG': '', 'GTK_IM_MODULE_FILE': '/home/dexter/snap/code/common/.cache/immodules/immodules.cache', 'GIO_LAUNCHED_DESKTOP_FILE': '/var/lib/snapd/desktop/applications/code_code.desktop', 'APPLICATION_INSIGHTS_NO_DIAGNOSTIC_CHANNEL': '1', 'ROS_PYTHON_VERSION': '3', 'GNOME_SHELL_SESSION_MODE': 'ubuntu', 'GTK_MODULES': 'gail:atk-bridge', 'GSETTINGS_SCHEMA_DIR_VSCODE_SNAP_ORIG': '', 'VSCODE_GIT_ASKPASS_MAIN': '/snap/code/202/usr/share/code/resources/app/extensions/git/dist/askpass-main.js', 'VSCODE_GIT_ASKPASS_NODE': '/snap/code/202/usr/share/code/code', 'PLATFORMIO_IDE': '3.3.4', 'MANAGERPID': '2696', 'PYDEVD_DISABLE_FILE_VALIDATION': '1', 'SYSTEMD_EXEC_PID': '3075', 'BUNDLED_DEBUGPY_PATH': '/home/dexter/.vscode/extensions/ms-python.debugpy-2025.10.0-linux-x64/bundled/libs/debugpy', 'GSM_SKIP_SSH_AGENT_WORKAROUND': 'true', 'DBUS_SESSION_BUS_ADDRESS': 'unix:path=/run/user/1000/bus', 'SNAP_REVISION': '202', 'COLORTERM': 'truecolor', 'GIO_LAUNCHED_DESKTOP_FILE_PID': '55129', 'VSCODE_CRASH_REPORTER_PROCESS_TYPE': 'extensionHost', 'DEBUGINFOD_URLS': 'https://debuginfod.ubuntu.com', 'VSCODE_L10N_BUNDLE_LOCATION': '', 'COLCON_PREFIX_PATH': '/home/dexter/ROS2/FilterCam/install', 'ROS_DISTRO': 'jazzy', 'LOGNAME': 'dexter', '_': '/usr/bin/colcon', 'SNAP_CONTEXT': 'XdP8oN_ehD1rouqLMtxIYSbH3yjS06B3kD9wxdCMlZkkw9yn038g', 'JOURNAL_STREAM': '9:20379', 'ROS_VERSION': '2', 'XDG_CONFIG_DIRS_VSCODE_SNAP_ORIG': '/etc/xdg/xdg-ubuntu:/etc/xdg', 'MEMORY_PRESSURE_WATCH': '/sys/fs/cgroup/user.slice/user-1000.slice/user@1000.service/session.slice/org.gnome.Shell@x11.service/memory.pressure', 'XDG_SESSION_CLASS': 'user', 'SNAP_VERSION': '488a1f23', 'APPLICATIONINSIGHTS_CONFIGURATION_CONTENT': '{}', 'XDG_DATA_DIRS_VSCODE_SNAP_ORIG': '/usr/share/ubuntu:/usr/share/gnome:/usr/local/share/:/usr/share/:/var/lib/snapd/desktop', 'USERNAME': 'dexter', 'TERM': 'xterm-256color', 'GNOME_DESKTOP_SESSION_ID': 'this-is-deprecated', 'SNAP_INSTANCE_NAME': 'code', 'WINDOWPATH': '2', 'PATH': '/opt/ros/jazzy/bin:/usr/local/sbin:/usr/local/bin:/usr/sbin:/usr/bin:/sbin:/bin:/usr/games:/usr/local/games:/snap/bin:/snap/bin:/home/dexter/.vscode/extensions/ms-python.debugpy-2025.10.0-linux-x64/bundled/scripts/noConfigScripts', 'SESSION_MANAGER': 'local/dexter-linux:@/tmp/.ICE-unix/3032,unix/dexter-linux:/tmp/.ICE-unix/3032', 'GTK_EXE_PREFIX': '/snap/code/202/usr', 'INVOCATION_ID': '3ca42a9ea7c44a66b229a92ad4b29da4', 'XDG_MENU_PREFIX': 'gnome-', 'BAMF_DESKTOP_FILE_HINT': '/var/lib/snapd/desktop/applications/code_code.desktop', 'SNAP_DATA': '/var/snap/code/202', 'XDG_RUNTIME_DIR': '/run/user/1000', 'GDK_BACKEND': 'x11', 'DISPLAY': ':1', 'LOCPATH': '/snap/code/202/usr/lib/locale', 'PLATFORMIO_PATH': '/home/dexter/.platformio/python3/bin:/usr/local/sbin:/usr/local/bin:/usr/sbin:/usr/bin:/sbin:/bin:/usr/games:/usr/local/games:/snap/bin:/snap/bin', 'VSCODE_DEBUGPY_ADAPTER_ENDPOINTS': '/home/dexter/.vscode/extensions/ms-python.debugpy-2025.10.0-linux-x64/.noConfigDebugAdapterEndpoints/endpoint-32e1a8706864c63c.txt', 'LANG': 'en_US.UTF-8', 'XDG_CURRENT_DESKTOP': 'Unity', 'GIO_MODULE_DIR_VSCODE_SNAP_ORIG': '', 'XDG_DATA_HOME': '/home/dexter/snap/code/202/.local/share', 'XMODIFIERS': '@im=ibus', 'XDG_SESSION_DESKTOP': 'ubuntu', 'XAUTHORITY': '/run/user/1000/gdm/Xauthority', 'LS_COLORS': '', 'VSCODE_GIT_IPC_HANDLE': '/run/user/1000/vscode-git-4c91d66d6d.sock', 'TERM_PROGRAM': 'vscode', 'SNAP_USER_COMMON': '/home/dexter/snap/code/common', 'SSH_AUTH_SOCK': '/run/user/1000/keyring/ssh', 'GSETTINGS_SCHEMA_DIR': '/home/dexter/snap/code/202/.local/share/glib-2.0/schemas', 'IDS_GENICAM_TL_64_HELPER_SOURCED': '1', 'SNAP_ARCH': 'amd64', 'AMENT_PREFIX_PATH': '/home/dexter/ROS2/FilterCam/install/velodyne_msgs:/home/dexter/ROS2/FilterCam/install/package_launcher:/home/dexter/ROS2/FilterCam/install/liquidlens:/home/dexter/ROS2/FilterCam/install/filterwheel:/home/dexter/ROS2/FilterCam/install/filtered_pointcloud_pkg:/home/dexter/ROS2/FilterCam/install/empty_package:/opt/ros/jazzy', 'SNAP_COOKIE': 'XdP8oN_ehD1rouqLMtxIYSbH3yjS06B3kD9wxdCMlZkkw9yn038g', 'ORIGINAL_XDG_CURRENT_DESKTOP': 'ubuntu:GNOME', 'SHELL': '/bin/bash', 'GDK_PIXBUF_MODULEDIR': '/snap/code/202/usr/lib/x86_64-linux-gnu/gdk-pixbuf-2.0/2.10.0/loaders', 'QT_ACCESSIBILITY': '1', 'ELECTRON_RUN_AS_NODE': '1', 'GDMSESSION': 'ubuntu', 'LESSCLOSE': '/usr/bin/lesspipe %s %s', 'GTK_PATH_VSCODE_SNAP_ORIG': '', 'SNAP_NAME': 'code', 'FONTCONFIG_FILE': '/etc/fonts/fonts.conf', 'GTK_IM_MODULE_FILE_VSCODE_SNAP_ORIG': '', 'GDK_PIXBUF_MODULE_FILE': '/home/dexter/snap/code/common/.cache/gdk-pixbuf-loaders.cache', 'GPG_AGENT_INFO': '/run/user/1000/gnupg/S.gpg-agent:0:1', 'GJS_DEBUG_OUTPUT': 'stderr', 'ROS_AUTOMATIC_DISCOVERY_RANGE': 'SUBNET', 'SNAP_LAUNCHER_ARCH_TRIPLET': 'x86_64-linux-gnu', 'VSCODE_GIT_ASKPASS_EXTRA_ARGS': '', 'QT_IM_MODULE': 'ibus', 'PWD': '/home/dexter/ROS2/FilterCam/build/package_launcher', 'VSCODE_CLI': '1', 'LC_ALL': 'en_US.UTF-8', 'XDG_CONFIG_DIRS': '/etc/xdg/xdg-ubuntu:/etc/xdg', 'SNAP_REAL_HOME': '/home/dexter', 'VSCODE_CODE_CACHE_PATH': '/home/dexter/.config/Code/CachedData/488a1f239235055e34e673291fb8d8c810886f81', 'XDG_DATA_DIRS': '/home/dexter/snap/code/202/.local/share:/home/dexter/snap/code/202:/snap/code/202/usr/share:/usr/share/ubuntu:/usr/share/gnome:/usr/local/share/:/usr/share/:/var/lib/snapd/desktop', 'SNAP_EUID': '1000', 'PYTHONPATH': '/home/dexter/ROS2/FilterCam/build/package_launcher/prefix_override:/usr/lib/python3/dist-packages/colcon_core/task/python/colcon_distutils_commands:/home/dexter/ROS2/FilterCam/install/package_launcher/lib/python3.12/site-packages:/home/dexter/ROS2/FilterCam/install/velodyne_msgs/lib/python3.12/site-packages:/home/dexter/ROS2/FilterCam/build/package_launcher:/home/dexter/ROS2/FilterCam/install/package_launcher/lib/python3.12/site-packages:/home/dexter/ROS2/FilterCam/build/liquidlens:/home/dexter/ROS2/FilterCam/install/liquidlens/lib/python3.12/site-packages:/home/dexter/ROS2/FilterCam/build/filterwheel:/home/dexter/ROS2/FilterCam/install/filterwheel/lib/python3.12/site-packages:/home/dexter/ROS2/FilterCam/build/filtered_pointcloud_pkg:/home/dexter/ROS2/FilterCam/install/filtered_pointcloud_pkg/lib/python3.12/site-packages:/home/dexter/ROS2/FilterCam/build/empty_package:/home/dexter/ROS2/FilterCam/install/empty_package/lib/python3.12/site-packages:/opt/ros/jazzy/lib/python3.12/site-packages', 'SNAP': '/snap/code/202', 'COLCON': '1', 'MEMORY_PRESSURE_WRITE': 'c29tZSAyMDAwMDAgMjAwMDAwMAA=', 'GENICAM_GENTL64_PATH': '/usr/lib/ids/cti', 'ELECTRON_NO_ATTACH_CONSOLE': '1', 'CMAKE_PREFIX_PATH': '/home/dexter/ROS2/FilterCam/install/velodyne_msgs:/opt/ros/jazzy/opt/gz_math_vendor:/opt/ros/jazzy/opt/gz_utils_vendor:/opt/ros/jazzy/opt/gz_cmake_vendor', 'VSCODE_PID': '55182'}, 'shell': False}
[1.556181] (filterwheel) Command: {'cmd': ['/usr/bin/python3', '-W', 'ignore:setup.py install is deprecated', '-W', 'ignore:easy_install command is deprecated', 'setup.py', 'develop', '--editable', '--build-directory', '/home/dexter/ROS2/FilterCam/build/filterwheel/build', '--no-deps', 'symlink_data'], 'cwd': '/home/dexter/ROS2/FilterCam/build/filterwheel', 'env': {'GJS_DEBUG_TOPICS': 'JS ERROR;JS LOG', 'LESSOPEN': '| /usr/bin/lesspipe %s', 'VSCODE_CWD': '/home/dexter', 'VSCODE_ESM_ENTRYPOINT': 'vs/workbench/api/node/extensionHostProcess', 'PLATFORMIO_CALLER': 'vscode', 'USER': 'dexter', 'SNAP_COMMON': '/var/snap/code/common', 'VSCODE_NLS_CONFIG': '{"userLocale":"en-us","osLocale":"en-us","resolvedLanguage":"en","defaultMessagesFile":"/snap/code/202/usr/share/code/resources/app/out/nls.messages.json","locale":"en-us","availableLanguages":{}}', 'FONTCONFIG_PATH': '/etc/fonts', 'GIO_MODULE_DIR': '/home/dexter/snap/code/common/.cache/gio-modules', 'VSCODE_HANDLES_UNCAUGHT_ERRORS': 'true', 'XDG_SESSION_TYPE': 'x11', 'GIT_ASKPASS': '/snap/code/202/usr/share/code/resources/app/extensions/git/dist/askpass.sh', 'GTK_EXE_PREFIX_VSCODE_SNAP_ORIG': '', 'GDK_BACKEND_VSCODE_SNAP_ORIG': '', 'SNAP_UID': '1000', 'CLUTTER_DISABLE_MIPMAPPED_TEXT': '1', 'SHLVL': '0', 'LD_LIBRARY_PATH': '/home/dexter/ROS2/FilterCam/install/velodyne_msgs/lib:/opt/ros/jazzy/opt/rviz_ogre_vendor/lib:/opt/ros/jazzy/lib/x86_64-linux-gnu:/opt/ros/jazzy/opt/gz_math_vendor/lib:/opt/ros/jazzy/opt/gz_utils_vendor/lib:/opt/ros/jazzy/opt/gz_cmake_vendor/lib:/opt/ros/jazzy/lib', 'HOME': '/home/dexter', 'CHROME_DESKTOP': 'code.desktop', 'SNAP_LIBRARY_PATH': '/var/lib/snapd/lib/gl:/var/lib/snapd/lib/gl32:/var/lib/snapd/void', 'LOCPATH_VSCODE_SNAP_ORIG': '', 'TERM_PROGRAM_VERSION': '1.102.3', 'DESKTOP_SESSION': 'ubuntu', 'SNAP_USER_DATA': '/home/dexter/snap/code/202', 'GTK_PATH': '/snap/code/202/usr/lib/x86_64-linux-gnu/gtk-3.0', 'NO_PROXY': '127.0.0.1', 'VSCODE_IPC_HOOK': '/run/user/1000/vscode-7cf15dc3-1.10-main.sock', 'XDG_DATA_HOME_VSCODE_SNAP_ORIG': '', 'GTK_IM_MODULE_FILE': '/home/dexter/snap/code/common/.cache/immodules/immodules.cache', 'GIO_LAUNCHED_DESKTOP_FILE': '/var/lib/snapd/desktop/applications/code_code.desktop', 'APPLICATION_INSIGHTS_NO_DIAGNOSTIC_CHANNEL': '1', 'ROS_PYTHON_VERSION': '3', 'GNOME_SHELL_SESSION_MODE': 'ubuntu', 'GTK_MODULES': 'gail:atk-bridge', 'GSETTINGS_SCHEMA_DIR_VSCODE_SNAP_ORIG': '', 'VSCODE_GIT_ASKPASS_MAIN': '/snap/code/202/usr/share/code/resources/app/extensions/git/dist/askpass-main.js', 'VSCODE_GIT_ASKPASS_NODE': '/snap/code/202/usr/share/code/code', 'PLATFORMIO_IDE': '3.3.4', 'MANAGERPID': '2696', 'PYDEVD_DISABLE_FILE_VALIDATION': '1', 'SYSTEMD_EXEC_PID': '3075', 'BUNDLED_DEBUGPY_PATH': '/home/dexter/.vscode/extensions/ms-python.debugpy-2025.10.0-linux-x64/bundled/libs/debugpy', 'GSM_SKIP_SSH_AGENT_WORKAROUND': 'true', 'DBUS_SESSION_BUS_ADDRESS': 'unix:path=/run/user/1000/bus', 'SNAP_REVISION': '202', 'COLORTERM': 'truecolor', 'GIO_LAUNCHED_DESKTOP_FILE_PID': '55129', 'VSCODE_CRASH_REPORTER_PROCESS_TYPE': 'extensionHost', 'DEBUGINFOD_URLS': 'https://debuginfod.ubuntu.com', 'VSCODE_L10N_BUNDLE_LOCATION': '', 'COLCON_PREFIX_PATH': '/home/dexter/ROS2/FilterCam/install', 'ROS_DISTRO': 'jazzy', 'LOGNAME': 'dexter', '_': '/usr/bin/colcon', 'SNAP_CONTEXT': 'XdP8oN_ehD1rouqLMtxIYSbH3yjS06B3kD9wxdCMlZkkw9yn038g', 'JOURNAL_STREAM': '9:20379', 'ROS_VERSION': '2', 'XDG_CONFIG_DIRS_VSCODE_SNAP_ORIG': '/etc/xdg/xdg-ubuntu:/etc/xdg', 'MEMORY_PRESSURE_WATCH': '/sys/fs/cgroup/user.slice/user-1000.slice/user@1000.service/session.slice/org.gnome.Shell@x11.service/memory.pressure', 'XDG_SESSION_CLASS': 'user', 'SNAP_VERSION': '488a1f23', 'APPLICATIONINSIGHTS_CONFIGURATION_CONTENT': '{}', 'XDG_DATA_DIRS_VSCODE_SNAP_ORIG': '/usr/share/ubuntu:/usr/share/gnome:/usr/local/share/:/usr/share/:/var/lib/snapd/desktop', 'USERNAME': 'dexter', 'TERM': 'xterm-256color', 'GNOME_DESKTOP_SESSION_ID': 'this-is-deprecated', 'SNAP_INSTANCE_NAME': 'code', 'WINDOWPATH': '2', 'PATH': '/opt/ros/jazzy/bin:/usr/local/sbin:/usr/local/bin:/usr/sbin:/usr/bin:/sbin:/bin:/usr/games:/usr/local/games:/snap/bin:/snap/bin:/home/dexter/.vscode/extensions/ms-python.debugpy-2025.10.0-linux-x64/bundled/scripts/noConfigScripts', 'SESSION_MANAGER': 'local/dexter-linux:@/tmp/.ICE-unix/3032,unix/dexter-linux:/tmp/.ICE-unix/3032', 'GTK_EXE_PREFIX': '/snap/code/202/usr', 'INVOCATION_ID': '3ca42a9ea7c44a66b229a92ad4b29da4', 'XDG_MENU_PREFIX': 'gnome-', 'BAMF_DESKTOP_FILE_HINT': '/var/lib/snapd/desktop/applications/code_code.desktop', 'SNAP_DATA': '/var/snap/code/202', 'XDG_RUNTIME_DIR': '/run/user/1000', 'GDK_BACKEND': 'x11', 'DISPLAY': ':1', 'LOCPATH': '/snap/code/202/usr/lib/locale', 'PLATFORMIO_PATH': '/home/dexter/.platformio/python3/bin:/usr/local/sbin:/usr/local/bin:/usr/sbin:/usr/bin:/sbin:/bin:/usr/games:/usr/local/games:/snap/bin:/snap/bin', 'VSCODE_DEBUGPY_ADAPTER_ENDPOINTS': '/home/dexter/.vscode/extensions/ms-python.debugpy-2025.10.0-linux-x64/.noConfigDebugAdapterEndpoints/endpoint-32e1a8706864c63c.txt', 'LANG': 'en_US.UTF-8', 'XDG_CURRENT_DESKTOP': 'Unity', 'GIO_MODULE_DIR_VSCODE_SNAP_ORIG': '', 'XDG_DATA_HOME': '/home/dexter/snap/code/202/.local/share', 'XMODIFIERS': '@im=ibus', 'XDG_SESSION_DESKTOP': 'ubuntu', 'XAUTHORITY': '/run/user/1000/gdm/Xauthority', 'LS_COLORS': '', 'VSCODE_GIT_IPC_HANDLE': '/run/user/1000/vscode-git-4c91d66d6d.sock', 'TERM_PROGRAM': 'vscode', 'SNAP_USER_COMMON': '/home/dexter/snap/code/common', 'SSH_AUTH_SOCK': '/run/user/1000/keyring/ssh', 'GSETTINGS_SCHEMA_DIR': '/home/dexter/snap/code/202/.local/share/glib-2.0/schemas', 'IDS_GENICAM_TL_64_HELPER_SOURCED': '1', 'SNAP_ARCH': 'amd64', 'AMENT_PREFIX_PATH': '/home/dexter/ROS2/FilterCam/install/velodyne_msgs:/home/dexter/ROS2/FilterCam/install/package_launcher:/home/dexter/ROS2/FilterCam/install/liquidlens:/home/dexter/ROS2/FilterCam/install/filterwheel:/home/dexter/ROS2/FilterCam/install/filtered_pointcloud_pkg:/home/dexter/ROS2/FilterCam/install/empty_package:/opt/ros/jazzy', 'SNAP_COOKIE': 'XdP8oN_ehD1rouqLMtxIYSbH3yjS06B3kD9wxdCMlZkkw9yn038g', 'ORIGINAL_XDG_CURRENT_DESKTOP': 'ubuntu:GNOME', 'SHELL': '/bin/bash', 'GDK_PIXBUF_MODULEDIR': '/snap/code/202/usr/lib/x86_64-linux-gnu/gdk-pixbuf-2.0/2.10.0/loaders', 'QT_ACCESSIBILITY': '1', 'ELECTRON_RUN_AS_NODE': '1', 'GDMSESSION': 'ubuntu', 'LESSCLOSE': '/usr/bin/lesspipe %s %s', 'GTK_PATH_VSCODE_SNAP_ORIG': '', 'SNAP_NAME': 'code', 'FONTCONFIG_FILE': '/etc/fonts/fonts.conf', 'GTK_IM_MODULE_FILE_VSCODE_SNAP_ORIG': '', 'GDK_PIXBUF_MODULE_FILE': '/home/dexter/snap/code/common/.cache/gdk-pixbuf-loaders.cache', 'GPG_AGENT_INFO': '/run/user/1000/gnupg/S.gpg-agent:0:1', 'GJS_DEBUG_OUTPUT': 'stderr', 'ROS_AUTOMATIC_DISCOVERY_RANGE': 'SUBNET', 'SNAP_LAUNCHER_ARCH_TRIPLET': 'x86_64-linux-gnu', 'VSCODE_GIT_ASKPASS_EXTRA_ARGS': '', 'QT_IM_MODULE': 'ibus', 'PWD': '/home/dexter/ROS2/FilterCam/build/filterwheel', 'VSCODE_CLI': '1', 'LC_ALL': 'en_US.UTF-8', 'XDG_CONFIG_DIRS': '/etc/xdg/xdg-ubuntu:/etc/xdg', 'SNAP_REAL_HOME': '/home/dexter', 'VSCODE_CODE_CACHE_PATH': '/home/dexter/.config/Code/CachedData/488a1f239235055e34e673291fb8d8c810886f81', 'XDG_DATA_DIRS': '/home/dexter/snap/code/202/.local/share:/home/dexter/snap/code/202:/snap/code/202/usr/share:/usr/share/ubuntu:/usr/share/gnome:/usr/local/share/:/usr/share/:/var/lib/snapd/desktop', 'SNAP_EUID': '1000', 'PYTHONPATH': '/home/dexter/ROS2/FilterCam/build/filterwheel/prefix_override:/usr/lib/python3/dist-packages/colcon_core/task/python/colcon_distutils_commands:/home/dexter/ROS2/FilterCam/install/filterwheel/lib/python3.12/site-packages:/home/dexter/ROS2/FilterCam/install/velodyne_msgs/lib/python3.12/site-packages:/home/dexter/ROS2/FilterCam/build/package_launcher:/home/dexter/ROS2/FilterCam/install/package_launcher/lib/python3.12/site-packages:/home/dexter/ROS2/FilterCam/build/liquidlens:/home/dexter/ROS2/FilterCam/install/liquidlens/lib/python3.12/site-packages:/home/dexter/ROS2/FilterCam/build/filterwheel:/home/dexter/ROS2/FilterCam/install/filterwheel/lib/python3.12/site-packages:/home/dexter/ROS2/FilterCam/build/filtered_pointcloud_pkg:/home/dexter/ROS2/FilterCam/install/filtered_pointcloud_pkg/lib/python3.12/site-packages:/home/dexter/ROS2/FilterCam/build/empty_package:/home/dexter/ROS2/FilterCam/install/empty_package/lib/python3.12/site-packages:/opt/ros/jazzy/lib/python3.12/site-packages', 'SNAP': '/snap/code/202', 'COLCON': '1', 'MEMORY_PRESSURE_WRITE': 'c29tZSAyMDAwMDAgMjAwMDAwMAA=', 'GENICAM_GENTL64_PATH': '/usr/lib/ids/cti', 'ELECTRON_NO_ATTACH_CONSOLE': '1', 'CMAKE_PREFIX_PATH': '/home/dexter/ROS2/FilterCam/install/velodyne_msgs:/opt/ros/jazzy/opt/gz_math_vendor:/opt/ros/jazzy/opt/gz_utils_vendor:/opt/ros/jazzy/opt/gz_cmake_vendor', 'VSCODE_PID': '55182'}, 'shell': False}
[1.560069] (empty_package) Command: {'cmd': ['/usr/bin/python3', '-W', 'ignore:setup.py install is deprecated', '-W', 'ignore:easy_install command is deprecated', 'setup.py', 'develop', '--editable', '--build-directory', '/home/dexter/ROS2/FilterCam/build/empty_package/build', '--no-deps', 'symlink_data'], 'cwd': '/home/dexter/ROS2/FilterCam/build/empty_package', 'env': {'GJS_DEBUG_TOPICS': 'JS ERROR;JS LOG', 'LESSOPEN': '| /usr/bin/lesspipe %s', 'VSCODE_CWD': '/home/dexter', 'VSCODE_ESM_ENTRYPOINT': 'vs/workbench/api/node/extensionHostProcess', 'PLATFORMIO_CALLER': 'vscode', 'USER': 'dexter', 'SNAP_COMMON': '/var/snap/code/common', 'VSCODE_NLS_CONFIG': '{"userLocale":"en-us","osLocale":"en-us","resolvedLanguage":"en","defaultMessagesFile":"/snap/code/202/usr/share/code/resources/app/out/nls.messages.json","locale":"en-us","availableLanguages":{}}', 'FONTCONFIG_PATH': '/etc/fonts', 'GIO_MODULE_DIR': '/home/dexter/snap/code/common/.cache/gio-modules', 'VSCODE_HANDLES_UNCAUGHT_ERRORS': 'true', 'XDG_SESSION_TYPE': 'x11', 'GIT_ASKPASS': '/snap/code/202/usr/share/code/resources/app/extensions/git/dist/askpass.sh', 'GTK_EXE_PREFIX_VSCODE_SNAP_ORIG': '', 'GDK_BACKEND_VSCODE_SNAP_ORIG': '', 'SNAP_UID': '1000', 'CLUTTER_DISABLE_MIPMAPPED_TEXT': '1', 'SHLVL': '0', 'LD_LIBRARY_PATH': '/home/dexter/ROS2/FilterCam/install/velodyne_msgs/lib:/opt/ros/jazzy/opt/rviz_ogre_vendor/lib:/opt/ros/jazzy/lib/x86_64-linux-gnu:/opt/ros/jazzy/opt/gz_math_vendor/lib:/opt/ros/jazzy/opt/gz_utils_vendor/lib:/opt/ros/jazzy/opt/gz_cmake_vendor/lib:/opt/ros/jazzy/lib', 'HOME': '/home/dexter', 'CHROME_DESKTOP': 'code.desktop', 'SNAP_LIBRARY_PATH': '/var/lib/snapd/lib/gl:/var/lib/snapd/lib/gl32:/var/lib/snapd/void', 'LOCPATH_VSCODE_SNAP_ORIG': '', 'TERM_PROGRAM_VERSION': '1.102.3', 'DESKTOP_SESSION': 'ubuntu', 'SNAP_USER_DATA': '/home/dexter/snap/code/202', 'GTK_PATH': '/snap/code/202/usr/lib/x86_64-linux-gnu/gtk-3.0', 'NO_PROXY': '127.0.0.1', 'VSCODE_IPC_HOOK': '/run/user/1000/vscode-7cf15dc3-1.10-main.sock', 'XDG_DATA_HOME_VSCODE_SNAP_ORIG': '', 'GTK_IM_MODULE_FILE': '/home/dexter/snap/code/common/.cache/immodules/immodules.cache', 'GIO_LAUNCHED_DESKTOP_FILE': '/var/lib/snapd/desktop/applications/code_code.desktop', 'APPLICATION_INSIGHTS_NO_DIAGNOSTIC_CHANNEL': '1', 'ROS_PYTHON_VERSION': '3', 'GNOME_SHELL_SESSION_MODE': 'ubuntu', 'GTK_MODULES': 'gail:atk-bridge', 'GSETTINGS_SCHEMA_DIR_VSCODE_SNAP_ORIG': '', 'VSCODE_GIT_ASKPASS_MAIN': '/snap/code/202/usr/share/code/resources/app/extensions/git/dist/askpass-main.js', 'VSCODE_GIT_ASKPASS_NODE': '/snap/code/202/usr/share/code/code', 'PLATFORMIO_IDE': '3.3.4', 'MANAGERPID': '2696', 'PYDEVD_DISABLE_FILE_VALIDATION': '1', 'SYSTEMD_EXEC_PID': '3075', 'BUNDLED_DEBUGPY_PATH': '/home/dexter/.vscode/extensions/ms-python.debugpy-2025.10.0-linux-x64/bundled/libs/debugpy', 'GSM_SKIP_SSH_AGENT_WORKAROUND': 'true', 'DBUS_SESSION_BUS_ADDRESS': 'unix:path=/run/user/1000/bus', 'SNAP_REVISION': '202', 'COLORTERM': 'truecolor', 'GIO_LAUNCHED_DESKTOP_FILE_PID': '55129', 'VSCODE_CRASH_REPORTER_PROCESS_TYPE': 'extensionHost', 'DEBUGINFOD_URLS': 'https://debuginfod.ubuntu.com', 'VSCODE_L10N_BUNDLE_LOCATION': '', 'COLCON_PREFIX_PATH': '/home/dexter/ROS2/FilterCam/install', 'ROS_DISTRO': 'jazzy', 'LOGNAME': 'dexter', '_': '/usr/bin/colcon', 'SNAP_CONTEXT': 'XdP8oN_ehD1rouqLMtxIYSbH3yjS06B3kD9wxdCMlZkkw9yn038g', 'JOURNAL_STREAM': '9:20379', 'ROS_VERSION': '2', 'XDG_CONFIG_DIRS_VSCODE_SNAP_ORIG': '/etc/xdg/xdg-ubuntu:/etc/xdg', 'MEMORY_PRESSURE_WATCH': '/sys/fs/cgroup/user.slice/user-1000.slice/user@1000.service/session.slice/org.gnome.Shell@x11.service/memory.pressure', 'XDG_SESSION_CLASS': 'user', 'SNAP_VERSION': '488a1f23', 'APPLICATIONINSIGHTS_CONFIGURATION_CONTENT': '{}', 'XDG_DATA_DIRS_VSCODE_SNAP_ORIG': '/usr/share/ubuntu:/usr/share/gnome:/usr/local/share/:/usr/share/:/var/lib/snapd/desktop', 'USERNAME': 'dexter', 'TERM': 'xterm-256color', 'GNOME_DESKTOP_SESSION_ID': 'this-is-deprecated', 'SNAP_INSTANCE_NAME': 'code', 'WINDOWPATH': '2', 'PATH': '/opt/ros/jazzy/bin:/usr/local/sbin:/usr/local/bin:/usr/sbin:/usr/bin:/sbin:/bin:/usr/games:/usr/local/games:/snap/bin:/snap/bin:/home/dexter/.vscode/extensions/ms-python.debugpy-2025.10.0-linux-x64/bundled/scripts/noConfigScripts', 'SESSION_MANAGER': 'local/dexter-linux:@/tmp/.ICE-unix/3032,unix/dexter-linux:/tmp/.ICE-unix/3032', 'GTK_EXE_PREFIX': '/snap/code/202/usr', 'INVOCATION_ID': '3ca42a9ea7c44a66b229a92ad4b29da4', 'XDG_MENU_PREFIX': 'gnome-', 'BAMF_DESKTOP_FILE_HINT': '/var/lib/snapd/desktop/applications/code_code.desktop', 'SNAP_DATA': '/var/snap/code/202', 'XDG_RUNTIME_DIR': '/run/user/1000', 'GDK_BACKEND': 'x11', 'DISPLAY': ':1', 'LOCPATH': '/snap/code/202/usr/lib/locale', 'PLATFORMIO_PATH': '/home/dexter/.platformio/python3/bin:/usr/local/sbin:/usr/local/bin:/usr/sbin:/usr/bin:/sbin:/bin:/usr/games:/usr/local/games:/snap/bin:/snap/bin', 'VSCODE_DEBUGPY_ADAPTER_ENDPOINTS': '/home/dexter/.vscode/extensions/ms-python.debugpy-2025.10.0-linux-x64/.noConfigDebugAdapterEndpoints/endpoint-32e1a8706864c63c.txt', 'LANG': 'en_US.UTF-8', 'XDG_CURRENT_DESKTOP': 'Unity', 'GIO_MODULE_DIR_VSCODE_SNAP_ORIG': '', 'XDG_DATA_HOME': '/home/dexter/snap/code/202/.local/share', 'XMODIFIERS': '@im=ibus', 'XDG_SESSION_DESKTOP': 'ubuntu', 'XAUTHORITY': '/run/user/1000/gdm/Xauthority', 'LS_COLORS': '', 'VSCODE_GIT_IPC_HANDLE': '/run/user/1000/vscode-git-4c91d66d6d.sock', 'TERM_PROGRAM': 'vscode', 'SNAP_USER_COMMON': '/home/dexter/snap/code/common', 'SSH_AUTH_SOCK': '/run/user/1000/keyring/ssh', 'GSETTINGS_SCHEMA_DIR': '/home/dexter/snap/code/202/.local/share/glib-2.0/schemas', 'IDS_GENICAM_TL_64_HELPER_SOURCED': '1', 'SNAP_ARCH': 'amd64', 'AMENT_PREFIX_PATH': '/home/dexter/ROS2/FilterCam/install/velodyne_msgs:/home/dexter/ROS2/FilterCam/install/package_launcher:/home/dexter/ROS2/FilterCam/install/liquidlens:/home/dexter/ROS2/FilterCam/install/filterwheel:/home/dexter/ROS2/FilterCam/install/filtered_pointcloud_pkg:/home/dexter/ROS2/FilterCam/install/empty_package:/opt/ros/jazzy', 'SNAP_COOKIE': 'XdP8oN_ehD1rouqLMtxIYSbH3yjS06B3kD9wxdCMlZkkw9yn038g', 'ORIGINAL_XDG_CURRENT_DESKTOP': 'ubuntu:GNOME', 'SHELL': '/bin/bash', 'GDK_PIXBUF_MODULEDIR': '/snap/code/202/usr/lib/x86_64-linux-gnu/gdk-pixbuf-2.0/2.10.0/loaders', 'QT_ACCESSIBILITY': '1', 'ELECTRON_RUN_AS_NODE': '1', 'GDMSESSION': 'ubuntu', 'LESSCLOSE': '/usr/bin/lesspipe %s %s', 'GTK_PATH_VSCODE_SNAP_ORIG': '', 'SNAP_NAME': 'code', 'FONTCONFIG_FILE': '/etc/fonts/fonts.conf', 'GTK_IM_MODULE_FILE_VSCODE_SNAP_ORIG': '', 'GDK_PIXBUF_MODULE_FILE': '/home/dexter/snap/code/common/.cache/gdk-pixbuf-loaders.cache', 'GPG_AGENT_INFO': '/run/user/1000/gnupg/S.gpg-agent:0:1', 'GJS_DEBUG_OUTPUT': 'stderr', 'ROS_AUTOMATIC_DISCOVERY_RANGE': 'SUBNET', 'SNAP_LAUNCHER_ARCH_TRIPLET': 'x86_64-linux-gnu', 'VSCODE_GIT_ASKPASS_EXTRA_ARGS': '', 'QT_IM_MODULE': 'ibus', 'PWD': '/home/dexter/ROS2/FilterCam/build/empty_package', 'VSCODE_CLI': '1', 'LC_ALL': 'en_US.UTF-8', 'XDG_CONFIG_DIRS': '/etc/xdg/xdg-ubuntu:/etc/xdg', 'SNAP_REAL_HOME': '/home/dexter', 'VSCODE_CODE_CACHE_PATH': '/home/dexter/.config/Code/CachedData/488a1f239235055e34e673291fb8d8c810886f81', 'XDG_DATA_DIRS': '/home/dexter/snap/code/202/.local/share:/home/dexter/snap/code/202:/snap/code/202/usr/share:/usr/share/ubuntu:/usr/share/gnome:/usr/local/share/:/usr/share/:/var/lib/snapd/desktop', 'SNAP_EUID': '1000', 'PYTHONPATH': '/home/dexter/ROS2/FilterCam/build/empty_package/prefix_override:/usr/lib/python3/dist-packages/colcon_core/task/python/colcon_distutils_commands:/home/dexter/ROS2/FilterCam/install/empty_package/lib/python3.12/site-packages:/home/dexter/ROS2/FilterCam/install/velodyne_msgs/lib/python3.12/site-packages:/home/dexter/ROS2/FilterCam/build/package_launcher:/home/dexter/ROS2/FilterCam/install/package_launcher/lib/python3.12/site-packages:/home/dexter/ROS2/FilterCam/build/liquidlens:/home/dexter/ROS2/FilterCam/install/liquidlens/lib/python3.12/site-packages:/home/dexter/ROS2/FilterCam/build/filterwheel:/home/dexter/ROS2/FilterCam/install/filterwheel/lib/python3.12/site-packages:/home/dexter/ROS2/FilterCam/build/filtered_pointcloud_pkg:/home/dexter/ROS2/FilterCam/install/filtered_pointcloud_pkg/lib/python3.12/site-packages:/home/dexter/ROS2/FilterCam/build/empty_package:/home/dexter/ROS2/FilterCam/install/empty_package/lib/python3.12/site-packages:/opt/ros/jazzy/lib/python3.12/site-packages', 'SNAP': '/snap/code/202', 'COLCON': '1', 'MEMORY_PRESSURE_WRITE': 'c29tZSAyMDAwMDAgMjAwMDAwMAA=', 'GENICAM_GENTL64_PATH': '/usr/lib/ids/cti', 'ELECTRON_NO_ATTACH_CONSOLE': '1', 'CMAKE_PREFIX_PATH': '/home/dexter/ROS2/FilterCam/install/velodyne_msgs:/opt/ros/jazzy/opt/gz_math_vendor:/opt/ros/jazzy/opt/gz_utils_vendor:/opt/ros/jazzy/opt/gz_cmake_vendor', 'VSCODE_PID': '55182'}, 'shell': False}
[1.569678] (velodyne_pointcloud) StdoutLine: {'line': b'-- Found OpenSSL: /usr/lib/x86_64-linux-gnu/libcrypto.so (found version "3.0.13")  \n'}
[1.586357] (velodyne_driver) StdoutLine: {'line': b'-- Found OpenSSL: /usr/lib/x86_64-linux-gnu/libcrypto.so (found version "3.0.13")  \n'}
[1.588142] (velodyne_pointcloud) StdoutLine: {'line': b'-- Found FastRTPS: /opt/ros/jazzy/include (Required is at least version "2.13") \n'}
[1.602126] (-) TimerEvent: {}
[1.604590] (velodyne_driver) StdoutLine: {'line': b'-- Found FastRTPS: /opt/ros/jazzy/include (Required is at least version "2.13") \n'}
[1.609793] (velodyne_pointcloud) StdoutLine: {'line': b"-- Using RMW implementation 'rmw_fastrtps_cpp' as default\n"}
[1.626925] (velodyne_driver) StdoutLine: {'line': b"-- Using RMW implementation 'rmw_fastrtps_cpp' as default\n"}
[1.697749] (velodyne_pointcloud) StdoutLine: {'line': b'-- Found geometry_msgs: 5.3.6 (/opt/ros/jazzy/share/geometry_msgs/cmake)\n'}
[1.702199] (-) TimerEvent: {}
[1.702767] (velodyne_driver) StdoutLine: {'line': b'-- Found rclcpp_components: 28.1.10 (/opt/ros/jazzy/share/rclcpp_components/cmake)\n'}
[1.714013] (velodyne_pointcloud) StdoutLine: {'line': b'-- Found message_filters: 4.11.6 (/opt/ros/jazzy/share/message_filters/cmake)\n'}
[1.751391] (velodyne_driver) StdoutLine: {'line': b'-- Found tf2_ros: 0.36.12 (/opt/ros/jazzy/share/tf2_ros/cmake)\n'}
[1.779585] (velodyne_pointcloud) StdoutLine: {'line': b'-- Found Boost: /usr/lib/x86_64-linux-gnu/cmake/Boost-1.83.0/BoostConfig.cmake (found suitable version "1.83.0", minimum required is "1.65.0") found components: system filesystem iostreams serialization \n'}
[1.780685] (velodyne_pointcloud) StdoutLine: {'line': b'-- looking for PCL_COMMON\n'}
[1.781858] (velodyne_pointcloud) StdoutLine: {'line': b'-- Found PCL_COMMON: /usr/lib/x86_64-linux-gnu/libpcl_common.so  \n'}
[1.782921] (velodyne_pointcloud) StdoutLine: {'line': b'-- Found PCL: pcl_common;Boost::system;Boost::filesystem;Boost::iostreams;Boost::serialization  \n'}
[1.785353] (velodyne_pointcloud) StdoutLine: {'line': b'-- Found rclcpp_components: 28.1.10 (/opt/ros/jazzy/share/rclcpp_components/cmake)\n'}
[1.802274] (-) TimerEvent: {}
[1.821967] (velodyne_pointcloud) StdoutLine: {'line': b'-- Found sensor_msgs: 5.3.6 (/opt/ros/jazzy/share/sensor_msgs/cmake)\n'}
[1.833790] (filtered_pointcloud_pkg) StdoutLine: {'line': b'running develop\n'}
[1.834050] (liquidlens) StdoutLine: {'line': b'running develop\n'}
[1.848179] (velodyne_pointcloud) StdoutLine: {'line': b'-- Found tf2: 0.36.12 (/opt/ros/jazzy/share/tf2/cmake)\n'}
[1.851974] (package_launcher) StdoutLine: {'line': b'running develop\n'}
[1.855027] (filterwheel) StdoutLine: {'line': b'running develop\n'}
[1.857689] (velodyne_pointcloud) StdoutLine: {'line': b'-- Found tf2_ros: 0.36.12 (/opt/ros/jazzy/share/tf2_ros/cmake)\n'}
[1.884606] (empty_package) StdoutLine: {'line': b'running develop\n'}
[1.902350] (-) TimerEvent: {}
[1.903203] (velodyne_driver) StdoutLine: {'line': b'-- Found velodyne_msgs: 2.5.1 (/home/dexter/ROS2/FilterCam/install/velodyne_msgs/share/velodyne_msgs/cmake)\n'}
[1.930210] (velodyne_driver) StdoutLine: {'line': b'-- Found ament_lint_auto: 0.17.2 (/opt/ros/jazzy/share/ament_lint_auto/cmake)\n'}
[1.939575] (velodyne_pointcloud) StdoutLine: {'line': b'-- Found velodyne_msgs: 2.5.1 (/home/dexter/ROS2/FilterCam/install/velodyne_msgs/share/velodyne_msgs/cmake)\n'}
[1.965629] (velodyne_pointcloud) StdoutLine: {'line': b'-- Found ament_lint_auto: 0.17.2 (/opt/ros/jazzy/share/ament_lint_auto/cmake)\n'}
[2.002423] (-) TimerEvent: {}
[2.025707] (filtered_pointcloud_pkg) StdoutLine: {'line': b'running egg_info\n'}
[2.026912] (liquidlens) StdoutLine: {'line': b'running egg_info\n'}
[2.031299] (velodyne_driver) StdoutLine: {'line': b"-- Found gtest sources under '/opt/ros/jazzy/src/gtest_vendor': C++ tests using 'Google Test' will be built\n"}
[2.036745] (velodyne_driver) StdoutLine: {'line': b'-- Performing Test CMAKE_HAVE_LIBC_PTHREAD\n'}
[2.042959] (filtered_pointcloud_pkg) StdoutLine: {'line': b'writing filtered_pointcloud_pkg.egg-info/PKG-INFO\n'}
[2.043173] (filtered_pointcloud_pkg) StdoutLine: {'line': b'writing dependency_links to filtered_pointcloud_pkg.egg-info/dependency_links.txt\n'}
[2.043335] (filtered_pointcloud_pkg) StdoutLine: {'line': b'writing entry points to filtered_pointcloud_pkg.egg-info/entry_points.txt\n'}
[2.043472] (filtered_pointcloud_pkg) StdoutLine: {'line': b'writing requirements to filtered_pointcloud_pkg.egg-info/requires.txt\n'}
[2.043609] (filtered_pointcloud_pkg) StdoutLine: {'line': b'writing top-level names to filtered_pointcloud_pkg.egg-info/top_level.txt\n'}
[2.044866] (package_launcher) StdoutLine: {'line': b'running egg_info\n'}
[2.045302] (liquidlens) StdoutLine: {'line': b'writing liquidlens.egg-info/PKG-INFO\n'}
[2.045531] (liquidlens) StdoutLine: {'line': b'writing dependency_links to liquidlens.egg-info/dependency_links.txt\n'}
[2.045728] (liquidlens) StdoutLine: {'line': b'writing entry points to liquidlens.egg-info/entry_points.txt\n'}
[2.045877] (liquidlens) StdoutLine: {'line': b'writing requirements to liquidlens.egg-info/requires.txt\n'}
[2.046014] (liquidlens) StdoutLine: {'line': b'writing top-level names to liquidlens.egg-info/top_level.txt\n'}
[2.051849] (filterwheel) StdoutLine: {'line': b'running egg_info\n'}
[2.063147] (package_launcher) StdoutLine: {'line': b'writing package_launcher.egg-info/PKG-INFO\n'}
[2.063422] (package_launcher) StdoutLine: {'line': b'writing dependency_links to package_launcher.egg-info/dependency_links.txt\n'}
[2.063660] (package_launcher) StdoutLine: {'line': b'writing requirements to package_launcher.egg-info/requires.txt\n'}
[2.063799] (package_launcher) StdoutLine: {'line': b'writing top-level names to package_launcher.egg-info/top_level.txt\n'}
[2.070600] (filterwheel) StdoutLine: {'line': b'writing filterwheel.egg-info/PKG-INFO\n'}
[2.070800] (filterwheel) StdoutLine: {'line': b'writing dependency_links to filterwheel.egg-info/dependency_links.txt\n'}
[2.070977] (filterwheel) StdoutLine: {'line': b'writing entry points to filterwheel.egg-info/entry_points.txt\n'}
[2.071134] (filterwheel) StdoutLine: {'line': b'writing requirements to filterwheel.egg-info/requires.txt\n'}
[2.071372] (filterwheel) StdoutLine: {'line': b'writing top-level names to filterwheel.egg-info/top_level.txt\n'}
[2.073893] (velodyne_pointcloud) StdoutLine: {'line': b"-- Found gtest sources under '/opt/ros/jazzy/src/gtest_vendor': C++ tests using 'Google Test' will be built\n"}
[2.075793] (velodyne_pointcloud) StdoutLine: {'line': b'-- Performing Test CMAKE_HAVE_LIBC_PTHREAD\n'}
[2.080416] (filtered_pointcloud_pkg) StdoutLine: {'line': b"reading manifest file 'filtered_pointcloud_pkg.egg-info/SOURCES.txt'\n"}
[2.081216] (filtered_pointcloud_pkg) StdoutLine: {'line': b"writing manifest file 'filtered_pointcloud_pkg.egg-info/SOURCES.txt'\n"}
[2.083000] (liquidlens) StdoutLine: {'line': b"reading manifest file 'liquidlens.egg-info/SOURCES.txt'\n"}
[2.083655] (liquidlens) StdoutLine: {'line': b"writing manifest file 'liquidlens.egg-info/SOURCES.txt'\n"}
[2.101378] (package_launcher) StdoutLine: {'line': b"reading manifest file 'package_launcher.egg-info/SOURCES.txt'\n"}
[2.101943] (package_launcher) StdoutLine: {'line': b"writing manifest file 'package_launcher.egg-info/SOURCES.txt'\n"}
[2.102102] (filtered_pointcloud_pkg) StdoutLine: {'line': b'running build_ext\n'}
[2.102240] (filtered_pointcloud_pkg) StdoutLine: {'line': b'Creating /home/dexter/ROS2/FilterCam/install/filtered_pointcloud_pkg/lib/python3.12/site-packages/filtered-pointcloud-pkg.egg-link (link to .)\n'}
[2.102493] (-) TimerEvent: {}
[2.102681] (empty_package) StdoutLine: {'line': b'running egg_info\n'}
[2.102843] (filtered_pointcloud_pkg) StdoutLine: {'line': b'Installing threshold_node script to /home/dexter/ROS2/FilterCam/install/filtered_pointcloud_pkg/lib/filtered_pointcloud_pkg\n'}
[2.102998] (filtered_pointcloud_pkg) StdoutLine: {'line': b'\n'}
[2.103116] (filtered_pointcloud_pkg) StdoutLine: {'line': b'Installed /home/dexter/ROS2/FilterCam/build/filtered_pointcloud_pkg\n'}
[2.103254] (filtered_pointcloud_pkg) StdoutLine: {'line': b'running symlink_data\n'}
[2.103391] (liquidlens) StdoutLine: {'line': b'running build_ext\n'}
[2.103541] (liquidlens) StdoutLine: {'line': b'Creating /home/dexter/ROS2/FilterCam/install/liquidlens/lib/python3.12/site-packages/liquidlens.egg-link (link to .)\n'}
[2.104116] (liquidlens) StdoutLine: {'line': b'Installing lens_control_node script to /home/dexter/ROS2/FilterCam/install/liquidlens/lib/liquidlens\n'}
[2.104363] (liquidlens) StdoutLine: {'line': b'\n'}
[2.104469] (liquidlens) StdoutLine: {'line': b'Installed /home/dexter/ROS2/FilterCam/build/liquidlens\n'}
[2.104598] (liquidlens) StdoutLine: {'line': b'running symlink_data\n'}
[2.109961] (filterwheel) StdoutLine: {'line': b"reading manifest file 'filterwheel.egg-info/SOURCES.txt'\n"}
[2.110617] (filterwheel) StdoutLine: {'line': b"writing manifest file 'filterwheel.egg-info/SOURCES.txt'\n"}
[2.117624] (velodyne_driver) StdoutLine: {'line': b'-- Performing Test CMAKE_HAVE_LIBC_PTHREAD - Success\n'}
[2.118910] (velodyne_driver) StdoutLine: {'line': b'-- Found Threads: TRUE  \n'}
[2.121796] (package_launcher) StdoutLine: {'line': b'running build_ext\n'}
[2.121981] (package_launcher) StdoutLine: {'line': b'Creating /home/dexter/ROS2/FilterCam/install/package_launcher/lib/python3.12/site-packages/package-launcher.egg-link (link to .)\n'}
[2.122444] (package_launcher) StdoutLine: {'line': b'\n'}
[2.122558] (package_launcher) StdoutLine: {'line': b'Installed /home/dexter/ROS2/FilterCam/build/package_launcher\n'}
[2.122685] (package_launcher) StdoutLine: {'line': b'running symlink_data\n'}
[2.123132] (empty_package) StdoutLine: {'line': b'writing empty_package.egg-info/PKG-INFO\n'}
[2.123362] (empty_package) StdoutLine: {'line': b'writing dependency_links to empty_package.egg-info/dependency_links.txt\n'}
[2.123546] (empty_package) StdoutLine: {'line': b'writing requirements to empty_package.egg-info/requires.txt\n'}
[2.123670] (empty_package) StdoutLine: {'line': b'writing top-level names to empty_package.egg-info/top_level.txt\n'}
[2.125412] (velodyne_driver) StdoutLine: {'line': b"-- Added test 'copyright' to check source files copyright and LICENSE\n"}
[2.127262] (filtered_pointcloud_pkg) CommandEnded: {'returncode': 0}
[2.130008] (velodyne_driver) StdoutLine: {'line': b"-- Added test 'cppcheck' to perform static code analysis on C / C++ code\n"}
[2.130173] (velodyne_driver) StdoutLine: {'line': b'-- Configured cppcheck include dirs: $<BUILD_INTERFACE:/home/dexter/ROS2/FilterCam/src/velodyne/velodyne_driver/include>\n'}
[2.130290] (velodyne_driver) StdoutLine: {'line': b'-- Configured cppcheck exclude dirs and/or files: \n'}
[2.132488] (filterwheel) StdoutLine: {'line': b'running build_ext\n'}
[2.132726] (filterwheel) StdoutLine: {'line': b'Creating /home/dexter/ROS2/FilterCam/install/filterwheel/lib/python3.12/site-packages/filterwheel.egg-link (link to .)\n'}
[2.133352] (filterwheel) StdoutLine: {'line': b'Installing filter_wheel_control_node script to /home/dexter/ROS2/FilterCam/install/filterwheel/lib/filterwheel\n'}
[2.134221] (velodyne_driver) StdoutLine: {'line': b"-- Added test 'cpplint' to check C / C++ code against the Google style\n"}
[2.134435] (velodyne_driver) StdoutLine: {'line': b'-- Configured cpplint exclude dirs and/or files: \n'}
[2.134567] (filterwheel) StdoutLine: {'line': b'\n'}
[2.135065] (filterwheel) StdoutLine: {'line': b'Installed /home/dexter/ROS2/FilterCam/build/filterwheel\n'}
[2.135241] (filterwheel) StdoutLine: {'line': b'running symlink_data\n'}
[2.135374] (velodyne_driver) StdoutLine: {'line': b"-- Added test 'flake8' to check Python code syntax and style conventions\n"}
[2.135685] (velodyne_driver) StdoutLine: {'line': b"-- Configured 'flake8' exclude dirs and/or files: \n"}
[2.136200] (velodyne_driver) StdoutLine: {'line': b"-- Added test 'lint_cmake' to check CMake code style\n"}
[2.136679] (velodyne_driver) StdoutLine: {'line': b"-- Added test 'pep257' to check Python code against some of the docstring style conventions in PEP 257\n"}
[2.137761] (filtered_pointcloud_pkg) JobEnded: {'identifier': 'filtered_pointcloud_pkg', 'rc': 0}
[2.138760] (liquidlens) CommandEnded: {'returncode': 0}
[2.140568] (velodyne_driver) StdoutLine: {'line': b"-- Added test 'uncrustify' to check C / C++ code style\n"}
[2.140734] (velodyne_driver) StdoutLine: {'line': b'-- Configured uncrustify additional arguments: \n'}
[2.141891] (velodyne_driver) StdoutLine: {'line': b"-- Added test 'xmllint' to check XML markup files\n"}
[2.145880] (liquidlens) JobEnded: {'identifier': 'liquidlens', 'rc': 0}
[2.146621] (velodyne_driver) StdoutLine: {'line': b'-- Configuring done (1.1s)\n'}
[2.146978] (package_launcher) CommandEnded: {'returncode': 0}
[2.152731] (package_launcher) JobEnded: {'identifier': 'package_launcher', 'rc': 0}
[2.156432] (velodyne_pointcloud) StdoutLine: {'line': b'-- Performing Test CMAKE_HAVE_LIBC_PTHREAD - Success\n'}
[2.157080] (filterwheel) CommandEnded: {'returncode': 0}
[2.157916] (velodyne_pointcloud) StdoutLine: {'line': b'-- Found Threads: TRUE  \n'}
[2.163323] (filterwheel) JobEnded: {'identifier': 'filterwheel', 'rc': 0}
[2.165165] (empty_package) StdoutLine: {'line': b"reading manifest file 'empty_package.egg-info/SOURCES.txt'\n"}
[2.165463] (velodyne_pointcloud) StdoutLine: {'line': b"-- Added test 'copyright' to check source files copyright and LICENSE\n"}
[2.165939] (empty_package) StdoutLine: {'line': b"writing manifest file 'empty_package.egg-info/SOURCES.txt'\n"}
[2.171203] (velodyne_pointcloud) StdoutLine: {'line': b"-- Added test 'cppcheck' to perform static code analysis on C / C++ code\n"}
[2.171436] (velodyne_pointcloud) StdoutLine: {'line': b'-- Configured cppcheck include dirs: $<BUILD_INTERFACE:/home/dexter/ROS2/FilterCam/src/velodyne/velodyne_pointcloud/include>\n'}
[2.171568] (velodyne_pointcloud) StdoutLine: {'line': b'-- Configured cppcheck exclude dirs and/or files: \n'}
[2.175678] (velodyne_driver) StdoutLine: {'line': b'-- Generating done (0.0s)\n'}
[2.176756] (velodyne_pointcloud) StdoutLine: {'line': b"-- Added test 'cpplint' to check C / C++ code against the Google style\n"}
[2.176855] (velodyne_pointcloud) StdoutLine: {'line': b'-- Configured cpplint exclude dirs and/or files: \n'}
[2.177849] (velodyne_pointcloud) StdoutLine: {'line': b"-- Added test 'flake8' to check Python code syntax and style conventions\n"}
[2.177943] (velodyne_pointcloud) StdoutLine: {'line': b"-- Configured 'flake8' exclude dirs and/or files: \n"}
[2.179512] (velodyne_pointcloud) StdoutLine: {'line': b"-- Added test 'lint_cmake' to check CMake code style\n"}
[2.180565] (velodyne_pointcloud) StdoutLine: {'line': b"-- Added test 'pep257' to check Python code against some of the docstring style conventions in PEP 257\n"}
[2.183396] (velodyne_driver) StdoutLine: {'line': b'-- Build files have been written to: /home/dexter/ROS2/FilterCam/build/velodyne_driver\n'}
[2.185615] (velodyne_pointcloud) StdoutLine: {'line': b"-- Added test 'uncrustify' to check C / C++ code style\n"}
[2.185735] (velodyne_pointcloud) StdoutLine: {'line': b'-- Configured uncrustify additional arguments: \n'}
[2.187300] (empty_package) StdoutLine: {'line': b'running build_ext\n'}
[2.187426] (empty_package) StdoutLine: {'line': b'Creating /home/dexter/ROS2/FilterCam/install/empty_package/lib/python3.12/site-packages/empty-package.egg-link (link to .)\n'}
[2.187943] (empty_package) StdoutLine: {'line': b'\n'}
[2.188038] (empty_package) StdoutLine: {'line': b'Installed /home/dexter/ROS2/FilterCam/build/empty_package\n'}
[2.188149] (empty_package) StdoutLine: {'line': b'running symlink_data\n'}
[2.189851] (velodyne_pointcloud) StdoutLine: {'line': b'-- Configuring done (1.1s)\n'}
[2.191003] (velodyne_driver) CommandEnded: {'returncode': 0}
[2.191529] (velodyne_driver) JobProgress: {'identifier': 'velodyne_driver', 'progress': 'build'}
[2.191967] (velodyne_driver) Command: {'cmd': ['/usr/bin/cmake', '--build', '/home/dexter/ROS2/FilterCam/build/velodyne_driver', '--', '-j16', '-l16'], 'cwd': '/home/dexter/ROS2/FilterCam/build/velodyne_driver', 'env': OrderedDict({'GJS_DEBUG_TOPICS': 'JS ERROR;JS LOG', 'LESSOPEN': '| /usr/bin/lesspipe %s', 'VSCODE_CWD': '/home/dexter', 'VSCODE_ESM_ENTRYPOINT': 'vs/workbench/api/node/extensionHostProcess', 'PLATFORMIO_CALLER': 'vscode', 'USER': 'dexter', 'SNAP_COMMON': '/var/snap/code/common', 'VSCODE_NLS_CONFIG': '{"userLocale":"en-us","osLocale":"en-us","resolvedLanguage":"en","defaultMessagesFile":"/snap/code/202/usr/share/code/resources/app/out/nls.messages.json","locale":"en-us","availableLanguages":{}}', 'FONTCONFIG_PATH': '/etc/fonts', 'GIO_MODULE_DIR': '/home/dexter/snap/code/common/.cache/gio-modules', 'VSCODE_HANDLES_UNCAUGHT_ERRORS': 'true', 'XDG_SESSION_TYPE': 'x11', 'GIT_ASKPASS': '/snap/code/202/usr/share/code/resources/app/extensions/git/dist/askpass.sh', 'GTK_EXE_PREFIX_VSCODE_SNAP_ORIG': '', 'GDK_BACKEND_VSCODE_SNAP_ORIG': '', 'SNAP_UID': '1000', 'CLUTTER_DISABLE_MIPMAPPED_TEXT': '1', 'SHLVL': '0', 'LD_LIBRARY_PATH': '/home/dexter/ROS2/FilterCam/install/velodyne_msgs/lib:/opt/ros/jazzy/opt/rviz_ogre_vendor/lib:/opt/ros/jazzy/lib/x86_64-linux-gnu:/opt/ros/jazzy/opt/gz_math_vendor/lib:/opt/ros/jazzy/opt/gz_utils_vendor/lib:/opt/ros/jazzy/opt/gz_cmake_vendor/lib:/opt/ros/jazzy/lib', 'HOME': '/home/dexter', 'CHROME_DESKTOP': 'code.desktop', 'SNAP_LIBRARY_PATH': '/var/lib/snapd/lib/gl:/var/lib/snapd/lib/gl32:/var/lib/snapd/void', 'LOCPATH_VSCODE_SNAP_ORIG': '', 'TERM_PROGRAM_VERSION': '1.102.3', 'DESKTOP_SESSION': 'ubuntu', 'SNAP_USER_DATA': '/home/dexter/snap/code/202', 'GTK_PATH': '/snap/code/202/usr/lib/x86_64-linux-gnu/gtk-3.0', 'NO_PROXY': '127.0.0.1', 'VSCODE_IPC_HOOK': '/run/user/1000/vscode-7cf15dc3-1.10-main.sock', 'XDG_DATA_HOME_VSCODE_SNAP_ORIG': '', 'GTK_IM_MODULE_FILE': '/home/dexter/snap/code/common/.cache/immodules/immodules.cache', 'GIO_LAUNCHED_DESKTOP_FILE': '/var/lib/snapd/desktop/applications/code_code.desktop', 'APPLICATION_INSIGHTS_NO_DIAGNOSTIC_CHANNEL': '1', 'ROS_PYTHON_VERSION': '3', 'GNOME_SHELL_SESSION_MODE': 'ubuntu', 'GTK_MODULES': 'gail:atk-bridge', 'GSETTINGS_SCHEMA_DIR_VSCODE_SNAP_ORIG': '', 'VSCODE_GIT_ASKPASS_MAIN': '/snap/code/202/usr/share/code/resources/app/extensions/git/dist/askpass-main.js', 'VSCODE_GIT_ASKPASS_NODE': '/snap/code/202/usr/share/code/code', 'PLATFORMIO_IDE': '3.3.4', 'MANAGERPID': '2696', 'PYDEVD_DISABLE_FILE_VALIDATION': '1', 'SYSTEMD_EXEC_PID': '3075', 'BUNDLED_DEBUGPY_PATH': '/home/dexter/.vscode/extensions/ms-python.debugpy-2025.10.0-linux-x64/bundled/libs/debugpy', 'GSM_SKIP_SSH_AGENT_WORKAROUND': 'true', 'DBUS_SESSION_BUS_ADDRESS': 'unix:path=/run/user/1000/bus', 'SNAP_REVISION': '202', 'COLORTERM': 'truecolor', 'GIO_LAUNCHED_DESKTOP_FILE_PID': '55129', 'VSCODE_CRASH_REPORTER_PROCESS_TYPE': 'extensionHost', 'DEBUGINFOD_URLS': 'https://debuginfod.ubuntu.com', 'VSCODE_L10N_BUNDLE_LOCATION': '', 'COLCON_PREFIX_PATH': '/home/dexter/ROS2/FilterCam/install', 'ROS_DISTRO': 'jazzy', 'LOGNAME': 'dexter', '_': '/usr/bin/colcon', 'SNAP_CONTEXT': 'XdP8oN_ehD1rouqLMtxIYSbH3yjS06B3kD9wxdCMlZkkw9yn038g', 'JOURNAL_STREAM': '9:20379', 'ROS_VERSION': '2', 'XDG_CONFIG_DIRS_VSCODE_SNAP_ORIG': '/etc/xdg/xdg-ubuntu:/etc/xdg', 'MEMORY_PRESSURE_WATCH': '/sys/fs/cgroup/user.slice/user-1000.slice/user@1000.service/session.slice/org.gnome.Shell@x11.service/memory.pressure', 'XDG_SESSION_CLASS': 'user', 'SNAP_VERSION': '488a1f23', 'APPLICATIONINSIGHTS_CONFIGURATION_CONTENT': '{}', 'XDG_DATA_DIRS_VSCODE_SNAP_ORIG': '/usr/share/ubuntu:/usr/share/gnome:/usr/local/share/:/usr/share/:/var/lib/snapd/desktop', 'USERNAME': 'dexter', 'TERM': 'xterm-256color', 'GNOME_DESKTOP_SESSION_ID': 'this-is-deprecated', 'SNAP_INSTANCE_NAME': 'code', 'WINDOWPATH': '2', 'PATH': '/opt/ros/jazzy/bin:/usr/local/sbin:/usr/local/bin:/usr/sbin:/usr/bin:/sbin:/bin:/usr/games:/usr/local/games:/snap/bin:/snap/bin:/home/dexter/.vscode/extensions/ms-python.debugpy-2025.10.0-linux-x64/bundled/scripts/noConfigScripts', 'SESSION_MANAGER': 'local/dexter-linux:@/tmp/.ICE-unix/3032,unix/dexter-linux:/tmp/.ICE-unix/3032', 'GTK_EXE_PREFIX': '/snap/code/202/usr', 'INVOCATION_ID': '3ca42a9ea7c44a66b229a92ad4b29da4', 'XDG_MENU_PREFIX': 'gnome-', 'BAMF_DESKTOP_FILE_HINT': '/var/lib/snapd/desktop/applications/code_code.desktop', 'SNAP_DATA': '/var/snap/code/202', 'XDG_RUNTIME_DIR': '/run/user/1000', 'GDK_BACKEND': 'x11', 'DISPLAY': ':1', 'LOCPATH': '/snap/code/202/usr/lib/locale', 'PLATFORMIO_PATH': '/home/dexter/.platformio/python3/bin:/usr/local/sbin:/usr/local/bin:/usr/sbin:/usr/bin:/sbin:/bin:/usr/games:/usr/local/games:/snap/bin:/snap/bin', 'VSCODE_DEBUGPY_ADAPTER_ENDPOINTS': '/home/dexter/.vscode/extensions/ms-python.debugpy-2025.10.0-linux-x64/.noConfigDebugAdapterEndpoints/endpoint-32e1a8706864c63c.txt', 'LANG': 'en_US.UTF-8', 'XDG_CURRENT_DESKTOP': 'Unity', 'GIO_MODULE_DIR_VSCODE_SNAP_ORIG': '', 'XDG_DATA_HOME': '/home/dexter/snap/code/202/.local/share', 'XMODIFIERS': '@im=ibus', 'XDG_SESSION_DESKTOP': 'ubuntu', 'XAUTHORITY': '/run/user/1000/gdm/Xauthority', 'LS_COLORS': '', 'VSCODE_GIT_IPC_HANDLE': '/run/user/1000/vscode-git-4c91d66d6d.sock', 'TERM_PROGRAM': 'vscode', 'SNAP_USER_COMMON': '/home/dexter/snap/code/common', 'SSH_AUTH_SOCK': '/run/user/1000/keyring/ssh', 'GSETTINGS_SCHEMA_DIR': '/home/dexter/snap/code/202/.local/share/glib-2.0/schemas', 'IDS_GENICAM_TL_64_HELPER_SOURCED': '1', 'SNAP_ARCH': 'amd64', 'AMENT_PREFIX_PATH': '/home/dexter/ROS2/FilterCam/install/velodyne_msgs:/home/dexter/ROS2/FilterCam/install/package_launcher:/home/dexter/ROS2/FilterCam/install/liquidlens:/home/dexter/ROS2/FilterCam/install/filterwheel:/home/dexter/ROS2/FilterCam/install/filtered_pointcloud_pkg:/home/dexter/ROS2/FilterCam/install/empty_package:/opt/ros/jazzy', 'SNAP_COOKIE': 'XdP8oN_ehD1rouqLMtxIYSbH3yjS06B3kD9wxdCMlZkkw9yn038g', 'ORIGINAL_XDG_CURRENT_DESKTOP': 'ubuntu:GNOME', 'SHELL': '/bin/bash', 'GDK_PIXBUF_MODULEDIR': '/snap/code/202/usr/lib/x86_64-linux-gnu/gdk-pixbuf-2.0/2.10.0/loaders', 'QT_ACCESSIBILITY': '1', 'ELECTRON_RUN_AS_NODE': '1', 'GDMSESSION': 'ubuntu', 'LESSCLOSE': '/usr/bin/lesspipe %s %s', 'GTK_PATH_VSCODE_SNAP_ORIG': '', 'SNAP_NAME': 'code', 'FONTCONFIG_FILE': '/etc/fonts/fonts.conf', 'GTK_IM_MODULE_FILE_VSCODE_SNAP_ORIG': '', 'GDK_PIXBUF_MODULE_FILE': '/home/dexter/snap/code/common/.cache/gdk-pixbuf-loaders.cache', 'GPG_AGENT_INFO': '/run/user/1000/gnupg/S.gpg-agent:0:1', 'GJS_DEBUG_OUTPUT': 'stderr', 'ROS_AUTOMATIC_DISCOVERY_RANGE': 'SUBNET', 'SNAP_LAUNCHER_ARCH_TRIPLET': 'x86_64-linux-gnu', 'VSCODE_GIT_ASKPASS_EXTRA_ARGS': '', 'QT_IM_MODULE': 'ibus', 'PWD': '/home/dexter/ROS2/FilterCam/build/velodyne_driver', 'VSCODE_CLI': '1', 'LC_ALL': 'en_US.UTF-8', 'XDG_CONFIG_DIRS': '/etc/xdg/xdg-ubuntu:/etc/xdg', 'SNAP_REAL_HOME': '/home/dexter', 'VSCODE_CODE_CACHE_PATH': '/home/dexter/.config/Code/CachedData/488a1f239235055e34e673291fb8d8c810886f81', 'XDG_DATA_DIRS': '/home/dexter/snap/code/202/.local/share:/home/dexter/snap/code/202:/snap/code/202/usr/share:/usr/share/ubuntu:/usr/share/gnome:/usr/local/share/:/usr/share/:/var/lib/snapd/desktop', 'SNAP_EUID': '1000', 'PYTHONPATH': '/home/dexter/ROS2/FilterCam/install/velodyne_msgs/lib/python3.12/site-packages:/home/dexter/ROS2/FilterCam/build/package_launcher:/home/dexter/ROS2/FilterCam/install/package_launcher/lib/python3.12/site-packages:/home/dexter/ROS2/FilterCam/build/liquidlens:/home/dexter/ROS2/FilterCam/install/liquidlens/lib/python3.12/site-packages:/home/dexter/ROS2/FilterCam/build/filterwheel:/home/dexter/ROS2/FilterCam/install/filterwheel/lib/python3.12/site-packages:/home/dexter/ROS2/FilterCam/build/filtered_pointcloud_pkg:/home/dexter/ROS2/FilterCam/install/filtered_pointcloud_pkg/lib/python3.12/site-packages:/home/dexter/ROS2/FilterCam/build/empty_package:/home/dexter/ROS2/FilterCam/install/empty_package/lib/python3.12/site-packages:/opt/ros/jazzy/lib/python3.12/site-packages', 'SNAP': '/snap/code/202', 'COLCON': '1', 'MEMORY_PRESSURE_WRITE': 'c29tZSAyMDAwMDAgMjAwMDAwMAA=', 'GENICAM_GENTL64_PATH': '/usr/lib/ids/cti', 'ELECTRON_NO_ATTACH_CONSOLE': '1', 'CMAKE_PREFIX_PATH': '/home/dexter/ROS2/FilterCam/install/velodyne_msgs:/opt/ros/jazzy/opt/gz_math_vendor:/opt/ros/jazzy/opt/gz_utils_vendor:/opt/ros/jazzy/opt/gz_cmake_vendor:/home/dexter/ROS2/FilterCam/install/package_launcher:/home/dexter/ROS2/FilterCam/install/liquidlens:/home/dexter/ROS2/FilterCam/install/filterwheel:/home/dexter/ROS2/FilterCam/install/filtered_pointcloud_pkg:/home/dexter/ROS2/FilterCam/install/empty_package:/opt/ros/jazzy', 'VSCODE_PID': '55182'}), 'shell': False}
[2.202568] (-) TimerEvent: {}
[2.209237] (empty_package) CommandEnded: {'returncode': 0}
[2.215353] (empty_package) JobEnded: {'identifier': 'empty_package', 'rc': 0}
[2.239218] (velodyne_driver) StdoutLine: {'line': b'[  8%] \x1b[32mBuilding CXX object gtest/CMakeFiles/gtest_main.dir/src/gtest_main.cc.o\x1b[0m\n'}
[2.239396] (velodyne_driver) StdoutLine: {'line': b'[ 16%] \x1b[32mBuilding CXX object CMakeFiles/velodyne_input.dir/src/lib/input.cpp.o\x1b[0m\n'}
[2.240821] (velodyne_driver) StdoutLine: {'line': b'[ 25%] \x1b[32mBuilding CXX object gtest/CMakeFiles/gtest.dir/src/gtest-all.cc.o\x1b[0m\n'}
[2.241940] (velodyne_pointcloud) StdoutLine: {'line': b'-- Generating done (0.0s)\n'}
[2.254019] (velodyne_pointcloud) StdoutLine: {'line': b'-- Build files have been written to: /home/dexter/ROS2/FilterCam/build/velodyne_pointcloud\n'}
[2.262968] (velodyne_pointcloud) CommandEnded: {'returncode': 0}
[2.263442] (velodyne_driver) StderrLine: {'line': b'In file included from \x1b[01m\x1b[K/home/dexter/ROS2/FilterCam/src/velodyne/velodyne_driver/src/lib/input.cpp:47\x1b[m\x1b[K:\n'}
[2.263714] (velodyne_driver) StderrLine: {'line': b'\x1b[01m\x1b[K/home/dexter/ROS2/FilterCam/src/velodyne/velodyne_driver/include/velodyne_driver/input.hpp:57:10:\x1b[m\x1b[K \x1b[01;31m\x1b[Kfatal error: \x1b[m\x1b[Kpcap.h: No such file or directory\n'}
[2.264259] (velodyne_driver) StderrLine: {'line': b'   57 | #include \x1b[01;31m\x1b[K<pcap.h>\x1b[m\x1b[K\n'}
[2.264334] (velodyne_driver) StderrLine: {'line': b'      |          \x1b[01;31m\x1b[K^~~~~~~~\x1b[m\x1b[K\n'}
[2.264394] (velodyne_driver) StderrLine: {'line': b'compilation terminated.\n'}
[2.264494] (velodyne_pointcloud) JobProgress: {'identifier': 'velodyne_pointcloud', 'progress': 'build'}
[2.264518] (velodyne_driver) StderrLine: {'line': b'gmake[2]: *** [CMakeFiles/velodyne_input.dir/build.make:76: CMakeFiles/velodyne_input.dir/src/lib/input.cpp.o] Error 1\n'}
[2.264785] (velodyne_pointcloud) Command: {'cmd': ['/usr/bin/cmake', '--build', '/home/dexter/ROS2/FilterCam/build/velodyne_pointcloud', '--', '-j16', '-l16'], 'cwd': '/home/dexter/ROS2/FilterCam/build/velodyne_pointcloud', 'env': OrderedDict({'GJS_DEBUG_TOPICS': 'JS ERROR;JS LOG', 'LESSOPEN': '| /usr/bin/lesspipe %s', 'VSCODE_CWD': '/home/dexter', 'VSCODE_ESM_ENTRYPOINT': 'vs/workbench/api/node/extensionHostProcess', 'PLATFORMIO_CALLER': 'vscode', 'USER': 'dexter', 'SNAP_COMMON': '/var/snap/code/common', 'VSCODE_NLS_CONFIG': '{"userLocale":"en-us","osLocale":"en-us","resolvedLanguage":"en","defaultMessagesFile":"/snap/code/202/usr/share/code/resources/app/out/nls.messages.json","locale":"en-us","availableLanguages":{}}', 'FONTCONFIG_PATH': '/etc/fonts', 'GIO_MODULE_DIR': '/home/dexter/snap/code/common/.cache/gio-modules', 'VSCODE_HANDLES_UNCAUGHT_ERRORS': 'true', 'XDG_SESSION_TYPE': 'x11', 'GIT_ASKPASS': '/snap/code/202/usr/share/code/resources/app/extensions/git/dist/askpass.sh', 'GTK_EXE_PREFIX_VSCODE_SNAP_ORIG': '', 'GDK_BACKEND_VSCODE_SNAP_ORIG': '', 'SNAP_UID': '1000', 'CLUTTER_DISABLE_MIPMAPPED_TEXT': '1', 'SHLVL': '0', 'LD_LIBRARY_PATH': '/home/dexter/ROS2/FilterCam/install/velodyne_msgs/lib:/opt/ros/jazzy/opt/rviz_ogre_vendor/lib:/opt/ros/jazzy/lib/x86_64-linux-gnu:/opt/ros/jazzy/opt/gz_math_vendor/lib:/opt/ros/jazzy/opt/gz_utils_vendor/lib:/opt/ros/jazzy/opt/gz_cmake_vendor/lib:/opt/ros/jazzy/lib', 'HOME': '/home/dexter', 'CHROME_DESKTOP': 'code.desktop', 'SNAP_LIBRARY_PATH': '/var/lib/snapd/lib/gl:/var/lib/snapd/lib/gl32:/var/lib/snapd/void', 'LOCPATH_VSCODE_SNAP_ORIG': '', 'TERM_PROGRAM_VERSION': '1.102.3', 'DESKTOP_SESSION': 'ubuntu', 'SNAP_USER_DATA': '/home/dexter/snap/code/202', 'GTK_PATH': '/snap/code/202/usr/lib/x86_64-linux-gnu/gtk-3.0', 'NO_PROXY': '127.0.0.1', 'VSCODE_IPC_HOOK': '/run/user/1000/vscode-7cf15dc3-1.10-main.sock', 'XDG_DATA_HOME_VSCODE_SNAP_ORIG': '', 'GTK_IM_MODULE_FILE': '/home/dexter/snap/code/common/.cache/immodules/immodules.cache', 'GIO_LAUNCHED_DESKTOP_FILE': '/var/lib/snapd/desktop/applications/code_code.desktop', 'APPLICATION_INSIGHTS_NO_DIAGNOSTIC_CHANNEL': '1', 'ROS_PYTHON_VERSION': '3', 'GNOME_SHELL_SESSION_MODE': 'ubuntu', 'GTK_MODULES': 'gail:atk-bridge', 'GSETTINGS_SCHEMA_DIR_VSCODE_SNAP_ORIG': '', 'VSCODE_GIT_ASKPASS_MAIN': '/snap/code/202/usr/share/code/resources/app/extensions/git/dist/askpass-main.js', 'VSCODE_GIT_ASKPASS_NODE': '/snap/code/202/usr/share/code/code', 'PLATFORMIO_IDE': '3.3.4', 'MANAGERPID': '2696', 'PYDEVD_DISABLE_FILE_VALIDATION': '1', 'SYSTEMD_EXEC_PID': '3075', 'BUNDLED_DEBUGPY_PATH': '/home/dexter/.vscode/extensions/ms-python.debugpy-2025.10.0-linux-x64/bundled/libs/debugpy', 'GSM_SKIP_SSH_AGENT_WORKAROUND': 'true', 'DBUS_SESSION_BUS_ADDRESS': 'unix:path=/run/user/1000/bus', 'SNAP_REVISION': '202', 'COLORTERM': 'truecolor', 'GIO_LAUNCHED_DESKTOP_FILE_PID': '55129', 'VSCODE_CRASH_REPORTER_PROCESS_TYPE': 'extensionHost', 'DEBUGINFOD_URLS': 'https://debuginfod.ubuntu.com', 'VSCODE_L10N_BUNDLE_LOCATION': '', 'COLCON_PREFIX_PATH': '/home/dexter/ROS2/FilterCam/install', 'ROS_DISTRO': 'jazzy', 'LOGNAME': 'dexter', '_': '/usr/bin/colcon', 'SNAP_CONTEXT': 'XdP8oN_ehD1rouqLMtxIYSbH3yjS06B3kD9wxdCMlZkkw9yn038g', 'JOURNAL_STREAM': '9:20379', 'ROS_VERSION': '2', 'XDG_CONFIG_DIRS_VSCODE_SNAP_ORIG': '/etc/xdg/xdg-ubuntu:/etc/xdg', 'MEMORY_PRESSURE_WATCH': '/sys/fs/cgroup/user.slice/user-1000.slice/user@1000.service/session.slice/org.gnome.Shell@x11.service/memory.pressure', 'XDG_SESSION_CLASS': 'user', 'SNAP_VERSION': '488a1f23', 'APPLICATIONINSIGHTS_CONFIGURATION_CONTENT': '{}', 'XDG_DATA_DIRS_VSCODE_SNAP_ORIG': '/usr/share/ubuntu:/usr/share/gnome:/usr/local/share/:/usr/share/:/var/lib/snapd/desktop', 'USERNAME': 'dexter', 'TERM': 'xterm-256color', 'GNOME_DESKTOP_SESSION_ID': 'this-is-deprecated', 'SNAP_INSTANCE_NAME': 'code', 'WINDOWPATH': '2', 'PATH': '/opt/ros/jazzy/bin:/usr/local/sbin:/usr/local/bin:/usr/sbin:/usr/bin:/sbin:/bin:/usr/games:/usr/local/games:/snap/bin:/snap/bin:/home/dexter/.vscode/extensions/ms-python.debugpy-2025.10.0-linux-x64/bundled/scripts/noConfigScripts', 'SESSION_MANAGER': 'local/dexter-linux:@/tmp/.ICE-unix/3032,unix/dexter-linux:/tmp/.ICE-unix/3032', 'GTK_EXE_PREFIX': '/snap/code/202/usr', 'INVOCATION_ID': '3ca42a9ea7c44a66b229a92ad4b29da4', 'XDG_MENU_PREFIX': 'gnome-', 'BAMF_DESKTOP_FILE_HINT': '/var/lib/snapd/desktop/applications/code_code.desktop', 'SNAP_DATA': '/var/snap/code/202', 'XDG_RUNTIME_DIR': '/run/user/1000', 'GDK_BACKEND': 'x11', 'DISPLAY': ':1', 'LOCPATH': '/snap/code/202/usr/lib/locale', 'PLATFORMIO_PATH': '/home/dexter/.platformio/python3/bin:/usr/local/sbin:/usr/local/bin:/usr/sbin:/usr/bin:/sbin:/bin:/usr/games:/usr/local/games:/snap/bin:/snap/bin', 'VSCODE_DEBUGPY_ADAPTER_ENDPOINTS': '/home/dexter/.vscode/extensions/ms-python.debugpy-2025.10.0-linux-x64/.noConfigDebugAdapterEndpoints/endpoint-32e1a8706864c63c.txt', 'LANG': 'en_US.UTF-8', 'XDG_CURRENT_DESKTOP': 'Unity', 'GIO_MODULE_DIR_VSCODE_SNAP_ORIG': '', 'XDG_DATA_HOME': '/home/dexter/snap/code/202/.local/share', 'XMODIFIERS': '@im=ibus', 'XDG_SESSION_DESKTOP': 'ubuntu', 'XAUTHORITY': '/run/user/1000/gdm/Xauthority', 'LS_COLORS': '', 'VSCODE_GIT_IPC_HANDLE': '/run/user/1000/vscode-git-4c91d66d6d.sock', 'TERM_PROGRAM': 'vscode', 'SNAP_USER_COMMON': '/home/dexter/snap/code/common', 'SSH_AUTH_SOCK': '/run/user/1000/keyring/ssh', 'GSETTINGS_SCHEMA_DIR': '/home/dexter/snap/code/202/.local/share/glib-2.0/schemas', 'IDS_GENICAM_TL_64_HELPER_SOURCED': '1', 'SNAP_ARCH': 'amd64', 'AMENT_PREFIX_PATH': '/home/dexter/ROS2/FilterCam/install/velodyne_msgs:/home/dexter/ROS2/FilterCam/install/package_launcher:/home/dexter/ROS2/FilterCam/install/liquidlens:/home/dexter/ROS2/FilterCam/install/filterwheel:/home/dexter/ROS2/FilterCam/install/filtered_pointcloud_pkg:/home/dexter/ROS2/FilterCam/install/empty_package:/opt/ros/jazzy', 'SNAP_COOKIE': 'XdP8oN_ehD1rouqLMtxIYSbH3yjS06B3kD9wxdCMlZkkw9yn038g', 'ORIGINAL_XDG_CURRENT_DESKTOP': 'ubuntu:GNOME', 'SHELL': '/bin/bash', 'GDK_PIXBUF_MODULEDIR': '/snap/code/202/usr/lib/x86_64-linux-gnu/gdk-pixbuf-2.0/2.10.0/loaders', 'QT_ACCESSIBILITY': '1', 'ELECTRON_RUN_AS_NODE': '1', 'GDMSESSION': 'ubuntu', 'LESSCLOSE': '/usr/bin/lesspipe %s %s', 'GTK_PATH_VSCODE_SNAP_ORIG': '', 'SNAP_NAME': 'code', 'FONTCONFIG_FILE': '/etc/fonts/fonts.conf', 'GTK_IM_MODULE_FILE_VSCODE_SNAP_ORIG': '', 'GDK_PIXBUF_MODULE_FILE': '/home/dexter/snap/code/common/.cache/gdk-pixbuf-loaders.cache', 'GPG_AGENT_INFO': '/run/user/1000/gnupg/S.gpg-agent:0:1', 'GJS_DEBUG_OUTPUT': 'stderr', 'ROS_AUTOMATIC_DISCOVERY_RANGE': 'SUBNET', 'SNAP_LAUNCHER_ARCH_TRIPLET': 'x86_64-linux-gnu', 'VSCODE_GIT_ASKPASS_EXTRA_ARGS': '', 'QT_IM_MODULE': 'ibus', 'PWD': '/home/dexter/ROS2/FilterCam/build/velodyne_pointcloud', 'VSCODE_CLI': '1', 'LC_ALL': 'en_US.UTF-8', 'XDG_CONFIG_DIRS': '/etc/xdg/xdg-ubuntu:/etc/xdg', 'SNAP_REAL_HOME': '/home/dexter', 'VSCODE_CODE_CACHE_PATH': '/home/dexter/.config/Code/CachedData/488a1f239235055e34e673291fb8d8c810886f81', 'XDG_DATA_DIRS': '/home/dexter/snap/code/202/.local/share:/home/dexter/snap/code/202:/snap/code/202/usr/share:/usr/share/ubuntu:/usr/share/gnome:/usr/local/share/:/usr/share/:/var/lib/snapd/desktop', 'SNAP_EUID': '1000', 'PYTHONPATH': '/home/dexter/ROS2/FilterCam/install/velodyne_msgs/lib/python3.12/site-packages:/home/dexter/ROS2/FilterCam/build/package_launcher:/home/dexter/ROS2/FilterCam/install/package_launcher/lib/python3.12/site-packages:/home/dexter/ROS2/FilterCam/build/liquidlens:/home/dexter/ROS2/FilterCam/install/liquidlens/lib/python3.12/site-packages:/home/dexter/ROS2/FilterCam/build/filterwheel:/home/dexter/ROS2/FilterCam/install/filterwheel/lib/python3.12/site-packages:/home/dexter/ROS2/FilterCam/build/filtered_pointcloud_pkg:/home/dexter/ROS2/FilterCam/install/filtered_pointcloud_pkg/lib/python3.12/site-packages:/home/dexter/ROS2/FilterCam/build/empty_package:/home/dexter/ROS2/FilterCam/install/empty_package/lib/python3.12/site-packages:/opt/ros/jazzy/lib/python3.12/site-packages', 'SNAP': '/snap/code/202', 'COLCON': '1', 'MEMORY_PRESSURE_WRITE': 'c29tZSAyMDAwMDAgMjAwMDAwMAA=', 'GENICAM_GENTL64_PATH': '/usr/lib/ids/cti', 'ELECTRON_NO_ATTACH_CONSOLE': '1', 'CMAKE_PREFIX_PATH': '/home/dexter/ROS2/FilterCam/install/velodyne_msgs:/opt/ros/jazzy/opt/gz_math_vendor:/opt/ros/jazzy/opt/gz_utils_vendor:/opt/ros/jazzy/opt/gz_cmake_vendor:/home/dexter/ROS2/FilterCam/install/package_launcher:/home/dexter/ROS2/FilterCam/install/liquidlens:/home/dexter/ROS2/FilterCam/install/filterwheel:/home/dexter/ROS2/FilterCam/install/filtered_pointcloud_pkg:/home/dexter/ROS2/FilterCam/install/empty_package:/opt/ros/jazzy', 'VSCODE_PID': '55182'}), 'shell': False}
[2.265553] (velodyne_driver) StderrLine: {'line': b'gmake[1]: *** [CMakeFiles/Makefile2:161: CMakeFiles/velodyne_input.dir/all] Error 2\n'}
[2.265680] (velodyne_driver) StderrLine: {'line': b'gmake[1]: *** Waiting for unfinished jobs....\n'}
[2.302645] (-) TimerEvent: {}
[2.316118] (velodyne_pointcloud) StdoutLine: {'line': b'[  5%] \x1b[32mBuilding CXX object CMakeFiles/velodyne_rawdata.dir/src/lib/rawdata.cpp.o\x1b[0m\n'}
[2.316715] (velodyne_pointcloud) StdoutLine: {'line': b'[ 11%] \x1b[32mBuilding CXX object gtest/CMakeFiles/gtest_main.dir/src/gtest_main.cc.o\x1b[0m\n'}
[2.316888] (velodyne_pointcloud) StdoutLine: {'line': b'[ 16%] \x1b[32mBuilding CXX object CMakeFiles/velodyne_cloud_types.dir/src/lib/pointcloudXYZIRT.cpp.o\x1b[0m\n'}
[2.317803] (velodyne_pointcloud) StdoutLine: {'line': b'[ 22%] \x1b[32mBuilding CXX object CMakeFiles/velodyne_rawdata.dir/src/lib/calibration.cpp.o\x1b[0m\n'}
[2.318414] (velodyne_pointcloud) StdoutLine: {'line': b'[ 33%] \x1b[32mBuilding CXX object CMakeFiles/velodyne_cloud_types.dir/src/lib/organized_cloudXYZIRT.cpp.o\x1b[0m\n'}
[2.318564] (velodyne_pointcloud) StdoutLine: {'line': b'[ 33%] \x1b[32mBuilding CXX object gtest/CMakeFiles/gtest.dir/src/gtest-all.cc.o\x1b[0m\n'}
[2.402753] (-) TimerEvent: {}
[2.503024] (-) TimerEvent: {}
[2.603296] (-) TimerEvent: {}
[2.703584] (-) TimerEvent: {}
[2.803889] (-) TimerEvent: {}
[2.830777] (velodyne_driver) StdoutLine: {'line': b'[ 33%] \x1b[32m\x1b[1mLinking CXX static library libgtest_main.a\x1b[0m\n'}
[2.873168] (velodyne_driver) StdoutLine: {'line': b'[ 33%] Built target gtest_main\n'}
[2.901736] (velodyne_pointcloud) StdoutLine: {'line': b'[ 38%] \x1b[32m\x1b[1mLinking CXX static library libgtest_main.a\x1b[0m\n'}
[2.903961] (-) TimerEvent: {}
[2.931127] (velodyne_pointcloud) StdoutLine: {'line': b'[ 38%] Built target gtest_main\n'}
[3.004086] (-) TimerEvent: {}
[3.104359] (-) TimerEvent: {}
[3.204621] (-) TimerEvent: {}
[3.305006] (-) TimerEvent: {}
[3.405335] (-) TimerEvent: {}
[3.505674] (-) TimerEvent: {}
[3.605968] (-) TimerEvent: {}
[3.706215] (-) TimerEvent: {}
[3.806477] (-) TimerEvent: {}
[3.906710] (-) TimerEvent: {}
[4.006939] (-) TimerEvent: {}
[4.107179] (-) TimerEvent: {}
[4.207410] (-) TimerEvent: {}
[4.307636] (-) TimerEvent: {}
[4.407864] (-) TimerEvent: {}
[4.508120] (-) TimerEvent: {}
[4.608365] (-) TimerEvent: {}
[4.708593] (-) TimerEvent: {}
[4.808825] (-) TimerEvent: {}
[4.909059] (-) TimerEvent: {}
[5.009339] (-) TimerEvent: {}
[5.109608] (-) TimerEvent: {}
[5.209849] (-) TimerEvent: {}
[5.310104] (-) TimerEvent: {}
[5.410366] (-) TimerEvent: {}
[5.463677] (velodyne_driver) StdoutLine: {'line': b'[ 41%] \x1b[32m\x1b[1mLinking CXX static library libgtest.a\x1b[0m\n'}
[5.510224] (velodyne_pointcloud) StdoutLine: {'line': b'[ 44%] \x1b[32m\x1b[1mLinking CXX static library libgtest.a\x1b[0m\n'}
[5.510472] (-) TimerEvent: {}
[5.535793] (velodyne_driver) StdoutLine: {'line': b'[ 41%] Built target gtest\n'}
[5.537064] (velodyne_driver) StderrLine: {'line': b'gmake: *** [Makefile:146: all] Error 2\n'}
[5.539216] (velodyne_driver) CommandEnded: {'returncode': 2}
[5.543109] (velodyne_driver) JobEnded: {'identifier': 'velodyne_driver', 'rc': 2}
[5.583576] (velodyne_pointcloud) StdoutLine: {'line': b'[ 44%] Built target gtest\n'}
[5.602930] (velodyne_pointcloud) StdoutLine: {'line': b'[ 50%] \x1b[32mBuilding CXX object tests/CMakeFiles/test_row_step.dir/test_row_step.cpp.o\x1b[0m\n'}
[5.610549] (-) TimerEvent: {}
[5.710783] (-) TimerEvent: {}
[5.811038] (-) TimerEvent: {}
[5.911299] (-) TimerEvent: {}
[6.011556] (-) TimerEvent: {}
[6.111821] (-) TimerEvent: {}
[6.212056] (-) TimerEvent: {}
[6.312303] (-) TimerEvent: {}
[6.412548] (-) TimerEvent: {}
[6.512784] (-) TimerEvent: {}
[6.613012] (-) TimerEvent: {}
[6.713241] (-) TimerEvent: {}
[6.813478] (-) TimerEvent: {}
[6.821115] (velodyne_pointcloud) StdoutLine: {'line': b'[ 55%] \x1b[32m\x1b[1mLinking CXX shared library libvelodyne_rawdata.so\x1b[0m\n'}
[6.913584] (-) TimerEvent: {}
[7.000438] (velodyne_pointcloud) StdoutLine: {'line': b'[ 55%] Built target velodyne_rawdata\n'}
[7.013654] (-) TimerEvent: {}
[7.019704] (velodyne_pointcloud) StdoutLine: {'line': b'[ 61%] \x1b[32mBuilding CXX object tests/CMakeFiles/test_calibration.dir/test_calibration.cpp.o\x1b[0m\n'}
[7.113759] (-) TimerEvent: {}
[7.214097] (-) TimerEvent: {}
[7.314355] (-) TimerEvent: {}
[7.414645] (-) TimerEvent: {}
[7.438722] (velodyne_pointcloud) StdoutLine: {'line': b'[ 66%] \x1b[32m\x1b[1mLinking CXX shared library libvelodyne_cloud_types.so\x1b[0m\n'}
[7.514725] (-) TimerEvent: {}
[7.614972] (-) TimerEvent: {}
[7.625127] (velodyne_pointcloud) StdoutLine: {'line': b'[ 66%] Built target velodyne_cloud_types\n'}
[7.644690] (velodyne_pointcloud) StdoutLine: {'line': b'[ 72%] \x1b[32mBuilding CXX object CMakeFiles/transform.dir/src/conversions/transform.cpp.o\x1b[0m\n'}
[7.715068] (-) TimerEvent: {}
[7.815316] (-) TimerEvent: {}
[7.915547] (-) TimerEvent: {}
[7.968372] (velodyne_pointcloud) StdoutLine: {'line': b'[ 77%] \x1b[32m\x1b[1mLinking CXX executable test_calibration\x1b[0m\n'}
[8.015646] (-) TimerEvent: {}
[8.115924] (-) TimerEvent: {}
[8.147001] (velodyne_pointcloud) StdoutLine: {'line': b'[ 77%] Built target test_calibration\n'}
[8.215979] (-) TimerEvent: {}
[8.316221] (-) TimerEvent: {}
[8.416482] (-) TimerEvent: {}
[8.516716] (-) TimerEvent: {}
[8.616951] (-) TimerEvent: {}
[8.717205] (-) TimerEvent: {}
[8.817441] (-) TimerEvent: {}
[8.917677] (-) TimerEvent: {}
[9.017922] (-) TimerEvent: {}
[9.118148] (-) TimerEvent: {}
[9.218385] (-) TimerEvent: {}
[9.318634] (-) TimerEvent: {}
[9.418913] (-) TimerEvent: {}
[9.519184] (-) TimerEvent: {}
[9.619424] (-) TimerEvent: {}
[9.719679] (-) TimerEvent: {}
[9.819904] (-) TimerEvent: {}
[9.920128] (-) TimerEvent: {}
[10.020379] (-) TimerEvent: {}
[10.120602] (-) TimerEvent: {}
[10.220828] (-) TimerEvent: {}
[10.321053] (-) TimerEvent: {}
[10.421289] (-) TimerEvent: {}
[10.480996] (velodyne_pointcloud) StdoutLine: {'line': b'[ 83%] \x1b[32m\x1b[1mLinking CXX executable test_row_step\x1b[0m\n'}
[10.521366] (-) TimerEvent: {}
[10.621576] (-) TimerEvent: {}
[10.721815] (-) TimerEvent: {}
[10.725106] (velodyne_pointcloud) StdoutLine: {'line': b'[ 83%] Built target test_row_step\n'}
[10.821897] (-) TimerEvent: {}
[10.922114] (-) TimerEvent: {}
[11.022344] (-) TimerEvent: {}
[11.122562] (-) TimerEvent: {}
[11.222767] (-) TimerEvent: {}
[11.322995] (-) TimerEvent: {}
[11.423212] (-) TimerEvent: {}
[11.523426] (-) TimerEvent: {}
[11.623646] (-) TimerEvent: {}
[11.723867] (-) TimerEvent: {}
[11.824088] (-) TimerEvent: {}
[11.924311] (-) TimerEvent: {}
[12.024520] (-) TimerEvent: {}
[12.124736] (-) TimerEvent: {}
[12.224945] (-) TimerEvent: {}
[12.325170] (-) TimerEvent: {}
[12.425402] (-) TimerEvent: {}
[12.525620] (-) TimerEvent: {}
[12.625842] (-) TimerEvent: {}
[12.726069] (-) TimerEvent: {}
[12.826320] (-) TimerEvent: {}
[12.926560] (-) TimerEvent: {}
[13.026775] (-) TimerEvent: {}
[13.126994] (-) TimerEvent: {}
[13.227233] (-) TimerEvent: {}
[13.327446] (-) TimerEvent: {}
[13.427661] (-) TimerEvent: {}
[13.527873] (-) TimerEvent: {}
[13.628088] (-) TimerEvent: {}
[13.728307] (-) TimerEvent: {}
[13.828520] (-) TimerEvent: {}
[13.928744] (-) TimerEvent: {}
[14.028960] (-) TimerEvent: {}
[14.129184] (-) TimerEvent: {}
[14.229397] (-) TimerEvent: {}
[14.329617] (-) TimerEvent: {}
[14.429832] (-) TimerEvent: {}
[14.530037] (-) TimerEvent: {}
[14.630238] (-) TimerEvent: {}
[14.730430] (-) TimerEvent: {}
[14.830618] (-) TimerEvent: {}
[14.930817] (-) TimerEvent: {}
[15.031014] (-) TimerEvent: {}
[15.131192] (-) TimerEvent: {}
[15.231387] (-) TimerEvent: {}
[15.331568] (-) TimerEvent: {}
[15.431771] (-) TimerEvent: {}
[15.531979] (-) TimerEvent: {}
[15.632193] (-) TimerEvent: {}
[15.732399] (-) TimerEvent: {}
[15.832625] (-) TimerEvent: {}
[15.932855] (-) TimerEvent: {}
[16.033054] (-) TimerEvent: {}
[16.133293] (-) TimerEvent: {}
[16.233492] (-) TimerEvent: {}
[16.333693] (-) TimerEvent: {}
[16.433912] (-) TimerEvent: {}
[16.534140] (-) TimerEvent: {}
[16.634360] (-) TimerEvent: {}
[16.734558] (-) TimerEvent: {}
[16.834762] (-) TimerEvent: {}
[16.934994] (-) TimerEvent: {}
[17.035191] (-) TimerEvent: {}
[17.135405] (-) TimerEvent: {}
[17.235610] (-) TimerEvent: {}
[17.335807] (-) TimerEvent: {}
[17.436016] (-) TimerEvent: {}
[17.536213] (-) TimerEvent: {}
[17.636411] (-) TimerEvent: {}
[17.736613] (-) TimerEvent: {}
[17.836810] (-) TimerEvent: {}
[17.937005] (-) TimerEvent: {}
[18.037197] (-) TimerEvent: {}
[18.137417] (-) TimerEvent: {}
[18.237636] (-) TimerEvent: {}
[18.251712] (velodyne_pointcloud) StdoutLine: {'line': b'[ 88%] \x1b[32m\x1b[1mLinking CXX shared library libtransform.so\x1b[0m\n'}
[18.337730] (-) TimerEvent: {}
[18.437940] (-) TimerEvent: {}
[18.538164] (-) TimerEvent: {}
[18.638441] (-) TimerEvent: {}
[18.693032] (velodyne_pointcloud) StdoutLine: {'line': b'[ 88%] Built target transform\n'}
[18.713022] (velodyne_pointcloud) StdoutLine: {'line': b'[ 94%] \x1b[32mBuilding CXX object CMakeFiles/velodyne_transform_node.dir/src/conversions/transform_node.cpp.o\x1b[0m\n'}
[18.738509] (-) TimerEvent: {}
[18.838699] (-) TimerEvent: {}
[18.938901] (-) TimerEvent: {}
[19.039107] (-) TimerEvent: {}
[19.139325] (-) TimerEvent: {}
[19.239538] (-) TimerEvent: {}
[19.339745] (-) TimerEvent: {}
[19.439958] (-) TimerEvent: {}
[19.540173] (-) TimerEvent: {}
[19.640382] (-) TimerEvent: {}
[19.740607] (-) TimerEvent: {}
[19.840838] (-) TimerEvent: {}
[19.941058] (-) TimerEvent: {}
[20.041296] (-) TimerEvent: {}
[20.141519] (-) TimerEvent: {}
[20.241762] (-) TimerEvent: {}
[20.341984] (-) TimerEvent: {}
[20.442214] (-) TimerEvent: {}
[20.542457] (-) TimerEvent: {}
[20.642732] (-) TimerEvent: {}
[20.742966] (-) TimerEvent: {}
[20.843200] (-) TimerEvent: {}
[20.943414] (-) TimerEvent: {}
[21.043626] (-) TimerEvent: {}
[21.143845] (-) TimerEvent: {}
[21.244062] (-) TimerEvent: {}
[21.344293] (-) TimerEvent: {}
[21.444521] (-) TimerEvent: {}
[21.544748] (-) TimerEvent: {}
[21.644967] (-) TimerEvent: {}
[21.745198] (-) TimerEvent: {}
[21.845415] (-) TimerEvent: {}
[21.945631] (-) TimerEvent: {}
[22.045845] (-) TimerEvent: {}
[22.146069] (-) TimerEvent: {}
[22.246316] (-) TimerEvent: {}
[22.346549] (-) TimerEvent: {}
[22.446763] (-) TimerEvent: {}
[22.546980] (-) TimerEvent: {}
[22.647202] (-) TimerEvent: {}
[22.747425] (-) TimerEvent: {}
[22.847649] (-) TimerEvent: {}
[22.947866] (-) TimerEvent: {}
[23.036199] (velodyne_pointcloud) StdoutLine: {'line': b'[100%] \x1b[32m\x1b[1mLinking CXX executable velodyne_transform_node\x1b[0m\n'}
[23.047935] (-) TimerEvent: {}
[23.148132] (-) TimerEvent: {}
[23.248366] (-) TimerEvent: {}
[23.276617] (velodyne_pointcloud) StdoutLine: {'line': b'[100%] Built target velodyne_transform_node\n'}
[23.287300] (velodyne_pointcloud) JobEnded: {'identifier': 'velodyne_pointcloud', 'rc': 'SIGINT'}
[23.297769] (velodyne) JobSkipped: {'identifier': 'velodyne'}
[23.297852] (-) EventReactorShutdown: {}
